ஃ ப ் ப ோ ர ் ட ்	F o r t
ஃ ப ் ப ோ ர ் ட ்	F o r t
ஃ ப ் ப ோ ர ் ட ்	F o r t
ஃ ப ் ப ோ ர ் ட ்	F o r t
ஃ ப ் ப ோ ர ் ட ்	F o r t
ஃ ப ் ப ோ ர ் ட ்	F o r t
ஃ ப ் ப ோ ர ் ட ்	F o r t
எ ல க ் ட ் ர ி க ல ் ஸ ்	E l e c
ஃ ப ் ப ோ ர ் ட ்	F o r t
ர ி ஃ ப ை ன ர ி ஸ ்	R e f
ஃ ப ் ப ோ ர ் ட ்	F o r t
ஃ ப ் ப ோ ர ் ட ்	F o r t
ஃ ப ் ப ோ ர ் ட ்	F o r t
ஃ ப ் ப ோ ர ் ட ்	F o r t
ஃ ப ் ப ோ ர ் ட ்	F o r t
ஃ ப ் ப ோ ர ் ட ்	F o r t
ஃ ப ் ப ோ ர ் ட ்	F o r t
ஃ ப ் ப ோ ர ் ட ்	F o r t
ஃ ப ் ப ோ ர ் ட ்	F o r t
ஃ ப ் ப ோ ர ் ட ்	F o r t
ட ச ்	D e u t s c h e
ஃ ப ் ப ோ ர ் ட ்	F o r t
ஃ ப ் ள ெ க ் ஸ ்	F l e x
ஃ ப ் ப ோ ர ் ட ்	F o r t
ஃ ப ் ப ோ ர ் ட ்	F o r t
ஃ ப ் ப ோ ர ் ட ்	F o r t
ஃ ப ் ப ோ ர ் ட ்	F o r t
ஃ ப ் ப ோ ர ் ட ்	F o r t
ஃ ப ் ப ோ ர ் ட ்	F o r t
ஃ ப ் ப ோ ர ் ட ்	F o r t
ஃ ப ் ப ோ ர ் ட ்	F o r t
ஃ ப ் ப ோ ர ் ட ்	F o r t
ஃ ப ் ப ோ ர ் ட ்	F o r t
ஃ ப ் ப ோ ர ் ட ்	F o r t
ஃ ப ் ப ோ ர ் ட ்	F o r t
ஃ ப ் ப ோ ர ் ட ்	F o r t
ஃ ப ் ப ோ ர ் ட ்	F o r t
ஃ ப ் ப ோ ர ் ட ்	F o r t
ஃ ப ் ப ோ ர ் ட ்	F o r t
ஃ ப ் ப ோ ர ் ட ்	F o r t
ஃ ப ் ப ோ ர ் ட ்	F o r t
ஃ ப ் ப ோ ர ் ட ்	F o r t
ஃ ப ் ப ோ ர ் ட ்	F o r t
ஃ ப ் ப ோ ர ் ட ்	F o r t
ஃ ப ் ப ோ ர ் ட ்	F o r t
ஃ ப ் ப ோ ர ் ட ்	F o r t
ஃ ப ் ப ோ ர ் ட ்	F o r t
ஃ ப ் ப ோ ர ் ட ்	F o r t
ஃ ப ் ப ோ ர ் ட ்	F o r t
ஃ ப ் ப ோ ர ் ட ்	F o r t
ஃ ப ் ப ோ ர ் ட ்	F o r t
ஃ ப ் ப ோ ர ் ட ்	F o r t
ஃ ப ் ப ோ ர ் ட ்	F o r t
ஃ ப ் ப ோ ர ் ட ்	F o r t
ஃ ப ் ப ோ ர ் ட ்	F o r t
ஃ ப ் ப ோ ர ் ட ்	F o r t
ஃ ப ் ப ோ ர ் ட ்	F o r t
ஃ ப ் ப ோ ர ் ட ்	F o r t
ஃ ப ் ப ோ ர ் ட ்	F o r t
ஃ ப ் ப ோ ர ் ட ்	F o r t
ஃ ப ் ப ோ ர ் ட ்	F o r t
ஃ ப ் ப ோ ர ் ட ்	F o r t
ஃ ப ் ப ோ ர ் ட ்	F o r t
ஃ ப ் ப ோ ர ் ட ்	F o r t
ஃ ப ் ப ோ ர ் ட ்	F o r t
ஃ ப ் ப ோ ர ் ட ்	F o r t
ஃ ப ் ப ோ ர ் ட ்	F o r t
ஃ ப ் ப ோ ர ் ட ்	F o r t
ஃ ப ் ப ோ ர ் ட ்	F o r t
ஃ ப ் ப ோ ர ் ட ்	F o r t
ஃ ப ் ப ோ ர ் ட ்	F o r t
ஃ ப ் ப ோ ர ் ட ்	F o r t
ஃ ப ் ப ோ ர ் ட ்	F o r t
ஃ ப ் ப ோ ர ் ட ்	F o r t
ஃ ப ் ப ோ ர ் ட ்	F o r t
ஃ ப ் ப ோ ர ் ட ்	F o r t
ஃ ப ் ப ோ ர ் ட ்	F o r t
ஃ ப ் ப ோ ர ் ட ்	F o r t
ஃ ப ் ப ோ ர ் ட ்	F o r t
ஃ ப ் ப ோ ர ் ட ்	F o r t
ஃ ப ் ப ோ ர ் ட ்	F o r t
ஃ ப ் ப ோ ர ் ட ்	F o r t
ஃ ப ் ப ோ ர ் ட ்	F o r t
ஃ ப ் ப ோ ர ் ட ்	F o r t
ஃ ப ் ப ோ ர ் ட ்	F o r t
ஃ ப ் ப ோ ர ் ட ்	F o r t
ஃ ப ் ப ோ ர ் ட ்	F o r t
ஃ ப ் ப ோ ர ் ட ்	F o r t
ஃ ப ் ப ோ ர ் ட ்	F o r t
ஃ ப ் ப ோ ர ் ட ்	F o r t
ஃ ப ் ப ோ ர ் ட ்	F o r t
ஃ ப ் ப ோ ர ் ட ்	F o r t
ஃ ப ் ப ோ ர ் ட ்	F o r t
ஃ ப ் ப ோ ர ் ட ்	F o r t
ஃ ப ் ப ோ ர ் ட ்	F o r t
ஃ ப ் ப ோ ர ் ட ்	F o r t
ஃ ப ் ப ோ ர ் ட ்	F o r t
ஃ ப ் ப ோ ர ் ட ்	F o r t
ஃ ப ் ப ோ ர ் ட ்	F o r t
ஃ ப ் ப ோ ர ் ட ்	F o r t
ஃ ப ் ப ோ ர ் ட ்	F o r t
ஃ ப ் ப ோ ர ் ட ்	F o r t
ஃ ப ் ப ோ ர ் ட ்	F o r t
ஃ ப ் ப ோ ர ் ட ்	F o r t
ஃ ப ் ப ோ ர ் ட ்	F o r t
ஃ ப ் ப ோ ர ் ட ்	F o r t
ஃ ப ் ப ோ ர ் ட ்	F o r t
ஃ ப ் ப ோ ர ் ட ்	F o r t
ஃ ப ் ப ோ ர ் ட ்	F o r t
ஃ ப ் ப ோ ர ் ட ்	F o r t
ஃ ப ் ப ோ ர ் ட ்	F o r t
ஃ ப ் ப ோ ர ் ட ்	F o r t
ஃ ப ் ப ோ ர ் ட ்	F o r t
ஃ ப ் ப ோ ர ் ட ்	F o r t
ஃ ப ் ப ோ ர ் ட ்	F o r t
ஃ ப ் ப ோ ர ் ட ்	F o r t
ஃ ப ் ப ோ ர ் ட ்	F o r t
ஃ ப ் ப ோ ர ் ட ்	F o r t
ஃ ப ் ப ோ ர ் ட ்	F o r t
ஃ ப ் ப ோ ர ் ட ்	F o r t
ஃ ப ் ப ோ ர ் ட ்	F o r t
ஃ ப ் ப ோ ர ் ட ்	F o r t
ஃ ப ் ப ோ ர ் ட ்	F o r t
ஃ ப ் ப ோ ர ் ட ்	F o r t
ஃ ப ் ப ோ ர ் ட ்	F o r t
ஃ ப ் ப ோ ர ் ட ்	F o r t
ஃ ப ் ப ோ ர ் ட ்	F o r t
ஃ ப ் ப ோ ர ் ட ்	F o r t
ஃ ப ் ப ோ ர ் ட ்	F o r t
ஃ ப ் ப ோ ர ் ட ்	F o r t
ஃ ப ா க ் ஸ ்	F o x
ஃ ப ் ப ி ர ா ம ்	F r a m
ட ே ம ்	R e s e r v o i r
ஃ ப ் ப ோ ர ் ட ்	F o r t
த	T h e
எ ன ் ஆ ர ் இ	N r e
எ ஃ ப ் .	F .
க ர	K h a r a
ஃ ப ் ப ோ ர ் ட ்	F o r t
ஃ ப ் ப ோ ர ் ட ்	F o r t
ஃ ப ் ப ோ ர ் ட ்	F o r t
ஃ ப ் ப ோ ர ் ட ்	F o r t
ஃ ப ் ப ோ ர ் ட ்	F o r t
ம ஹ ி ந ் த ் ர ா	M a h
எ ச ்	H
ஃ ப ் ப ெ ய ் ல ்	F a i l
த	T h e
த	T h e
க ண ் ஸ ் ட ் ர க ் ‌ ஷ ன ்	C o n s t
த	T h e
ஃ ப ் ப ோ ர ் ட ்	F o r t
ஃ ப ் ப ோ ர ் ட ்	F o r t
ஃ ப ் ப ோ ர ் ட ்	F o r t
ஃ ப ் ப ோ ர ் ட ்	F o r t
ஹ	H i g h
ஃ ப ் ப ா ர ் ம ்	F a r m
ஃ ப ் ப ோ ர ் ட ்	F o r t
ஃ ப ் ப ோ ர ் ட ்	F o r t
த	T h e
அ ன ்	N
ஃ ப ் ப ோ ர ் ட ் ஸ ்	F o r t s
இ ந ் த ி ய ன ்	I n d
ப ே ங ் க ்	B k
ஃ ப ் ப ோ ர ் ட ்	F o r t
ஃ ப ் ப ோ ர ் ட ் ஸ ்	F o r t s
த	T h e
த	T h e
த	T h e
த	T h e
க ே ல ர ி	M u s e u m
த	T h e
த	T h e
த	T h e
த	T h e
த	T h e
த	T h e
த	T h e
ஃ ப ் ப ோ ர ் ட ் ஸ ்	F o r t s
த	T h e
த	T h e
த	T h e
த	T h e
ட ி ர ை ப ோ ர ெ ள	T r i b o r o u g h
ஃ ப ் ப ோ ர ் ட ்	F o r t
த	T h e
த	T h e
த	T h e
த	T h e
ஊ ஃ ப ் ப ி	W h o o p i
ஃ ப ் ப ோ ர ் ட ்	F o r t
ஃ ப ் ப ோ ர ் ட ்	F o r t
