அ ப ் ச ர ோ க ோ	A b s a r o k a
அ ச ல ் க ஞ ் ச ்	A c h a l g a n j
க ு வ ா ய ி	Q a w i
ஆ ன ் ஜ ி ய ோ	A n g i o t e c h
ப ெ ள ஸ ோ ய ி ல ்	B o u s s o u i l
ஆ ன ் ட ன ி ய ோ ட ்	A n t o i n e t t e
ஒ ள ர ை ய ா	A u r a i y a
ஒ ள ர ங ் க ா ப ா த ்	A u r a n g a b a d
அ ஸ ீ ம ் க ஞ ் ச ்	A z i m g a n j
ப ை ல ா த ் ப ூ ர ்	B a i t a l p u r
அ ப ் ர ு ஆ	B a r u a
எ ல க ் ட ் ர ி க ல ் ஸ ்	E l e c
ப ொ க ோ த ோ	B o g o t a
ர ி ஃ ப ை ன ர ி ஸ ்	R e f
ப ூ ம ் ப ் ஸ ் - ஆ - ட ெ ய ் ஸ ி	B o o m p s - a - d a i s y
ப ெ ள ட ி ய ூ	B o u r d i e u
ப ொ ச ௌ க ் க ி	B o u z o u k i
ப ெ ள ட ெ ன ்	B o w d e n
ல க ் ஹ ஸ ் ட ்	L u c k h u r s t
ஆ ர ஞ ் ச ்	O r a n g e
ச க ் ர வ ு ய ு க ்	C h a k r a v y u h
ச ி ட ோ க ் க ி	C h i k o d i
ச ி ஹ ம ்	C i c e r o
ச ி ஸ ் ஸ ி	C i c i l y
க ொ ல ன ே ல ் க ஞ ் ச ்	C o l o n e l g a n j
க ் ற ை ஸ ் ட ்	C h r i s t
க ா ட ் ட ன ் - ஐ ட ் - ஜ ோ	C o t t o n - e y e d - j o e
க ி ர ெ ட ி ட ்	C r é d i t
ச ெ க ் க ோ ஸ ் ல ே வ ே க ் க ி ய ா	C z e c h o s l o v a k i a
த ா ல ி க ஞ ் ச ்	D a l i g a n j
த ய ா ர ் - ஏ - ஹ ப ி ப ்	D a y a r - e - h a b i b
க ி ஷ ன ் க ஞ ் ச ்	K i s h a n g a n j
த ே வ ன ் க ஞ ் ச ்	D e w a n g a n j
த ீ ர ் க ஞ ் ச ்	D h i r g a n j
இ ' ஜ ா ஸ ்	E ' j a a z
எ ' ட ி ம ா த ்	E ' t e m a a d
எ ' ட ி ம ா த ்	E ' t e m a d
இ எ ட ் ஸ ்	E a d s
எ ஃ க ்	E g g
எ ல ் - ஆ வ ் ர ா	E l - a w r a
ஃ ப ோ ர ் ப ெ ஸ ் க ஞ ் ச ்	F o r b e s g a n j
க ண ே ஷ ் க ஞ ் ச ்	G a n e s h g a n j
க ங ் க ா க ஞ ் ச ்	G a n g a g a n j
ந வ ் ஷ ர ்	N o u s h e r
க ோ ப ா ல ் க ஞ ் ச ்	G o p a l g a n j
ட ீ ப ா ர ் க ் ம ே	D é p a r g m e
க ு ல ் - இ - ர ா ன ா	G u l - e - r a n a
ச ா ஹ ி ப ்	S a n g a t
ஹ ூ ர ் - ஏ - அ ர ப ்	H o o r - e - a r a b
ஜ ா ன ் - ஏ - ப ஹ ா ர ்	J a a n - e - b a h a a r
ட ் ர ொ வ ோ ல ் ட ா	T r a v o l t a
i i i .	I i i .
க ை ஃ ப ர ்	K i e f e r
v i i	V i i
ம ா ர ் த ் - இ - ம ை த ா ன ்	M a r d - e - m a i d a n
ப ி ய ோ ர ே	B u r e a u
ம ா த ் ய ூ	M i c h a e l
ப ெ ள ன ்	B o u n
ந ௌ த ா வ ு	N a o t a u
ட ி ' அ ஸ ூ ர ்	D ' a z u r
ஹ ோ ய ே	B o j e
ந ி ஷ ா ன ் - இ - ஜ ங ்	N i s h a n - e - j u n g
ந ூ ர ் - இ - இ ஸ ் ல ா ம ்	N o o r - e - i s l a a m
உ ன ே க ா	O n e g a
ஆ ர ஞ ் ச ்	O r a n g e
ல ூ த ி ய ா ன ா	L i t h u a n i a
க ் ற ை ஸ ் ட ்	C h r i s t
ல ூ த ி ய ா ன ா	L i t h u a n i a
ஆ ர ஞ ் ச ்	O r a n g e
ஒ ய ி ட ்	W h i t e
ஸ ு வ ோ க ோ வ ்	Z h o u k o v
ட ் ர ோ ட ி ய ே	T r u d e a u
உ ப ே ர ா த ்	U e b e r r o t h
ஃ ப ோ ப ே	P h o e b e
ஃ ப ் ப ூ ள ்	P h o o l
ஃ ப ் ப ூ ள ்	P h o o l
ஃ ப ் ப ூ ள ்	P h o o l
ஃ ப ் ப ூ ள ோ ன ்	P h o o l o n
ஃ ப ் ப ூ ள ்	P h o o l
i i	I i
ஹ	H i g h
ப ூ ர ா ர ி ன ்	P u j a r i n
ப ஜ ் ச ா ப ி	P u n j a b i
ர ு ஸ ் த ம ் - இ - ப ா க ் த ா த ்	R u s t o m - e - b a g h d a d
ஜ ா ர ் ஜ ் ஸ ்	G e o r g e ' s
ஜ ோ ச ப ் ஸ ்	J o s e p h ' s
ஜ ோ ஸ ப ் ஸ ்	J o s e p h ' s
ஓ ' க ா ன ர ்	O ' c o n n o r
ச ை ன ் ஸ ்	S c i e
ந ஷ ா க ்	N a q q a s h
1 0 1	1 0 1
ஆ ஸ ் ட ் ர ே ல ி ய ன ் / வ ோ க ல ்	A u s t r a l i a n / v o g e l
க ே ல ர ி	M u s e u m
ஃ ப ா ஸ ் ப ர ஸ ்	P h o s p h o r o u s
வ ெ ர ி ஜ ீ ன ி ய ா	V i r g i n i a
ஒ ய ி ட ்	W h i t e
ஒ ய ி ட ் ஃ ப ி ஷ ்	W h i t e f i s h
ஊ ஃ ப ் ப ி	W h o o p i
ச ெ ர ா க ் ஸ ்	X e r o x
ஸ ா ம ் ப ி ய ா	Y u g o s l a v i a
ஸ ை ன ் ட ி ர ெ ச ் ட ்	Z w y n d r e c h t
