ஒ ள ர ை ய ா ◊ க ன வ ் ஜ ்	A u r a i y a ◊ K a n n a u j
ஒ ள ர ங ் க ா ப ா த ்	A u r a n g a b a d
க ா ப ோ ◊ ஆ ர ஞ ் ச ்	C a b o ◊ O r a n g e
ச ி ஹ ம ்	C i c e r o
க ா ட ் ட ன ் - ஐ ட ் - ஜ ோ	C o t t o n - e y e d - j o e
ட ை ◊ இ ச ் ச ி ◊ ம ி ய ூ ச ் ச ு வ ல ் ◊ இ ன ் ஷ ூ ர ன ் ஸ ்	D a i ◊ I c h i ◊ M u t u a l ◊ L i f e ◊ I n s u r a n c e
இ ' ஜ ா ஸ ்	E ' j a a z
எ ' ட ி ம ா த ்	E ' t e m a a d
எ ' ட ி ம ா த ்	E ' t e m a d
எ ஃ க ் ◊ ப க ் ல ா ண ் ட ் ◊ க ீ ப ்	E g g ◊ B u c k l a n d ◊ K e e p
க ை ஸ ர ் ◊ ஃ ப ி ர ை ட ் ர ி ச ் ◊ i i i .	K a i s e r ◊ F r i e d r i c h ◊ I i i .
க ோ ன ் ? ◊ க ெ ய ் ச ே ?	K a u n ? ◊ K a i s e y ?
க ி ங ் ◊ எ ட ் வ ர ் ட ் ◊ v i i	K i n g ◊ E d w a r d ◊ V i i
ம ே ர ே ஜ ் ◊ ப ி ய ோ ர ே	M a r r i a g e ◊ B u r e a u
ஃ ப ை ச ா ல ் ◊ இ க ் ப ா ல ்	M a s o o d ◊ I q b a l
ந ை ஸ ் ◊ க ோ ட ் ◊ ட ி ' அ ஸ ூ ர ்	N i c e ◊ C o t e ◊ D ' a z u r
ப ோ ப ் ◊ ஜ ா ன ் ◊ ப ா ல ் ◊ i i	P o p e ◊ J o h n ◊ P a u l ◊ I i
ச ா ண ் ட ் ர ா ◊ ட ே ◊ ஓ ' க ா ன ர ்	S a n d r a ◊ D a y ◊ O ' c o n n o r
ட ா ஹ ி ர ் ◊ ந ஷ ா க ்	T a h i r ◊ N a q q a s h
த ை ப ே ◊ 1 0 1	T a i p e i ◊ 1 0 1
த க த ் ◊ ஸ ் ர ீ ◊ க ே ஸ ் க ர ் ◊ ச ா ஹ ி ப ் , ◊ ஆ ன ந ் த ் ப ூ ர ் ◊ ச ா ஹ ி ப ் ◊ ( ப ஞ ் ச ா ப ் )	T a k h a t ◊ S h r i ◊ K e s g a r h ◊ S a h i b , ◊ A n a n d p u r ◊ S a h i b ◊ ( p u n j a b )
த ி ◊ ஆ ஸ ் ட ் ர ே ல ி ய ன ் / வ ோ க ல ் ◊ ல ி ட ் ர ர ி ◊ அ வ ா ர ் ட ்	T h e ◊ A u s t r a l i a n / v o g e l ◊ L i t e r a r y ◊ A w a r d
ஊ ஃ ப ் ப ி ◊ க ோ ல ் ட ் ப ர ் க ்	W h o o p i ◊ G o l d b e r g
ஸ ா ம ் ப ி ய ா	Y u g o s l a v i a
