ஆ ப ி ஷ ்	A a b i s h
ஆ த ி ஷ ் வ ர ்	A a d i s h v a r
ஆ த ி த ் வ ர ் த ன ்	A a d i t y v a r d h a n
ஆ க ் ர ோ ஷ ்	A a k r o s h
ப ர ி ச ் ச ா ய ி ன ்	P a r c h h a i y a n
ஃ ப ி ர ்	P h i r
அ ய ் ஷ ா	A a y u s h
ம ு வ ே த ்	M u a i d
ம ு ய ூ த ்	M u e e d
ர ச ா க ்	R a z z a q
அ ப ி ங ் ட ன ்	A b i n g t o n
அ ப ் ச ர ோ க ோ	A b s a r o k a
க ி ற ி ஸ ் ட ி ய ன ்	C h r i s t i a n
அ ச ல ் க ஞ ் ச ்	A c h a l g a n j
க ு வ ா ய ி	Q a w i
அ த ி ஷ ் வ ர ்	A d i s h v a r
அ க ் ர ி க ் க ல ் ச ூ ர ல ்	A g r i c u l t u r a l
ஃ ப ு ட ் ஸ ்	F o o d s
ஏ க ் ஸ ் ட ி ர ா ன ்	A i x t r o n
ஏ க ் த ி ன ் க ெ ஸ ெ ல ் ஷ ா ப ் ட ்	A k t i e n g e s e l l s c h a f t
அ க ி ல ே ஷ ்	A k h i l e s h
த ா ம ் ச ன ்	T h o m s o n
அ ல ர ி ஸ ்	A l a r i c e
ஆ ல ் ப ர ் ட ் ச ன ் ஸ ்	A l b e r t s o n s
ட ெ ன ் ன ி ச ன ்	T e n n i s o n
அ ல ீ ஸ ்	A l i c e
அ ல ீ ச ன ்	A l i s o n
ஆ ழ ி ய ா ர ்	A l i y a r
ர ி ச ர ் வ ா ய ர ்	R e s e r v o i r
அ ல ி ச ன ்	A l l y s o n
அ ல ் ப ே ஷ ்	A l p e s h
ஆ ல ் ஃ ப ா	A l p h a
ச ெ க ண ் ட ர ி	S e c o n d a r y
அ ம ா ர ீ ஷ ்	A m a r e e s h
அ ம ர ி ஷ ்	A m a r e s h
ப ி ல ் ட ி ங ்	B u i l d i n g
அ ன ா ட ொ ல ு ஹ ி ச ா ர ்	A n a d o l u h i s a r
ஃ ப ் ள வ ர ்	F l o w e r
ல ா ய ் ட ்	L l o y d
அ ன ெ ம ெ ன ்	A n e m o n e
ஆ ன ் ஜ ி ய ோ	A n g i o t e c h
ப ா ர ் ம ா ச ெ ட ் ட ி க ் க ல ் ஸ ்	P h a r m a c e u t i c a l s
ஆ ங ் க ி ள ோ - ஃ ப ் ப ி ர ெ ஞ ் ச ு	A n g l o - f r e n c h
ஆ ங ் க ி ள ோ - ஸ ் ப ா ன ி ஷ ்	A n g l o - s p a n i s h
அ ன ி ம ி ஷ ்	A n i m i s h
அ ன ீ ஷ ்	A n i s h
அ ங ் க ு ஷ ்	A n k u s h
அ ன ் க ு ஷ ்	A n k u s h
அ ன ை ஸ ்	A n n i c e
ம ொ ஹ ப த ்	M o h a b b a t
ப ெ ள ஸ ோ ய ி ல ்	B o u s s o u i l
அ ன வ ் ஷ ்	A n o u s h
ஆ ன ் ட ன ி ய ோ ட ்	A n t o i n e t t e
ஓ ஜ ் ல ா	A o j l a
அ ப ர ் ன ே ஷ ்	A p a r n e s h
த ே ஷ ்	D e s h
த ு ஷ ் ம ன ்	D u s h m a n
க ோ ஷ ்	G h o s h
அ ஷ ீ ஷ ்	A s h i s h
ஆ ஷ ி ஷ ்	A s h i s h
அ ஷ ் வ ா ன ்	A s h i v a n
அ ஷ ் ப ு த ் ர ே	A s h t p u t r e
க ோ ஷ ்	G h o s h
ஆ ஷ ் வ	A s h w a
அ ஸ ் ல ே ஷ ்	A s l e s h
ஆ த ி ஷ ்	A t i s h
ஓ ஷ ன ்	O c e a n
ப ஸ ி ஃ ப ி க ்	P a c i f i c
அ க ஸ ் ட ஸ ்	A u g u s t u s
த ு ஷ ் ம ன ்	D u s h m a n
ஒ ள ர ை ய ா	A u r a i y a
ஒ ள ர ங ் க ா ப ா த ்	A u r a n g a b a d
ஆ ஸ ் ட ி ர ோ - ட ர ் க ் க ி ஷ ்	A u s t r o - t u r k i s h
ஆ ய ி ட ் ட ு க ்	A u y u i t t u q
அ வ த ே ஷ ்	A v a d h e s h
அ வ ன ீ ஷ ்	A v a n e e s h
ந ம ் ப ர ்	N u m b e r
ஆ க ் ஸ ன ்	A x c a n
க ொ ம ெ ய ் ன ி	K h o m e i n i
ஆ ய ு ஷ ்	A y u s h
த ே ஷ ்	D e s h
அ ஸ ீ ம ் க ஞ ் ச ்	A z i m g a n j
ப ா த ல ்	B a d e l
ப ட ா	B a d i
ந ர ே ஷ ்	N a r e s h
ப ை ஜ ெ ய ந ் த ி	B a i j a y a n t h i
ப ை ல ா த ் ப ூ ர ்	B a i t a l p u r
ட ூ	D o
ட ெ ர ் ம ி ன ஸ ்	T e r m i n u s
ப ெ ங ் க ள ூ ர ்	B a n g a l o r e
ப ெ ங ் க ள ூ ர ்	B a n g a l o r e
ட வ ர ்	T o w e r
அ ப ் ர ு ஆ	B a r u a
ப ா ய ர ்	B a y e r
க ி ற ி ஸ ் ட ி ய ன ்	C h r i s t i a n
ப ீ ர ா ச ி ங ்	B e e r a s i n h
ப ெ ய ் ஜ ி ங ்	B e i j i n g
க ி ற ி ஸ ் ட ி ய ன ்	C h r i s t i a n
ப ெ ன ் ன ி ங ் ட ன ்	B e n n i n g t o n
அ ப ோ ஸ ் த ொ ல ி க ்	A p o s t o l i c
ப த ் ர ீ ஷ ்	B h a d r e s h
எ ல க ் ட ் ர ி க ல ் ஸ ்	E l e c
ஹ ர ி ஷ ் ச ந ் த ி ர ா	H a r i s h c h n d r a
ஏ ர ்	A i r
ர ி ச ர ் வ ா ய ர ்	R e s e r v o i r
ட ெ ர ் ம ி ன ஸ ்	T e r m i n u s
ப வ ர ்	P o w e r
ப ூ த ே ஷ ்	B h u t e s h
ர ே ச ி ங ்	R a c i n g
ப ி ங ்	B i n g
ப ய ோ க ெ ம ி ஸ ் ட ி ர ி	B i o c h e m i s t r y
ப ய ோ க ா ன ்	B i o c o n
ப ி ஷ ் ண ு ப ூ ர ்	B i s h n u p u r
ப ி ஷ ் ர ்	B i s h r
ஸ ி ம ் ப ் ச ன ்	S i m p s o n
க ம ் ய ு ன ி ட ் ட ி	C o m m u n i t y
ப ி ல ் ட ி ங ்	B u l i d i n g
ப ொ க ோ த ோ	B o g o t a
ப ொ ல ா ர ம ்	B o l a r u m
ட ை ய ி ங ்	D y e i n g
ட வ ு ன ்	T o w n
ப ொ ம ் ம ி ட ி	B o m m i d i
ப ொ ங ் க ை க ா ன ்	B o n g a i g a o n
ர ி ஃ ப ை ன ர ி ஸ ்	R e f
ப ் ள ே ர ்	B l a i r
ப ூ ம ் ப ் ஸ ் - ஆ - ட ெ ய ் ஸ ி	B o o m p s - a - d a i s y
ப ா ல ி ஷ ்	P o l i s h
எ ல ் ச ி ன ்	Y e l t s i n
ப ோ ஸ ் ப ோ ர ஸ ்	B o s p o r u s
ப ெ ள ட ி ய ூ	B o u r d i e u
ப ோ ய ் க ா ஸ ்	B o u y g u e s
ப ொ ச ௌ க ் க ி	B o u z o u k i
ப ெ ள ட ெ ன ்	B o w d e n
ப ் ர ம ் ம ா	B r a h m a
ப ் ர ம ் ம ப ் ர த ா	B r a h m a b r a t a
ப ் ர ம ் ம த த ்	B r a h m a d u t t
ப ி ர ம ் ம ன ் ய	B r a h m a n y a
க ி ற ி ஸ ் ட ி ய ன ்	C h r i s t i a n
ல க ் ஹ ஸ ் ட ்	L u c k h u r s t
ஸ ் க ூ ல ் ஹ வ ு ஸ ்	S c h o o l h o u s e
க ி ற ி ஸ ் ட ி ய ன ்	C h r i s t i a n
ப ் ர ி ஜ ே ஷ ்	B r i j e s h
ப ி ர ி ஜ ே ஷ ்	B r i j e s h
ப ி ர ி ஸ ் ப ன ்	B r i s b o n
ப ் ர ி ட ் ட ி ஷ ்	B r i t i s h
ப ் ர ி ட ் ட ி ஷ ்	B r i t i s h
ப ் ர ி ட ் ட ி ஷ ்	B r i t i s h
ப ் ர ி ட ் ட ி ஷ ்	B r i t i s h
ப ு ர ூ க ி ங ் ஸ ்	B r o o k i n g s
ப ு ர வ ு ன ்	B r o w n
ப ு ர ூ ஸ ்	B r u c e
ஃ ப ி ர ெ ஞ ் ச ு	F r e n c h
ப ் ர ூ ஸ ்	B r u c e
ப ் ர ூ ஸ ்	B r u c e
ஸ ் ப ் ர ி ங ் ஸ ் ட ீ ன ்	S p r i n g s t e e n
ப ் ர ூ ஸ ்	B r u c e
ப ு ர ூ ஸ ்	B r u c e
ர ை ட ி ங ்	R i d i n g
ப ர ் ல ி ங ் ட ன ்	B u r l i n g t o n
ஆ ர ஞ ் ச ்	O r a n g e
க ே ட ் ப ர ி ஸ ்	C a d b u r y ' s
க ே ல ி க ட ்	C a l i c u t
க ா ம ் ப ர ் ட வ ு ன ்	C a m p e r d o w n
ப ொ ய ட ் ஸ ்	P o e t s
க ே ன ் ட ா ஸ ்	C a n d a c e
க ே ன ் ட ி ஸ ்	C a n d i c e
க ன ் ன ன ூ ர ்	C a n n a n o r e
ட வ ு ன ்	T o w n
ட வ ு ன ்	T o w n
ட வ ர ்	T o w e r
ச ை ம ன ்	S i m o n
க ா ஸ ் ப ர ்	C a s p e r
க ம ் ய ு ன ி ட ் ட ி	C o m m u n i t y
ய ூ ர ோ ப ் ப ி ய ன ்	E u r o p e a n
ச க ் ர வ ு ய ு க ்	C h a k r a v y u h
ச ம ் ப ா ர ம ்	C h a m p a r a n
ச ந ் த ர ்	C h a n d e r
ச ந ் த ி ர க ா	C h a n d r i k a
ச ே ஞ ் ச ஸ ்	C h a n g e z
ச ா ங ் க ி ங ்	C h a n g q i n g
வ ே ர ் ல ் ட ்	W o r l d
த ர ் வ ே ஷ ்	D a r v e s h
க ொ வ ெ ண ் ட ் ர ி	C o v e n t r y
ச ெ ம ி க ன ் ட க ் ட ர ்	S e m i c o n d u c t o r
ம ா ன ி ய ூ ப ா க ் ச ர ி ங ்	M a n u f a c t u r i n g
ச ெ ங ்	C h e n g
ம ு ல ா க த ்	M u l a q a t
ச ி ட ோ க ் க ி	C h i k o d i
ம ொ ப ை ல ்	M o b i l e
ச ி ன ் ஜ ் ல ி	C h i n c h l i
ச ி த ்	C h i t t
க ி ள ோ ர ி ஸ ்	C h l o r i s
ச ௌ க ி த ா ர ்	C h o w k i d a a r
க ி ற ி ஸ ் ட ்	C h r i s t
க ி ங ்	K i n g
க ி ற ி ஸ ் ட ்	C h r i s t
க ி ற ி ஸ ் ட ி ய ன ்	C h r i s t i a n
ஆ ஓ	O f
ச ி ஹ ம ்	C i c e r o
ச ி ஸ ் ஸ ி	C i c i l y
ச ி ர ொ	C i r o
க ி ள ா ர ி ஸ ்	C l a r i c e
க ி ள ி ம ெ ன ் ச ி ய ா	C l e m e n c e a u
க ி ள ெ ம ெ ன ் ச ி ய ா	C l e m e n c e a u
ர ை ஸ ்	R i c e
ட ெ ர ் ம ி ன ஸ ்	T e r m i n u s
ஃ ப ு ட ் ப ா ல ்	F o o t b a l l
க ோ ல ி ங ் வ ு ட ்	C o l l i n g w o o d
க ொ ழ ு ம ் ப ு	C o l o m b o
க ொ ல ன ே ல ் க ஞ ் ச ்	C o l o n e l g a n j
க ொ ல ம ் ப ஸ ்	C o l u m b u s
க ொ ல ு ஸ ா	C o l u s a
ச ெ ன ் ட ் ர ல ்	Z e n t r a l e
க ் ற ை ஸ ் ட ்	C h r i s t
ப ி ல ் ட ி ங ்	B u i l d i n g
ர ை ஸ ்	R i c e
க ோ ப ன ் ஹ ே க ன ்	C o p e n h a g e n
க ா ர ் ன ி ஷ ்	C o r n i s h
க ா ர ஸ ்	C o r u s
க ி ற ி ஸ ் ட ி ய ன ்	C h r i s t i a n
க ா ட ் ட ன ் - ஐ ட ் - ஜ ோ	C o t t o n - e y e d - j o e
ப ் ர வ ு ன ்	B r o w n e
க ம ் ம ி ங ்	C u m m i n g
க ி ற ி ஸ ் ட ி ய ன ்	C h r i s t i a n
க ் ர வ ு ன ் ஹ ி ல ்	C r o w n h i l l
க ி ர ெ ட ி ட ்	C r é d i t
க ூ ட ல ூ ர ்	C u d d a l o r e
க ூ ட ல ூ ர ்	C u d d a l o r e
க ர ் ல ி ங ்	C u r l i n g
ச ை ப ் ர ஸ ்	C y p r u s
ச ெ க ் க ோ ஸ ் ல ே வ ே க ் க ி ய ா	C z e c h o s l o v a k i a
த ா ன ி ஷ ்	D a a n i s h
த ா ல ி க ஞ ் ச ்	D a l i g a n j
ஃ ப ி ள ெ ம ் ம ி ங ்	F l e m i n g
ட ே ம ன ்	D a m o n
க ு வ ா ல ே	Q u a y l e
ல ூ ய ி ஸ ்	L e w i s
த ா ன ி ஷ ்	D a n i s h
ப ி ச ி ன ஸ ்	B u s i n e s s
ம ோ ர ி ஸ ன ்	M o r r i s o n
ட ா ன ் ஸ ன ்	D a n z o n
த ர க ் ஷ ன ்	D a r a k h s h a a n
ட ா ஃ ப ் ப ே	T u f f e y
ட ச வ ு ல ் ட ்	D a s s a u l t
ர ி ச ் ச ர ் ட ் ச ன ்	R i c h a r d s o n
க ல ் ச ் ச ு ர ல ்	C u l t u r a l
த ய ா ர ் - ஏ - ஹ ப ி ப ்	D a y a r - e - h a b i b
ப ு ர ோ வ ி ஷ ி ய ன ்	P r o v i n c i e n
ட ெ ப ா ஷ ி ஷ ்	D e b a s h i s h
ம ொ ஹ ா ன ் ட ி	M o h a n t y
ட ெ ஜ ் ல ோ	D e h l o
க ி ஷ ன ் க ஞ ் ச ்	K i s h a n g a n j
ச ஃ ப ் த ா ர ் க ஞ ் ச ்	S a f d a r j u n g
ஃ ப ர ் ஸ ் ட ்	F i r s t
த ி ன ே ஷ ்	D e n e s h
த ீ ப ி ந ் த ர ்	D e p i n d e r
ட ெ ர க ் ஸ ்	D e r e x
த ே ஷ ்	D e s h
த ே ஷ ்	D e s h
த ே வ ஷ ீ ஷ ்	D e v a s h e e s h
த ே வ ே ந ் த ர ்	D e v e n _ d r
த ே வ ி ந ் த ர ்	D e v i n d e r
த ே வ ன ் க ஞ ் ச ்	D e w a n g a n j
த ீ ர ் க ஞ ் ச ்	D h i r g a n j
த ு வ ன ்	D h u a n
த ு ம ் ர ு	D h u m r
த ் ய ா ன ே ஷ ்	D h y a n e s h
ட ி ட ் ஜ ெ ர ் ட ி ய ூ	D i d j e r i d u
ம ொ ஹ ா ப த ்	M o h a b b a t
ப ி ல ்	D i l
த ி ண ் ட ு க ் க ல ்	D i n d i g u l
த ி ன ே ஷ ்	D i n e s h
ட ய ோ ன ி ச ி ய ஸ ்	D i o n y s i u s
ர ே ச ி ங ்	R a c i n g
ர ே ச ி ங ்	R a c i n g
ச ெ ய ் ல ி ங ்	S a i l i n g
ப ா ப ் ல ா ர ்	D o b b e l a a r
ட ா ல ் ஃ ப ி ன ்	D o l p h i n
ட ொ ம ி ன ி ய ன ்	D o m i n i o n
ட ொ ன ா ல ் ட ்	D o n a l d
ட ொ ன ா ல ் ட ்	D o n a l d
ட ொ ன ா ல ் ட ்	D o n a l d
ட ் ர ம ் ப ்	T r u m p
த ே ஷ ்	D e s h
ட ொ ர ோ த ் த ி	D o r o t h y
ட ொ ர ோ த ் த ி	D o r o t h y
ச ி ல ் ட ் ர ன ் ஸ ்	C h i l d r e n ' s
ட வ ு க ்	D o u g
ட க ் ள ஸ ்	D o u g l a s
ட க ் ள ஸ ்	D o u g l a s
ட ோ ய ல ்	D o y e l
ட ி ர ீ ம ்	D r e a m
ட ி ர ி ப ் ப ி ங ்	D r i p p i n g
ஸ ் ப ி ர ி ங ் ஸ ்	S p r i n g s
க ம ் ய ு ன ி ட ் ட ி	C o m m u n i t y
ட ு ம ் ம ெ ர ் ஸ ்	D u m m e r ' s
ட ன ் க ர ் க ி ய ூ	D u n k e r q u e
த ு ஷ ் ய ந ் த ா	D u s h y a n t a
த ் வ ி ஜ ே ஷ ்	D w i j e s h
இ ' ஜ ா ஸ ்	E ' j a a z
எ ' ட ி ம ா த ்	E ' t e m a a d
எ ' ட ி ம ா த ்	E ' t e m a d
இ எ ட ் ஸ ்	E a d s
ஏ ர ் ல ்	E a r l
ஏ ர ் த ்	E a r t h
ஈ ஸ ் ட ர ்	E a s t e r
ம ர ் ஃ ப ி	M u r p h y
ஈ ஷ ் வ ர ்	E e s h v a r
ஈ ஷ ் வ ர ்	E e s h w a r
எ ஃ க ்	E g g
ப ி ர ம ் ம ச ் ச ா ர ி	B r a h m a c h a r i
ந ம ் ப ர ்	N u m b e r
எ க ா ச ி த ்	E k a c h i t t
ப ொ ட ோ ஸ ி	P o t o s i
எ ல ் - அ ர ே ப ி ய ா	E l - a r a b i a
எ ல ் - ஆ வ ் ர ா	E l - a w r a
எ ல ி ஷ ி ய ா	E l y s i a
எ ம ர ் ச ன ்	E m e r s o n
எ ம ெ ர ் ச ெ ன ்	E m e r s o n
ஹ ா ர ி ல ்	H a r r i s
இ ங ் க ி ல ி ஷ ்	E n g l i s h
எ ப ் ஃ ப ா ன ி ய ோ	E p i f a n i o
ஹ ெ ம ி ங ் வ ே	H e m i n g w a y
இ ஷ ் வ ர ்	E s h w a r
ஷ ி ப ் ப ி ங ்	S h i p p i n g
ஏ த ன ்	E t h a n
இ ய ு ர ி த ி ஸ ்	E u r i d i c e
ய ூ ர ோ	E u r o
ம ு ல ் ஹ வ ு ஸ ்	M u l h o u s e
ய ூ ர ோ	E u r o
ய ூ ர ோ ஹ ை ப ோ	E u r o h y p o
ய ூ ர ோ ட ி ர ஸ ் ட ்	E u r o t r u s t
எ க ் ஸ ் ம வ ு த ்	E x m o u t h
ஃ ப ை ச ா ப ா த ்	F a i z a b a d
ஃ ப ன ி ஷ ் வ ர ்	F a n i s h w a r
ஃ ப வ ு த ்	F a o u d
ஃ ப ் ப ா ல ி ங ் ட ன ்	F a r l i n g t o n
ஃ ப ர ் ம ா ய ி ஷ ்	F a r m a i s h
உ ங ்	J u n g
ஃ ப ் ப ே ய ெ ட ்	F a y e t t e
ஃ ப ே ர ஸ ்	F a y r u z
ப ெ ட ் ட ர ே ட ் ட ட ்	F d e d e r a t e d
ஃ ப ெ ன ் ச ி ங ்	F e n c i n g
ஃ ப ெ ர ் க ு ச ன ்	F e r g u s o n
ட ு	T o
ஃ ப ர ் ஸ ் ட ்	F i r s t
ஃ ப ர ் ஸ ் ட ்	F i r s t
ஃ ப ் ப ி ஷ ் ஷ ர ்	F i s h e r
ஃ ப ி ஷ ி ங ்	F i s h i n g
ஃ ப ி ள ை ய ி ங ்	F l y i n g
ஃ ப ் ப ோ க ் ல ோ ர ்	F o l k l o r e
ஃ ப ு ட ்	F o o d
ஃ ப ு ட ் ப ா ல ்	F o o t b a l l
ஃ ப ோ ர ் ப ெ ஸ ் க ஞ ் ச ்	F o r b e s g a n j
ப ெ ங ் ஹ ி ச ா	B e n g h i s a
ப ூ க ர ்	B o k a r
ப ொ ர ் ஸ ் ட ல ்	B o r s t a l
ப ி ர வ ு ன ்	B r o w n
க ா ர ் ட ் வ ெ ய ி ட ்	C a r t w r i g h t
க ி ர வ ு ன ்	C r o w n
எ ல ் ச ன ்	E l s o n
ஜ ா ர ் ஜ ்	G e o r g e
ந ெ ல ் ஸ ன ்	N e l s o n
ர ி ச ா ர ் ட ் ச ன ்	R i c h a r d s o n
ஸ ் ன ெ ல ் ல ி ங ்	S n e l l i n g
ட வ ு ன ் ச ெ ன ் ட ்	T o w n s e n d
வ ெ ல ் ல ி ங ் ட ன ்	W e l l i n g t o n
க ி ற ி ஸ ் ட ி ய ன ்	C h r i s t i a n
ஃ ப ் ப ி ர ா ன ் க ோ - ப ி ர ி ட ் ட ி ஷ ்	F r a n c o - b r i t i s h
ஃ ப ா ட ்	F u a d
ஃ ப ண ் ட ி	F u n d y
ஃ ப ன ் ட ி	F u n d y
ஃ ப ன ் ட ூ ஷ ்	F u n t o o s h
ஃ ப ு ர ் க ா ட ி ங ்	F u r k a t i n g
ஃ ப ி ன ்	F y n n
க ண ே ஷ ்	G a n e s h
க ண ே ஷ ் க ஞ ் ச ்	G a n e s h g a n j
க ங ் க ா க ஞ ் ச ்	G a n g a g a n j
ர ா ப ெ ர ் ட ் ச ன ்	R o b e r t s o n
க வ ் ஷ ி ய ர ்	G a u t i e r
ர ா ப ர ் ட ் ச ன ்	R o b e r t s o n
க ஜ ல ்	G a z a l
க ி ய ர ி ங ்	G e a r i n g
க ெ ல ் ச ீ	G e l s e y
க ெ ம ் ப ி ள ஸ ்	G e m p l u s
ஜ ா ர ் ஜ ்	G e o r g e
ச ொ ல ் ய ூ ஷ ன ் ஸ ்	S o l u t i o n s
ஜ ா ர ் ஜ ்	G e o r g e
ஜ ா ர ் ஜ ்	G e o r g e
ஜ ா ர ் ஜ ்	G e o r g e
ஜ ா ர ் ஜ ்	G e o r g e
ஜ ா ர ் ஜ ்	G e o r g e
ஜ ா ர ் ஜ ி ய ா	G e o r g i a
ஜ ா ர ் ஜ ி ய ன ்	G e o r g i a n
ஜ ா ர ் ஜ ீ ன ா	G e o r g i n a
ந வ ் ஷ ர ்	N o u s h e r
க ோ ர ா ட ோ ங ் ர ி	G h o r a d o n g r i
க ு ங ் ர ூ	G h u n g r o o
க ு ங ் ர ூ	G h u n g r o o
ஜ ி ய ோ வ ி ன ா	G i o v a n n a
ட ை ட ி ங ் ஸ ்	T i d i n g s
ப ா ர ் ம ா ச ி ட ் ட ி க ் க ல ் ஸ ்	P h a r m a c e u t i c a l s
க ி ள ி ன ்	G l y n n
ஃ ப ி ல ி ப ் ப ் ஸ ்	P h i l l i p s
க ொ ன ி ய ே ன ா	G o n e a n a
க ோ ப ா ல ் க ஞ ் ச ்	G o p a l g a n j
க ோ ப ே ஷ ்	G o p e s h
ம ொ ஹ ந ் த ி	M o h a n t i
க ொ ர ே	G o r e
க ோ ன ா ர ோ ப வ ு ல ோ ஸ ்	G o u n a r o p o u l o s
ஸ ோ க ி ர ா ஃ ப ் ப ோ	Z o g r a f o u
ச ெ க ண ் ட ர ி	S e c o n d a r y
ஜ ெ ன ர ல ் ஸ ்	G e n e r a l ' s
ஃ ப ் ப ோ ல ெ ர ்	F o w l e r
வ ா ட ் ச ன ்	W a t s o n
ல ா ய ் ட ்	L l o y d
ஃ ப ் ள வ ர ்	F l o w e r
க ி ர ா ன ் வ ெ ல ் ல ெ	G r a n v i l l e
க ் ர ா ஃ ப ை ட ்	G r a p h i t e
க ் ர ீ ன ி ங ்	G r e e n i n g
ட ீ ப ா ர ் க ் ம ே	D é p a r g m e
க ெ ள ல ் ஷ ி ய ர ்	G u a l t i e r
ப ய ோ	B i o
க ு ல ் - இ - ர ா ன ா	G u l - e - r a n a
க ு ன ு ங ்	G u n u n g
க ு ர ி ந ் த ர ்	G u r i n d e r
க ு ர ு த ு த ்	G u r u d u t t
ச ா ஹ ி ப ்	S a n g a t
க வ ு	G a o o
க ு வ ா ய ்	G w a i i
க ி ய ா ஞ ் ச ி	G y a a n i j i
த ே ஷ ்	D e s h
க ் ற ி ஸ ் ட ி ய ன ்	C h r i s t i a n
ம ொ ர ா ர ் ஜ ி	M o r a r j i
ஹ ர ே ந ் த ர ்	H a r e n _ d r
ஸ ் ட ் ர ீ க ்	S t r e a k
ஹ ட ் ச ன ்	H u d s o n
க ன ் ஸ ் ட ் ர க ் ‌ ஷ ன ்	C o n s t r u c t i o n
வ ே ர ் ல ் ட ்	W o r l d
ஹ ொ ண ் ட ூ ர ா ஸ ்	H o n d u r a s
ஹ ொ ன ் ட ு ர ா ஸ ்	H o n d u r a s
ஹ ூ ர ் - ஏ - அ ர ப ்	H o o r - e - a r a b
ஹ ா ர ் ஷ ூ ஸ ்	H o r e s h o e s
ர ை ட ி ங ்	R i d i n g
ர ி ஷ ி க ே ஷ ்	H r i s h i k e s h
க ம ்	K u m
க ி ற ி ஸ ் ட ி ய ன ்	C h r i s t i a n
இ ஷ ் க ்	I s h q
ஹ ட ் ச ி ச ன ்	H u t c h i s o n
ஐ ய ன ்	I a n
ஐ ய ன ்	I a n
ஐ ய ன ்	I a n
ஐ ய ன ்	I a n
ஐ ட ா ன ா	I d a n a
ஈ த ்	I d d
இ க ு வ ா ச ு	I g u a z u
ஐ க ி	I k i
இ ல ஸ ் ட ி ர ி ய ஸ ்	I l l u s t r i o u s
இ ன ் ' ஆ ம ்	I n ' a m
இ ந ் த ீ எ வ ர ்	I n d e e v e r
ஓ ஷ ன ்	O c e a n
இ ந ் த ி ர ா வ ி ஷ ் ண ு	I n d r a v i s h n u
ட ெ க ் க ா ல ஜ ி ஸ ்	T e c h n o l o g i e s
ப ி ஸ ி ன ஸ ்	B u s i n e s s
ம ெ ஷ ி ன ் ஸ ்	M a c h i n e s
ஐ ஓ ர ் வ ெ ன ்	I o r w e n
ச ி க ் க ந ் த ர ்	S i k a n d e r
ஷ ி ல ் ல ி ங ் ஃ ப ோ ர ் ட ்	S h i l l i n g f o r d
இ ர ் வ ி ங ்	I r v i n g
ஐ ச வ ் ர ா	I s a u r a
ஈ ஷ ் வ ர ்	I s h w a r
இ ஸ ் ம ெ ய ி ல ்	I s m a ' i l
ஐ ச ூ ஸ ு	I s u z u
ஐ ட ோ	I t o
இ ஞ ் ச ீ ன ி ய ர ்	I ^ j e e n i y a r
ஜ ா ன ் - ஏ - ப ஹ ா ர ்	J a a n - e - b a h a a r
ந ி க ோ ல ் ச ன ்	N i c h o l s o n
ஜ க த ீ ஷ ்	J a g d e e s h
ம ொ ஹ ப த ்	M o h a b b a t
ய ா த ங ்	Y a d a v
ஜ ெ ய ஸ ் ர ீ	J a i s h r e e
ப ி ர வ ு ன ்	B r o w n
ஜ ப ே ஷ ்	J a p e s h
ஜ ப ி ந ் த ர ்	J a p i n d e r
ஜ ஸ ் ம ி ந ் த ர ்	J a s m i n d e r
ஜ ே ஸ ன ்	J a s o n
ஜ ஸ ் வ ி ந ் த ர ்	J a s v i n d e r
ஜ ெ ய த ி த ் ய ா	J a y a d i t y a
ஜ ெ ய ல க ் ஷ ் ம ி	J a y a l a k s h m i
ஜ ெ ய ல க ் ‌ ஷ ் ம ி	J a y a l a k s h m i
ஜ ெ ய ல ல ி த ா	J a y a l a l i t a
ஜ ெ ய ந ் த ா	J a y a n t a
ஜ ெ ய ச ே க ர ்	J a y a s h e k h a r
ஜ ெ ய ச ி ங ்	J a y a s i n h
ஜ ெ ய ே ஷ ் வ ர ்	J a y e s h v a r
ஜ ா க ் ச ன ்	J a c k s o n
ம ி ர ு த ் ய ு	M r i t y u
ஜ ெ ஃ ப ர ் ச ன ்	J e f f e r s o n
ஜ ெ ஃ ப ர ் ஸ ன ்	J e f f e r s o n
ஜ ெ ட ் - ஸ ் க ை ய ி ங ்	J e t - s k i i n g
ஜ ு வ ல ்	J e w e l
ஜ ு வ ெ ல ்	J e w e l
ஜ ு வ ல ்	J e w e l l
ஜ ூ வ ெ ட ் - க ே ம ர ா ன ்	J e w e t t - c a m e r o n
ட ி ர ே ட ி ங ்	T r a d i n g
ஜ ீ ன க ்	J h i n u k
ம ா ர ி ச ன ்	M o r r i s o n
ஹ ெ ன ் ர ி க ் ஸ ்	H e n d r i c k s
ப ி ல ் ட ி ங ்	B u i l d i n g
ஜ ி த ே ந ் த ர ்	J i t e n _ d r
ஜ ி வ ி த ே ஷ ்	J i v i t e s h
ஏ ஞ ் ச ல ்	A n g e l
ஜ ா க ் க ி ங ்	J o g g i n g
ஜ ோ வ ன ் ன ஸ ் ப ர ் க ்	J o h a n n e s b u r g
ம ு ய ர ்	M u i r
ட ் ர ொ வ ோ ல ் ட ா	T r a v o l t a
ஜ ா ன ே வ ன ்	J o h n a v o n
ஜ ா ன ் ஸ ன ்	J o h n s o n
ஜ ன ்	J o n
க ே ம ் ப ெ ல ்	C a m p b e l l
ஜ ெ ள ல ்	J o u l
ஜ ூ ட ் ஸ ன ்	J u d s o n
க ி ங ்	K i n g
ஜ ஸ ் ட ி ஸ ்	J u s t i c e
ஜ ஸ ் ட ஸ ்	J u s t u s
i i i .	I i i .
க ம ல ே ஷ ்	K a m a l e s h
க ா ம ெ ங ்	K a m e n g
க ா ம ் ர ப ்	K a m r u p
க ப ீ ன ் த ர ்	K a p i n d r a
க ப ி ஷ ்	K a p i s h
க ா ச ி ஷ ்	K a s h i s h
க ெ ய ் ச ே ?	K a i s e y ?
ல ொ க ் க ு வ ா ர ா ச ் ச ி	L o k u a r a c h c h i
க ெ ல ் வ ி ன ் க ு ர ூ வ ்	K e l v i n g r o v e
க ெ ன ் ன ி ஸ ்	K e n n i c e
க ெ ப ு ல ா வ ன ்	K e p u l a u a n
க ே ர ள ா	K e r a l
ட வ ர ்	T o w e r
க ா ம ோ ஷ ்	K h a m o s h
க ந ் த ே ஷ ்	K h a n d e s h
க ர ் த வ ு ம ்	K h a r t o u m
க ௌ ம ் ஸ ்	K h o u m s
க ு ங ் ர ா	K h u n g r a
க ு ஷ ்	K h u s h
க ு ஷ ்	K h u s h
க ு ஷ ் ப ு	K h u s h b o o
க ை ஃ ப ர ்	K i e f e r
க ி ங ்	K i n g
v i i	V i i
க ி ங ்	K i n g
க ி ங ்	K i n g
க ி ங ்	K i n g
ப ் ர ூ வ ே ர ி	B r e w e r y
ஹ ோ ல ் ட ி ங ்	H o l d i n g
ஹ ோ ல ் ட ி ங ்	H o l d i n g
ர ி ச ர ் வ ா ய ர ்	R e s e r v o i r
க ொ ஹ ் ர ா	K o h r a
க ொ ய ்	K o i
க ொ க ் ர ா ஜ ் ஹ ர ்	K o k r a j h a r
க ொ ல ் ஹ ா ப ூ ர ்	K o l h a p u r
க ொ ல ் ஹ த ் க ர ்	K o l h a t k a r
க ொ ல ் க த ் த ா	K o l k a t a
க ொ ல ் த ே க ர ்	K o l t h e k a r
க ொ ம ோ ட ோ	K o m o d o
க ொ ன ் க ர ்	K o n k a r
க ொ ர ோ	K o r o
க ோ ஷ ி ஷ ்	K o s h i s h
க ொ ஸ ூ த ்	K o s s u t h
க ொ ய ் ன ா	K o y n a
க ி ர ு ஷ ா ன ்	K r a s h n
ப ய ோ க ெ ம ்	B i o c h e m
ஸ ் ர ி க ா ன ் த ்	S r i k k a n t h
க ி ர ு ஷ ் ண	K r i s h n a
க ி ர ு ஷ ் ண	K r i s h n a
வ ி ல ் ஹ ெ ம ்	W i l h e l m
வ ி ந ா ய க ர ்	V i n a y e k a a r
ர ி ச ர ் வ ா ய ர ்	R e s e r v o i r
க ு ஞ ் ச ர ்	K u n j a r
ஃ ப ர ் ஸ ் ட ்	F i r s t
வ ி ல ் க ி ன ் ச ன ்	W i l k i n s o n
ப வ ர ்	P o w e r
ல ா க ் ர ோ ஸ ்	L a c r o s s e
ப ி க ் ஸ ி	P e i x e
ம ெ ஷ ி ன ்	M a c h i n e
ப ி ள ே ஸ ்	P l a c e
ஆ ஃ ப ி ஸ ்	O f f i c e
ட வ ர ்	T o w e r
ல ங ் க ே ஷ ்	L a n k e s h
ல ங ் க ே ஷ ் வ ர ்	L a n k e s h v a r
ல ங ் ஸ ் ட ன ்	L a n k s t o n
அ வ ெ ன ் ய ு	A v e n u e
க ு ஷ ்	K u s h
ச ி வ ர ா ம ா க ி ர ு ஷ ் ண ன ்	S i v a r a m a k r i s h n a n
ஜ ெ ர ் ம ன ்	G e r m o n
ல ூ ய ி ஸ ்	L e w i s
ந ீ ச ன ்	N e e s o n
ப ி ள ன ் க ெ ட ்	P l u n k e t t
ல ி வ ி ங ்	L i v i n g
ஜ ா க ் ச ன ்	J a c k s o n
ல ி ஸ ் ப ன ்	L i s b o n
ல ி வ ி ங ் ஸ ் ட ன ்	L i v i n g s t o n
ல ா ய ் ட ்	L l o y d
ல ா ய ் ட ் ஸ ்	L l o y d s
க ி ற ி ஸ ் ட ி ய ன ்	C h r i s t i a n
ல ொ ம ோ ன ோ ச ோ வ ்	L o m o n o s o v
ல ோ ர ி ய ல ்	L o r é a l
ல ு ய ி	L o u i e
ஆ ம ் ஸ ் ட ் ர ா ங ்	A r m s t r o n g
ர ி ச ர ் வ ா ய ர ்	R e s e r v o i r
ல ூ ச ி ய ா ந ொ	L u c i a n o
ந ம ் ப ர ் ஸ ்	N u m b e r
ல ம ் ப ் ஸ ்	L u m p s
ல ு ங ் ல ே	L u n g l e i
ல ு ட ெ ஷ ி ய ம ்	L u t e t i u m
ல க ் ச ம ் ப ர ் க ்	L u x e m b o u r g
ல க ் ச ர ்	L u x o r
ம ா த ே ஷ ்	M a d e s h
ம ா த ோ ஷ ்	M a d h o s h
ம ா ட ி ச ன ்	M a d i s o n
ம ே ட ி ச ன ்	M a d i s o n
ட வ ர ்	T o w e r
ம ெ ஜ ந ் த ா	M a g e n t a
ஜ ா ன ் ச ன ்	J o h n s o n
ம ஹ ா ர ா ஜ ா ச ி ங ்	M a h a a r a a j a s i n h
ம க ா ல க ் ‌ ஷ ் ம ி	M a h a l a x m i
ம ஹ ே ஷ ி ந ் த ர ்	M a h e s h i n d e r
ம ஹ ூ ப ா	M a h o b a
ல க ் ர ோ ஸ ்	L a c r o s s e
அ ஃ ப ன ் ச ி வ ்	O f f e n s i v e
ல க ் ர ோ ஸ ்	L a c r o s s e
ம ல ை ய ா ள ம ்	M a l a y a l a m
ம ங ் க ே ஷ ்	M a n g e s h
ர ி ச ர ் வ ா ய ர ்	R e s e r v o i r
ர ி ச ர ் வ ா ய ர ்	R e s e r v o i r
ம ன ி ந ் த ர ்	M a n i n d e r
ட ு ட ே	T o d a y
ம ன ீ ஷ ்	M a n i s h
க ி ற ி ஸ ் ட ி ய ன ்	C h r i s t i a n
ம ா ன ி ங ்	M a n n i n g
ம ா ர ் த ் - இ - ம ை த ா ன ்	M a r d - e - m a i d a n
வ ி ல ் ல ி ய ம ் ச ன ்	W i l l i a m s o n
ப ெ ன ் ச ன ்	B e n s o n
ர ி ச ் ச ட ் ச ன ்	R i c h a r d s o n
ப ி ய ோ ர ே	B u r e a u
ம ஷ ூ த ்	M a s h h u d
ஃ ப ை ச ா ல ்	M a s o o d
ம ் ய ூ ச ் ச ு வ ல ்	M u t u a l
ம த ் ம ே ஷ ்	M a t h m e s h
ம த ோ ன ் க ர ்	M a t o n d k a r
ல ோ வ	L o a
ம ௌ ர ி ஸ ்	M a u r i c e
ம ொ ர ீ ஷ ி ய ஸ ்	M a u r i t i u s
ம ஹ ா வ ி ப ்	M a w a h i b
ஏ ஞ ் ச ல ோ	A n g e l o
ம ெ க ் க ி ன ் த ோ ஷ ்	M c i n t o s h
ம ீ ர ட ்	M e e r u t
க ி ப ் ச ன ்	G i b s o n
ம ெ ங ் ம ு வ ா ங ்	M e n g k u a n g
த ு ஷ ் ம ன ்	D u s h m a n
ம ே ர ா	M e r e
ம ெ ர ி ட ோ ர ி ய ஸ ்	M e r i t o r i o u s
ச ர ் வ ீ ஸ ்	S e r v i c e
ம ெ ட ல ் ல ோ ஃ ப ோ ன ்	M e t a l l o p h o n e
ர ி ச ர ் வ ா ய ர ்	R e s e r v o i r
ம ே ச ன ்	M a s o n
ம ா த ் ய ூ	M i c h a e l
ல ூ ய ி ஸ ்	L e w i s
க ே ட ் ட ி ங ்	G a t t i n g
வ ா ட ் க ி ன ் ச ன ்	W a t k i n s o n
ல ி ன ெ ட ்	L i n a t e
ம ி ல ் ல ி ய ன ே ர ்	M i l l i o n a i r e
ச ு ந ் த ர ே ஸ ் வ ர ர ்	S u n d a r e s h v a r a
ம ி த ு ல ்	M i t e s h
ம ொ ப ை ல ்	M o b i l e
ம ொ க ா த ி ஷ ு	M o g a d i s h u
ம ொ ஹ ப த ்	M o h a b b a t
ம ொ ஹ ப த ்	M o h a b b a t
ம ொ ஹ ப த ்	M o h a b b a t
ம ொ ஹ ல ்	M o h a l
ம ொ ஹ ம ் ம த ்	M o h a m m a d
ஆ ச ா த ்	A z a d
ம ொ ஹ ம ் ம த ்	M o h a m m a d
ம ொ ஹ ம ் ம த ்	M o h a m m a d
ம ொ ஹ ் ஹ ம ் ம த ்	M o h a m m a d
ம ொ ஹ ி ந ் த ர ்	M o h i n d e r
ம ொ ஹ ல ்	M o h u l
ம ொ ய ் ன ு த ீ ன ்	M o i n u d d i n
ம ோ ல ி ப ் ட ெ ன ம ்	M o l y b d e n u m
ச ை ன ் ஸ ்	S c i e n c e
ம ொ ர ே	M o r e
ம ொ ர ோ க ் க ோ	M o r o c c o
ம ா ர ் ஃ ப ி	M o r p h y
ப ி ய ர ்	B a e r
ச ை க ் க ி ள ி ங ்	C y c l i n g
ர ே ச ி ங ்	R a c i n g
எ ட ் ஜ ் க ம ் ப ே	E d g c u m b e
எ ல ் க ன ்	E l g o n
ஒ ல ி ம ் ப ஸ ்	O l y m p u s
ம ொ க ் ஸ ீ ன ோ ஸ ்	M o x e n o s
ம ் ர ி த ் ய ு ஞ ் ச ய ்	M r i t y u n j a i
ம ு வ ா ல ் ல ா	M u ' a l l a
ம ு வ ா வ ி ய ா	M u ' a w i y a h
ம ு க ே ஷ ்	M u k e s h
ப ை ர ி ய ா ஸ ்	P i r a e u s
ம ு ர ் ச ி ச ன ்	M u r c h i s o n
ஜ ூ வ ி ஷ ்	J e w i s h
ம ு ஸ ் ஸ ா ம ி ல ்	M u z z a m m i l
ந ா ய ி ல ்	N a ' i l
க ோ ர ி	G h a u r i
ஃ ப ் ப ை ச ல ்	F a s a l
ந ய ் ம ி ஷ ர ் ண ் ய	N a i m i s h a r a n y a
ந ஜ ி ம ்	N a j m
ந ா க ே ஷ ்	N a k e s h
ப ெ ள ன ்	B o u n
ந ா ஞ ் ஜ ி ங ்	N a n j i n g
ந ௌ த ா வ ு	N a o t a u
ந ர ே ஷ ்	N a r e s h
க ி ங ்	K i n g
ந ட ே ஷ ்	N a t e s h
ச ெ ள ட ் ஸ ா ஸ ்	S o u t z o s
ஃ ப ் ப ோ க ்	F o l k
க ொ ர ி ய ா	K o r e a
ப ி ர ே ச ி ல ்	B r a z i l
ந வ ா த ்	N a w a d a
ந ெ ஸ ி ய ா	N e c i a
ஜ ா ன ் ச ன ்	J o h n s o n
ச ே ம ன ்	S e m o n
ப ி க ி ன ி ங ் ஸ ்	B e g i n n i n g s
க ி ற ி ஸ ் ட ி ய ன ்	C h r i s t i a n
ப ோ ல ி ஸ ்	P o l i c e
ச ொ ச ை ட ் ட ி	S o c i e t y
ந ை ஸ ்	N i c e
ட ி ' அ ஸ ூ ர ்	D ' a z u r
ஹ ோ ய ே	B o j e
ப ி ர வ ு ன ்	B r o w n
ந ி த ி ஷ ்	N i d h i s h
க ி ள ப ்	C l u b
ம ை ன ி ங ்	M i n i n g
ஹ ோ ல ் ட ி ங ் ஸ ்	H o l d i n g s
ந ி ர ் த ோ ஷ ்	N i r d o s h
ந ி ஷ ா ன ் - இ - ஜ ங ்	N i s h a n - e - j u n g
ந ி ஷ ் வ ன ்	N i s h v a n
ந ி த ி ஷ ்	N i t i s h
ந ூ ர ் - இ - இ ஸ ் ல ா ம ்	N o o r - e - i s l a a m
ஃ ப ி ல ி ப ்	P h i l l i p
க ு ர ூ ம ே ன ்	G r u m m a n
ம ் ய ூ ச ் ச ு வ ல ்	M u t u a l
ந ் ர ி ப ே ஷ ்	N r i p e s h
ந ் ர ி ப ி ந ் த ர ்	N r i p i n d e r
ந ர ் ஸ ி ங ்	N u r s i n g
ப ா ர ் ம ா ச ெ ட ் ட ி க ் க ல ்	P h a r m a c e u t i c a l
ஓ க ்	O a k
ஓ ப ல ே ஷ ்	O b a l e s h
ஆ ஃ ப ீ ஸ ்	O f f i c e
ஓ ஜ ஸ ் வ ா ன ி	O j a s w i n i
ஓ ல ி ஷ ி ய ா	O l e s i a
ஓ ம ் ஸ ் ட ெ ட ்	O l m s t e a d
உ ன ே க ா	O n e g a
ஆ ர ஞ ் ச ்	O r a n g e
ம ே ன ு வ ல ்	M a n u e l
ல ூ த ி ய ா ன ா	L i t h u a n i a
அ க ் ர ி க ல ் ச ு ர ல ் ,	A g r i c u l t u r a l ,
க ் ற ை ஸ ் ட ்	C h r i s t
ல ூ த ி ய ா ன ா	L i t h u a n i a
ஆ ர ஞ ் ச ்	O r a n g e
இ ன ் ஸ ் ட ் ர க ் ‌ ஷ ன ்	I n s t r u c t i o n
க ் ற ி ச ா ந ் த ி ம ம ்	C h r y s a n t h e m u m
க ் ர வ ு ன ்	C r o w n
ஃ ப ் ள ீ ஸ ்	F l e e c e
ப ் ர ெ ஷ ி ய ஸ ்	P r e c i o u s
க ் ர வ ு ன ்	C r o w n
ர ை ச ி ங ்	R i s i n g
ட வ ர ்	T o w e r
ஒ ய ி ட ்	W h i t e
ஸ ு வ ோ க ோ வ ்	Z h o u k o v
ஆ ர ் ச ன ்	O r s o n
வ ே ர ் ல ் ட ்	W o r l d
ஓ ச ை ஸ ்	O s i a s
ஓ ஸ ் ம ந ் த ்	O s m o n d
ஔ ட ்	O u d
த ு ஷ ் ம ன ்	D u s h m a n
ப ஸ ி ஃ ப ி க ்	P a c i f i c
ப ஸ ி ஃ ப ி க ்	P a c i f i c
ப ொ ற ண ் ட ல ா ற ு	P o r a n d a l a r
ர ி ச ர ் வ ா ய ர ்	R e s e r v o i r
ஸ ் ப ி ர ி ங ் ஸ ்	S p r i n g s
ப ம ் ப ோ ஷ ்	P a m p o s h
க ோ ஷ ்	G h o s h
ப ா ண ் ட ல ா ல ்	P a n t a n a l
ப ி ள ே ஸ ்	P l a c e
ப ர ் ம ி ந ் த ர ்	P a r m i n d e r
ப ே ட ் ட ர ் ச ன ்	P a t t e r s o n
ட வ ு ன ் ட வ ு ன ்	D o w n t o n
ச ை ம ன ்	S i m o n
ப ே ய ி ங ்	P a y i n g
ப ி ய ர ் ச ன ்	P e a r s o n
ட ் ர ோ ட ி ய ே	T r u d e a u
ப ெ க ி ங ்	P e k i n g
ப ெ ர ு ம ் ப ள ் ள ம ்	P e r u m p a l l a m
ர ி ச ர ் வ ா ய ர ்	R e s e r v o i r
ப ெ ர ு வ ா ர ி ப ள ் ள ம ்	P e r u v a r i p a l l a m
ர ா ச ன ்	R a w s o n
உ ப ே ர ா த ்	U e b e r r o t h
ட வ ர ்	T o w e r
ப ன ி ஷ ் வ ர ்	P h a n i s h w a r
ஃ ப ா ஸ ூ ம ்	P h a z o m
ஃ ப ி ய ா ல ா	P h i a l a
ஃ ப ி ல ா ன ா	P h i l a n a
ஃ ப ி ல ா ண ் ட ர ்	P h i l a n d e r
க ம ் ய ு ன ி க ே ஷ ன ்	C o m m u n i c a t i o n
ஃ ப ி ல ி ப ் ஸ ்	P h i l i p s
ஃ ப ி ல ி ப ் ஸ ்	P h i l i p s
ஃ ப ி ல ோ ம ி ன ா	P h i l o m e n a
ஃ ப ி ர ோ ஸ ா	P h i r o z a
ஃ ப ோ ப ே	P h o e b e
ஃ ப ் ப ூ ள ்	P h o o l
ஃ ப ் ப ூ ள ்	P h o o l
ஃ ப ் ப ூ ள ்	P h o o l
ஃ ப ூ ள ே ந ் த ு	P h o o l e n d u
ஃ ப ் ப ூ ள ோ ன ்	P h o o l o n
ஃ ப ு ல ா வ ர ி	P h u l a w a r i
ட ா ன ் ச ி ட ா ர ோ	T a n c í t a r o
ப ி ல ி ப ் ஹ ் த ்	P i l i b h i t
ப ி ங ்	P i n g
ப ி ன ் ச ன ்	P i n s o n
க ி ற ி ஸ ் ட ்	C h r i s t
ப ி க ் ஸ ல ் ப ி ல ஸ ்	P i x e l p l u s
ப ோ ல ி ஸ ்	P o l i c e
ப ோ ல ி ஸ ்	P o l i c e
ப ோ ல ி ஸ ்	P o l i c e
ப ோ ல ி ஷ ் - ட ர ் க ் க ி ஷ ்	P o l i s h - t u r k i s h
ப ா ர ் ம ா ச ெ ட ் ட ி க ் க ல ் ஸ ்	P h a r m a c e u t i c a l s
ப ொ ன ் ஷ ே	P o n k s h e
ஃ ப ் ப ூ ள ்	P h o o l
i i	I i
ப வ ர ்	P o w e r
ஜ ெ ய ப ் ர க ா ஷ ் த ர ண ்	J a y a p r a k a s h d a r a n
ஹ	H i g h
ன ா	N a
ப ் ர த ீ ச ீ ஷ ்	P r a t e e c h e e s h
ப ி ர த ோ ஷ ்	P r a t o s h
ப ி ர வ ே ஷ ்	P r a v e s h
ப ் ர ெ ஷ ி ய ஸ ்	P r e c i o u s
ப ் ர ீ த ி ஷ ்	P r e e t i s h
ப ி ர ை ஸ ் வ ா ட ் ட ர ் ஹ வ ு ஸ ்	P r i c e w a t e r h o u s e
ஜ ா ர ் ஜ ்	G e o r g e
க ி ற ி ஸ ் ட ி ய ன ்	C h r i s t i a n
ஃ ப ெ ர ் க ு ச ன ்	F e r g u s o n
ப ் ர ி ட ி ஷ ்	P r i t i s h
ப ி ர ை வ ெ ட ்	P r i v a t e
ப ி ர ை வ ெ ட ்	P r i v a t e
ஃ ப ு ட ் ப ா ல ்	F o o t b a l l
ப ு ர ொ ஃ ப ் ப ச ர ்	P r o f e s s o r
ப ் ர ா ஸ ் ப ர ்	P r o s p e r
ப ் ர ொ ட ெ க ் க ் ‌ ஷ ன ்	P r o t e c t i o n
ப ூ ர ா ர ி ன ்	P u j a r i n
ப ஜ ் ச ா ப ி	P u n j a b i
ப ு ஷ ் ப ே ந ் த ர ்	P u s h p e n _ d r
ப ு ஷ ் ப ி ந ் த ர ்	P u s h p i n d e r
க ு வ ே ன ா	Q u i a n a
ர ா ம ே ஷ ் வ ர ்	R a a m e s h v a r
அ வ ா ர ் ட ்	A w a r d s
ர ய ீ ஸ ் ச த ா	R a e e s z a d a
ர க ு ந ா த ்	R a g h u p a t i
ர ா ஜ ் க ோ ட ி	R a i k o t i
க ா ல ி ச ி ன ி ங ்	C a l c i n i n g
ர ஜ ் ன ீ ஷ ்	R a j n e e s h
ர ா க ே ஷ ்	R a k e s h
த ே ர ா	T e r e
ர ி ச ர ் வ ா ய ர ்	R e s e r v o i r
ர ம ே ஷ ்	R a m e s h
ர ம ே ஷ ்	R a m e s h
ர ம ி ந ் த ர ்	R a m i n d e r
ர ம ி ஷ ்	R a m i s h
ர ா ம ் ந ர ே ஷ ்	R a m n a r e s h
ர ன ே ஷ ்	R a n e s h
ர ஸ ெ ஷ ்	R a s e s h
ர வ ீ ந ் த ர ்	R a v i n _ d a r
இ ல ் ல ி ங ் வ ர ் த ்	I l l i n g w o r t h
ப ் ர ை ஸ ்	P r i c e
ர ீ ஸ ்	R e e c e
க ி ற ி ஸ ் ட ி ய ன ்	C h r i s t i a n
ர ே ன ே - ல ே வ ஸ ி ய ர ்	R e n e - l e v a s s e u r
க ி ங ்	K i n g
ர ி ப ப ் ள ி க ்	R e p u b l i c
ர ி ப ் ப ப ் ள ி க ்	R e p u b l i q u e
ர ி ய ன ் ன ா	R i a n n e
எ ல ் ல ி ச ன ்	E l l i s o n
இ ல ் ல ி ங ் வ ர ் த ்	I l l i n g w o r t h
ர ி ச ் ச ர ் ட ் ச ன ்	R i c h a r d s o n
ர ி ச ் ச ா ர ் ட ் ச ன ்	R i c h a r d s o n
ட ா ர ் ல ி ங ்	D a r l i n g
ப ா ண ் ட ி ங ்	P o n t i n g
ட ூ	T o
ஆ ன ் ட ர ் ச ன ்	A n d e r s o n
ப ் ர ௌ ன ி ங ்	B r o w n i n g
ஃ ப ல ் க ம ்	F u l g h u m
ப ் ர வ ு ன ்	B r o w n
ர ா ப ி ன ் ச ன ்	R o b i n s o n
ர ா ப ி ன ் ச ன ்	R o b i n s o n
க ி ற ி ஸ ் ட ி ய ன ்	C h r i s t i a n
க ் ள ை ம ் ப ி ங ்	C l i m b i n g
ச ெ ர ் ல ி ங ்	S e r l i n g
ர ோ ஏ ன ் ட ் ஜ ீ ன ி ய ம ்	R o e n t g e n i u m
ர ொ ஜ ோ க ்	R o j o k
ர ொ ல ா ண ் ட ோ	R o l a n d o
ர ொ ம ே ஷ ்	R o m e s h
ர ொ ன ட ா ர ்	R o n a d o r
ர ொ ன ா ல ் ட ்	R o n a l d
ர வ ு ண ் ட ்	R o u n d
ர ோ ய ி ங ்	R o w i n g
ர ு ம ே ஷ ்	R u m e s h
ர ன ் ன ி ங ்	R u n n i n g
ர ு ப ி ந ் த ர ்	R u p i n d e r
ர ு ஷ ி த ்	R u s h d
ர ு ஸ ் த ம ் - இ - ப ா க ் த ா த ்	R u s t o m - e - b a g h d a d
ர ி ய ு க ் ய ோ ங ்	R y u g y o n g
ச ம ு ந ் த ர ்	S a m u n d e r
ச ா ஸ ி ஷ ்	S a a z i s h
ம ொ ஹ ம ் ம த ்	M o h a m m a d
ஆ ச ா த ்	A z a d
ச ஃ ப ி ய ்	S a f i y y
ச ெ ய ் ல ி ங ்	S a i l i n g
ஜ ா ர ் ஜ ் ஸ ்	G e o r g e ' s
ட வ ர ்	T o w e r
ஜ ா ன ் ஸ ்	J o h n ' s
ஜ ோ ச ப ் ஸ ்	J o s e p h ' s
ப ெ ங ் க ள ூ ர ்	B a n g a l o r e
ஜ ோ ஸ ப ் ஸ ்	J o s e p h ' s
ஓ க ்	O a k
ட வ ர ்	T o w e r
ச ல ி ல ே ஷ ்	S a l i l e s h
ஜ ெ ய ந ் த ா	J a y a n t h a
ச ம ் ஜ ோ த ா	S a m j h a u t a
ஜ ா ன ் ச ன ்	J o h n s o n
ஜ ெ ய ச ூ ர ் ய ா	J a y a s u r i y a
ஓ ' க ா ன ர ்	O ' c o n n o r
ச ந ் த ோ ஷ ்	S a n t o s h
ச ன ் த ோ ஷ ்	S a n t o s h
ஃ ப ் ப ோ க ் ல ோ ர ்	F o l k l o r e
ச ர ஃ ப ் ப ர ோ ஷ ்	S a r f a r o s h
ச ர ் ம ி ந ் த ர ்	S a r m i n d e r
ந ா ய ு ட ு	N a i d u
ர ி ச ர ் வ ா ய ர ்	R e s e r v o i r
ச த ி ஷ ்	S a t i s h
ச ோ க ா ந ் த ்	S a u g a n d h
ஷ ் ன ை ட ர ்	S c h n i e d e r
ஸ ் க ா ட ் ட ி ஷ ்	S c o t t i s h
ஸ ் க ா ட ் ட ி ஷ ்	S c o t t i s h
ஃ ப ் ப ூ ட ் ப ா ல ்	F o o t b a l l
ஸ ் க ா ட ் ட ி ஷ ்	S c o t t i s h
ச ி ய ன ் ன ா	S e e t a a s a r a n
ச ெ ய ் ய த ்	S e y y e d
ஷ ப ்	S h a b b
ஈ ர ா ன ்	I r a n
வ ா ட ் ச ன ்	W a t s o n
ஷ ா ச ன ்	S h a s u n
ப ொ ல ் ல ா க ்	P o l l o c k
ஷ ீ ஷ ்	S h e e s h
ஷ ே ஷ ்	S h e s h
ஷ ி ர ீ ஷ ்	S h i r e e s h
ச ு ந ் த ர ்	S u n d e r
ஷ ோ ய ப ்	S h o a i b
ஷ ோ ய ப ்	S h o a i b
ம ொ ஹ ம ் ம த ்	M o h a m m a d
ஷ ோ ப ்	S h o e b
க ண ே ஷ ்	G a n e s h
க ண ே ஷ ்	G a n e s h
ஷ ு ப ா ஷ ீ ஷ ்	S h u b h a a s h e e s h
த ி ப ோ ஷ ்	D i b o s h
ஸ ி ம ் ச ன ்	S i b s o n
ர ி ச ர ் வ ா ய ர ்	R e s e r v o i r
ச ி க ் க ந ் த ர ்	S i k a n d e r
ச ெ ள ஃ ப ் ல ி	S o u f l i
ர ி ச ோ ச ர ் ஸ ்	R e s o u r c e s
ச ை ம ன ்	S i m o n
ச ை ம ன ்	S i m o n
ச ி ங ் ல ா	S i n g l a
ச ர ்	S i r
ச ர ்	S i r
ச ர ்	S i r
ச ி ர ் ம வ ூ ர ்	S i r m a u r
ட ை வ ி ங ்	D i v i n g
ஸ ் ல ெ ட ் ட ி ங ்	S l e d d i n g
ஸ ் ல ோ வ ன ்	S l o a n
ஸ ் ன ோ ர ் க ெ ல ி ங ்	S n o r k e l i n g
ச ு ஃ ப ா ப ோ ங ்	S u p h a p o n g
ச ோ ல ் ஸ ் ட ை ஸ ்	S o l s t i c e
இ ன ் ஷ ூ ர ன ் ஸ ்	I n s u r a n c e
ச ன ்	S o n
ர ி ச ர ் வ ா ய ர ்	R e s e r v o i r
ச ோ ஃ ப ி ய ா	S o p h i a
ச ெ ள த ்	S o u t h
க ொ ர ி ய ா	K o r e a
ஸ ் ப ா ன ி ஷ ்	S p a n i s h
ஃ ப ் ப ி ர ா ன ் ச ு	F r a n c e
ஸ ் ப ெ க ் ட ் ர ம ்	S p e c t r u m
ப ி ர ா ச ச ி ங ்	P r o c e s s i n g
ம ை ச ூ ர ்	M y s o r e
ம ை ச ூ ர ்	M y s o r e
இ ன ் ஷ ூ ர ன ் ஸ ்	I n s u r a n c e
ட வ ர ்	T o w e r
ஸ ் ட ி ஃ ப ன ்	S t e p h a n
ஸ ் ட ெ ஃ ப ன ி	S t e p h a n i e
ஹ ா ர ் ம ி ச ன ்	H a r m i s o n
ஓ ண ் ட ர ்	W o n d e r
ஓ ஸ ் ன ி ய ா க ்	W o z n i a k
ஹ ா க ி ங ்	H a w k i n g
ஸ ் ட ொ ட ி ன ் க ி	S t o t i n k i
ம ெ க ா ல ன ்	M a g e l l a n
ஸ ் ட ூ வ ர ் ட ்	S t u a r t
ஸ ் ட ு வ ர ் ட ் ஸ ்	S t u a r t s
ச ு வ த ்	S u ' a d
ச ு த ே ஷ ்	S u d e s h
ஷ ு க ர ்	S u g a r
ஜ ெ ய ச ி ங ் க ே	J a y a s i n g h e
ச ு ர ே ந ் த ர ்	S u r e n _ d a r
ச ு ர ே ந ் த ர ்	S u r e n _ d r
ச ு ஷ ீ ல ்	S u s i l
ச ை ன ் ஸ ்	S c i e
ஸ ் வ ா ன ் ச ன ்	S w a n s o n
ஸ ் வ ந ் த ி ர ா	S w a t a n t r a
ச ு வ ி ஸ ்	S w i s s
ஸ ் வ ி ம ் ம ி ங ்	S w i m m i n g
ட ெ ஸ ி	T a c e y
ந ஷ ா க ்	N a q q a s h
ர ி ச ர ் வ ா ய ர ் ஸ ்	R e s e r v o i r s
1 0 1	1 0 1
ச ை க ் க ி ள ி ங ்	C y c l i n g
த ப ே ஷ ்	T a p e s h
ப ா ர ் ம ா ச ெ ட ் ட ி க ் க ல ்	P h a r m a c e u t i c a l
ப வ ர ்	P o w e r
ச ன ் ஸ ்	S o n s
த ௌ க ் க ீ ர ்	T a w q e e r
த ௌ க ் க ீ ர ்	T a w q i r
ச ே ந ் த ் ர வ ா ச ி	C e n d r a w a s i h
ச ெ ள த ்	S o u t h
ப ா ர ் ம ா ச ெ ட ் ட ி க ் க ல ்	P h a r m a c e u t i c a l
ட ் ர ா ஃ ப ி	T r o p h y
ச ய ி ன ் ஸ ்	S c i e n c e
ர ி ச ர ் வ ா ய ர ்	R e s e r v o i r
ஆ ஸ ் ட ் ர ே ல ி ய ன ் / வ ோ க ல ்	A u s t r a l i a n / v o g e l
ப ி ர ி ட ் ட ி ஷ ்	B r i t i s h
க ே ல ர ி	M u s e u m
ப ி ர ி ட ் ட ி ஷ ்	B r i t i s h
க ா ர ் ப ர ்	C a r p e r
ட ா ஹ ெ ஷ ்	D a h e s h
ஃ ப ் ப ோ க ் ல ோ ர ்	F o l k l o r e
ச ை ன ் ஸ ்	S c i e n c e
ந ா ர ் வ ே ய ன ்	N o r w e g i a n
ட ி ர ம ் ப ்	T r u m p
ப ி ல ் ட ி ங ்	B u i l d i n g
த ி ய ோ ஃ ப ி ல ஸ ்	T h e o p h i l u s
த ி ர ு க ் க ழ ு க ு ன ் ற ம ்	T h i r u k k u l u n k u n r a m
ர ி ச ர ் வ ா ய ர ்	R e s e r v o i r
ஜ ெ ஃ ப ் ப ெ ர ் ச ன ்	J e f f e r s o n
ஜ ெ ஃ ப ர ் ச ன ்	J e f f e r s o n
ர ா ப ி ன ் ச ன ்	R o b i n s o n
ட ை ப ்	T i m e
ட ை ட ஸ ்	T i t u s
ப வ ர ்	P o w e r
க ் ர ூ ஸ ்	C r u i s e
க ி ற ி ஸ ் ட ி ய ன ்	C h r i s t i a n
ப ் ள ே ர ்	B l a i r
ப ி ர ி ண ் ட ி ங ்	P r i n t i n g
ட வ ர ்	T o w e r
ப ி ள ே ஸ ்	P l a c e
க ் ர ி ப ் ப ர ்	G r i p p e r
ட ் ர ம ் ப ்	T r u m p
த ு ங ்	T u n g
ப ு ர ு ட ெ ன ் ஷ ி ய ல ்	P r u d e n t i a l
ட ை ம ன ்	T y m o n
உ த ய ் ச ங ் க ர ்	U d a y s h a n k a r
உ ஜ ு ங ்	U j u n g
உ ம ே ஷ ்	U m e s h
உ ம ்	U m m
க ி ற ி ஸ ் ட ி ய ன ்	C h r i s t i a n
ஃ ப ா ஸ ் ப ர ஸ ்	P h o s p h o r o u s
ச வ ு த ்	S o u t h
ச வ ு த ்	S o u t h
உ ன ் ம ெ ஷ ்	U n m e s h
ர ி ச ர ் வ ா ய ர ்	R e s e r v o i r
உ ர ் - இ ட ் ர ீ ஷ ்	U r - i t r e e s h
அ ர ் ப ன ா	U r b a n a
ஊ வ ா ய ம ்	U w a y a m
வ ா க ீ ஷ ் வ ர ்	V a a g e e s h v a r
ர ி ச ர ் வ ா ய ர ்	R e s e r v o i r
வ ை ஜ ெ ய ந ் த ி	V a i j a y a n t i
வ ை ஷ ் ண வ ்	V a i s h n a v
ப ு ஷ ்	B u s h
க ி ற ி ஸ ் ட ்	C h r i s t
ப ி ர வ ு ன ்	B r o w n
ர ி ச ர ் வ ா ய ர ்	R e s e r v o i r
வ ெ ன ி ச ூ ல ா	V e n e z u e l a
வ ெ ங ் க ட ே ஷ ்	V e n k a t e s h
வ ெ ங ் க ட ே ஷ ் வ ர ்	V e n k a t e s h v a r
வ ெ ன ் ச ர ்	V e n t u r e
க ி ற ி ஸ ் ட ி ய ன ்	C h r i s t i a n
வ ீ ன ஸ ்	V e n u s
வ ெ ர ி ச ா ன ்	V e r i z o n
ஓ ப ெ ஹ ா ஸ ்	O b e r h a u s
ட ் ர ா ஃ ப ி	T r o p h y
ப ெ ங ் க ள ூ ர ்	B a n g a l o r e
வ ி க ் ன ர ா ஜ ே ந ் த ர ்	V i g h n a r a a j e n _ d r
வ ி ஜ ி த ே ந ் த ி ர ி	V i j i t e ^ d r i y
வ ி ன ் ச ன ்	V i n s o n
வ ய ோ ல ெ ட ்	V i o l e t
வ ி ர ே ந ் த ர ்	V i r e n d e r
வ ி ர ே ஷ ்	V i r e s h
வ ெ ர ி ஜ ீ ன ி ய ா	V i r g i n i a
வ ி ஷ ் ண ு	V i s h n u
வ ி ஷ ் ண ு ம ய ா	V i s h n u m a y a
வ ி ஷ ் ண ு ப ா த ்	V i s h n u p a d
வ ி ஷ ் ண ு ப ி ர ி ய ா	V i s h n u p r i y a
வ ி ஷ ் வ ே ந ் த ர ்	V i s h v e n _ d r
வ ி ஷ ் வ ே ஷ ்	V i s h w e s h
வ ி ர ு ந ் த ா	V r i n d a
வ ி ர ் த ் த ி	V r i t t i
வ ி ய ோ ம ே ஷ ்	V y o m e s h
வ ா ல ெ ஸ ்	W a l l e c e
க ம ் ய ு ன ி ட ் ட ி	C o m m u n i t y
வ ா ஷ ி ங ் ட ன ்	W a s h i n g t o n
ம ் ய ூ ச ் ச ு வ ல ்	M u t u a l
த ா க ் வ ா ல ே	R a k h w a l e
வ ெ ல ் ல ி ங ் ட ன ்	W e l l i n g t o n
வ ெ ல ் ஸ ் ப ன ்	W e l s p u n
க ி ற ி ஸ ் ட ி ய ன ்	C h r i s t i a n
க ம ் ய ு ன ி ட ் ட ி	C o m m u n i t y
வ ெ ய ் ம வ ு த ்	W e y m o u t h
வ ீ ட ் ட ன ்	W h e a t o n
ஒ ய ி ட ்	W h i t e
ஒ ய ி ட ் ஃ ப ி ஷ ்	W h i t e f i s h
ஊ ஃ ப ் ப ி	W h o o p i
க ி ற ி ஸ ் ட ி ய ன ்	C h r i s t i a n
வ ி ல ் க ி ன ் ச ன ்	W i l k i n s o n
வ ி ல ் ல ி ய ம ் ச ன ்	W i l l i a m s o n
ப ி ர வ ு ன ்	B r o w n
ந ெ ல ் ச ன ்	N e l s o n
வ ா ட ் ச ன ்	W a t s o n
வ ி ல ் ல ி ங ் ட ன ்	W i l l i n g d o n
ர ி ச ர ் வ ா ய ர ்	R e s e r v o i r
வ ோ க ் ஹ ா ர ் ட ்	W o c k h a r d t
வ ா ல ் க ோ ட ்	W o l c o t t
உ ல ் ஃ ப ்	W o l f
அ க ் ர ி க ல ் ச ் ச ர ்	A g r i c u l t u r e
உ ல ் ஃ ப ்	W o l f
உ ல ் ஃ ப ்	W o l f
ச ொ ச ை ட ் ட ி	S o c i e t y
வ ே ர ் ட ்	W o r d
வ ர ் க ் ஸ ் ட ி ர ீ ம ்	W o r k s t r e a m
ச ெ ஸ ்	C h e s s
ஸ ் க ே ட ் ட ி ங ்	S k a t i n g
ஃ ப ு ட ்	F o o d
ச ெ ஸ ்	C h e s s
ர ெ ஸ ் ட ் ல ி ங ்	W r e s t l i n g
ய ா த ்	W y a t t
வ ய த ்	W y a t t
ஜ ே ண ் ட ி	X a n d y
ஜ ே ந ் த ஸ ்	X a n t h u s
ஜ ா ண ் ட ி	X a n t i
ஜ ா ண ் ட ோ	X a n t o
ஜ ே வ ி ய ர ்	X a v i e r
ஜ ெ ல ் - ஹ ா	X e l - h a
ஜ ே ன ி ய ா	X e n i a
ஜ ெ ன ோ ஸ ்	X e n o s
ச ெ ர ா க ் ஸ ்	X e r o x
ஸ ி ங ்	X i n g
ஜ ி ங ் க ு	X i n g u
ஸ ன ் ஜ ீ ர ்	Z a n j e e e r
ய ா க ு த ்	Y a q o o t
ய த ி ஷ ் வ ர ்	Y a t i s h w a r
த ே ஷ ்	D e s h
ய ி ட ் ஷ ா க ்	Y i t z h a k
ய ோ க ீ ஷ ்	Y o g e e s h
ய ோ க ே ந ் த ர ்	Y o g e n _ d a r
ய ோ க ே ஷ ்	Y o g e s h
ய ோ க ி ஷ ்	Y o g i s h
ய ா ர ் க ் ‌ ஷ ய ர ்	Y o r k s h i r e
ய ோ ர ் க ் ட வ ு ன ்	Y o r k t o w n
ய ு த ி ஷ ் த ி ர ்	Y u d h i s t h i r
ஸ ா ம ் ப ி ய ா	Y u g o s l a v i a
ஃ ப ா ச ல ்	F a z a l
ஸ ை ன ் ட ி ர ெ ச ் ட ்	Z w y n d r e c h t
