ஃ ப ் ப ோ ர ் ட ்	F o r t
ஃ ப ் ப ோ ர ் ட ்	F o r t
ஃ ப ் ப ோ ர ் ட ்	F o r t
ஃ ப ் ப ோ ர ் ட ்	F o r t
ஃ ப ் ப ோ ர ் ட ்	F o r t
ஃ ப ் ப ோ ர ் ட ்	F o r t
ஃ ப ் ப ோ ர ் ட ்	F o r t
எ ல க ் ட ் ர ி க ல ் ஸ ்	E l e c
ஃ ப ் ப ோ ர ் ட ்	F o r t
ர ி ஃ ப ை ன ர ி ஸ ்	R e f
ஃ ப ் ப ோ ர ் ட ்	F o r t
ஃ ப ் ப ோ ர ் ட ்	F o r t
ஃ ப ் ப ோ ர ் ட ்	F o r t
ஃ ப ் ப ோ ர ் ட ்	F o r t
ஃ ப ் ப ோ ர ் ட ்	F o r t
ஃ ப ் ப ோ ர ் ட ்	F o r t
ஃ ப ் ப ோ ர ் ட ்	F o r t
ஃ ப ் ப ோ ர ் ட ்	F o r t
ஃ ப ் ப ோ ர ் ட ்	F o r t
ஃ ப ் ப ோ ர ் ட ்	F o r t
ஃ ப ் ப ோ ர ் ட ்	F o r t
ஃ ப ் ள ெ க ் ஸ ்	F l e x
ஃ ப ் ப ோ ர ் ட ்	F o r t
ஃ ப ் ப ோ ர ் ட ்	F o r t
ஃ ப ் ப ோ ர ் ட ்	F o r t
ஃ ப ் ப ோ ர ் ட ்	F o r t
ஃ ப ் ப ோ ர ் ட ்	F o r t
ஃ ப ் ப ோ ர ் ட ்	F o r t
ஃ ப ் ப ோ ர ் ட ்	F o r t
ஃ ப ் ப ோ ர ் ட ்	F o r t
ஃ ப ் ப ோ ர ் ட ்	F o r t
ஃ ப ் ப ோ ர ் ட ்	F o r t
ஃ ப ் ப ோ ர ் ட ்	F o r t
ஃ ப ் ப ோ ர ் ட ்	F o r t
ஃ ப ் ப ோ ர ் ட ்	F o r t
ஃ ப ் ப ோ ர ் ட ்	F o r t
ஃ ப ் ப ோ ர ் ட ்	F o r t
ஃ ப ் ப ோ ர ் ட ்	F o r t
ஃ ப ் ப ோ ர ் ட ்	F o r t
ஃ ப ் ப ோ ர ் ட ்	F o r t
ஃ ப ் ப ோ ர ் ட ்	F o r t
ஃ ப ் ப ோ ர ் ட ்	F o r t
ஃ ப ் ப ோ ர ் ட ்	F o r t
ஃ ப ் ப ோ ர ் ட ்	F o r t
ஃ ப ் ப ோ ர ் ட ்	F o r t
ஃ ப ் ப ோ ர ் ட ்	F o r t
ஃ ப ் ப ோ ர ் ட ்	F o r t
ஃ ப ் ப ோ ர ் ட ்	F o r t
ஃ ப ் ப ோ ர ் ட ்	F o r t
ஃ ப ் ப ோ ர ் ட ்	F o r t
ஃ ப ் ப ோ ர ் ட ்	F o r t
ஃ ப ் ப ோ ர ் ட ்	F o r t
ஃ ப ் ப ோ ர ் ட ்	F o r t
ஃ ப ் ப ோ ர ் ட ்	F o r t
ஃ ப ் ப ோ ர ் ட ்	F o r t
ஃ ப ் ப ோ ர ் ட ்	F o r t
ஃ ப ் ப ோ ர ் ட ்	F o r t
ஃ ப ் ப ோ ர ் ட ்	F o r t
ஃ ப ் ப ோ ர ் ட ்	F o r t
ஃ ப ் ப ோ ர ் ட ்	F o r t
ஃ ப ் ப ோ ர ் ட ்	F o r t
ஃ ப ் ப ோ ர ் ட ்	F o r t
ஃ ப ் ப ோ ர ் ட ்	F o r t
ஃ ப ் ப ோ ர ் ட ்	F o r t
ஃ ப ் ப ோ ர ் ட ்	F o r t
ஃ ப ் ப ோ ர ் ட ்	F o r t
ஃ ப ் ப ோ ர ் ட ்	F o r t
ஃ ப ் ப ோ ர ் ட ்	F o r t
ஃ ப ் ப ோ ர ் ட ்	F o r t
ஃ ப ் ப ோ ர ் ட ்	F o r t
ஃ ப ் ப ோ ர ் ட ்	F o r t
ஃ ப ் ப ோ ர ் ட ்	F o r t
ஃ ப ் ப ோ ர ் ட ்	F o r t
ஃ ப ் ப ோ ர ் ட ்	F o r t
ஃ ப ் ப ோ ர ் ட ்	F o r t
ஃ ப ் ப ோ ர ் ட ்	F o r t
ஃ ப ் ப ோ ர ் ட ்	F o r t
ஃ ப ் ப ோ ர ் ட ்	F o r t
ஃ ப ் ப ோ ர ் ட ்	F o r t
ஃ ப ் ப ோ ர ் ட ்	F o r t
ஃ ப ் ப ோ ர ் ட ்	F o r t
ஃ ப ் ப ோ ர ் ட ்	F o r t
ஃ ப ் ப ோ ர ் ட ்	F o r t
ஃ ப ் ப ோ ர ் ட ்	F o r t
ஃ ப ் ப ோ ர ் ட ்	F o r t
ஃ ப ் ப ோ ர ் ட ்	F o r t
ஃ ப ் ப ோ ர ் ட ்	F o r t
ஃ ப ் ப ோ ர ் ட ்	F o r t
ஃ ப ் ப ோ ர ் ட ்	F o r t
ஃ ப ் ப ோ ர ் ட ்	F o r t
ஃ ப ் ப ோ ர ் ட ்	F o r t
ஃ ப ் ப ோ ர ் ட ்	F o r t
ஃ ப ் ப ோ ர ் ட ்	F o r t
ஃ ப ் ப ோ ர ் ட ்	F o r t
ஃ ப ் ப ோ ர ் ட ்	F o r t
ஃ ப ் ப ோ ர ் ட ்	F o r t
ஃ ப ் ப ோ ர ் ட ்	F o r t
ஃ ப ் ப ோ ர ் ட ்	F o r t
ஃ ப ் ப ோ ர ் ட ்	F o r t
ஃ ப ் ப ோ ர ் ட ்	F o r t
ஃ ப ் ப ோ ர ் ட ்	F o r t
ஃ ப ் ப ோ ர ் ட ்	F o r t
ஃ ப ் ப ோ ர ் ட ்	F o r t
ஃ ப ் ப ோ ர ் ட ்	F o r t
ஃ ப ் ப ோ ர ் ட ்	F o r t
ஃ ப ் ப ோ ர ் ட ்	F o r t
ஃ ப ் ப ோ ர ் ட ்	F o r t
ஃ ப ் ப ோ ர ் ட ்	F o r t
ஃ ப ் ப ோ ர ் ட ்	F o r t
ஃ ப ் ப ோ ர ் ட ்	F o r t
ஃ ப ் ப ோ ர ் ட ்	F o r t
ஃ ப ் ப ோ ர ் ட ்	F o r t
ஃ ப ் ப ோ ர ் ட ்	F o r t
ஃ ப ் ப ோ ர ் ட ்	F o r t
ஃ ப ் ப ோ ர ் ட ்	F o r t
ஃ ப ் ப ோ ர ் ட ்	F o r t
ஃ ப ் ப ோ ர ் ட ்	F o r t
ஃ ப ் ப ோ ர ் ட ்	F o r t
ஃ ப ் ப ோ ர ் ட ்	F o r t
ஃ ப ் ப ோ ர ் ட ்	F o r t
ஃ ப ் ப ோ ர ் ட ்	F o r t
ஃ ப ் ப ோ ர ் ட ்	F o r t
ஃ ப ் ப ோ ர ் ட ்	F o r t
ஃ ப ் ப ோ ர ் ட ்	F o r t
ஃ ப ் ப ோ ர ் ட ்	F o r t
ஃ ப ் ப ோ ர ் ட ்	F o r t
ஃ ப ் ப ோ ர ் ட ்	F o r t
ஃ ப ் ப ோ ர ் ட ்	F o r t
ஃ ப ் ப ோ ர ் ட ்	F o r t
ஃ ப ா க ் ஸ ்	F o x
ஃ ப ் ப ி ர ா ம ்	F r a m
ஃ ப ் ப ோ ர ் ட ்	F o r t
எ ன ் ஆ ர ் இ	N r e
எ ஃ ப ் .	F .
ஃ ப ் ப ோ ர ் ட ்	F o r t
ஃ ப ் ப ோ ர ் ட ்	F o r t
ஃ ப ் ப ோ ர ் ட ்	F o r t
ஃ ப ் ப ோ ர ் ட ்	F o r t
ஃ ப ் ப ோ ர ் ட ்	F o r t
ம ஹ ி ந ் த ் ர ா	M a h
எ ச ்	H
ஃ ப ் ப ெ ய ் ல ்	F a i l
க ண ் ஸ ் ட ் ர க ் ‌ ஷ ன ்	C o n s t
ஃ ப ் ப ோ ர ் ட ்	F o r t
ஃ ப ் ப ோ ர ் ட ்	F o r t
ஃ ப ் ப ோ ர ் ட ்	F o r t
ஃ ப ் ப ோ ர ் ட ்	F o r t
ஹ	H i g h
ஃ ப ் ப ா ர ் ம ்	F a r m
ஃ ப ் ப ோ ர ் ட ்	F o r t
ஃ ப ் ப ோ ர ் ட ்	F o r t
அ ன ்	N
ஃ ப ் ப ோ ர ் ட ் ஸ ்	F o r t s
இ ந ் த ி ய ன ்	I n d
ப ே ங ் க ்	B k
ஃ ப ் ப ோ ர ் ட ்	F o r t
ஃ ப ் ப ோ ர ் ட ் ஸ ்	F o r t s
ஃ ப ் ப ோ ர ் ட ் ஸ ்	F o r t s
ஃ ப ் ப ோ ர ் ட ்	F o r t
ஃ ப ் ப ோ ர ் ட ்	F o r t
ஃ ப ் ப ோ ர ் ட ்	F o r t
