k l m	ಕ ೆ ಎ ಲ ್ ಎ ಂ
i n d	ಇ ಂ ಡ ಸ ್ ಟ ್ ರ ೀ ಸ ್
b h e l	ಬ ಿ ಎ ಚ ್ ಇ ಎ ಲ ್
c o r p	ಕ ಾ ರ ್ ಪ ೊ ರ ೇ ಶ ನ ್
b k	ಬ ್ ಯ ಾ ಂ ಕ ್
c h a m a r a	ಚ ಮ ರ
g o u g h	ಗ ೌ
f e r t	ಫ ರ ್ ಟ ಿ ಲ ೈ ಸ ರ ್ ಸ ್
s t a n w i x	ಸ ್ ಟ ್ ಯ ಾ ನ ್ ‌ ವ ಿ ಕ ್ ಸ ್
c o n s t r	ಕ ನ ್ ಸ ್ ‌ ಸ ್ ಟ ್ ರ ಕ ್ ಷ ನ ್
h s b c	ಎ ಚ ್ ಎ ಸ ್ ‌ ಬ ಿ ಸ ಿ
i m a x	ಐ ಮ ್ ಯ ಾ ಕ ್ ಸ ್
i n g	ಐ ಎ ನ ್ ‌ ಜ ಿ
m a i n e	ಮ ೈ
h	ಹ ೆ ಚ ್
m a x	ಮ ್ ಯ ಾ ಕ ್ ಸ ್
m c ph a i l	ಮ ್ ಯ ಾ ಕ ್ ‌ ಫ ಾ ಯ ್ ಲ ್
6 6	6 6
x x i i i	X x i i i
s h a b e e h	ಶ ಬ ೀ
s h a j e e ' a h	ಶ ಜ ೀ ಹ
b	ಬ ್ ಯ ಾ ಂ ಕ ್
q	ಕ ್ ಯ ೂ
p e n	ಗ ೋ ಲ ್ ಡ ನ ್
y v e s	ವ ್ ಯ ಸ ್
y v e t t e	ವ ್ ಯ ೆ ಟ ್ ಟ ಿ
