a l a u d d i n ◊ a l i ◊ a h m e d ◊ s a b i r ◊ k a l y a r i	ಅ ಲ ಾ ವ ು ದ ್ ದ ೀ ನ ್ ◊ ಅ ಲ ಿ ◊ ಅ ಹ ಮ ದ ್ ◊ ಸ ಬ ೀ ರ ್
a r a l v a y m o z h i	ಅ ರ ಲ ್ ‌ ವ ೈ ಮ ೊ ಳ ಿ
a t i n d e r j e e t .	ಅ ತ ೀ ಂ ದ ್ ರ ಜ ೀ ತ ್
c o i m b a t o r e	ಕ ೊ ಯ ಂ ಬ ತ ್ ತ ೂ ರ ು
d e e p a k ◊ f e r t	ದ ೀ ಪ ಕ ್ ◊ ಫ ರ ್ ಟ ಿ ಲ ೈ ಸ ರ ್ ಸ ್
f a h i m ◊ m u n t a s i r	ಫ ಾ ಹ ಿ ಂ ◊ ಹ ು ಸ ೇ ನ ್
j u l i e t t e ◊ b i n o c h e	ಚ ೂ ಲ ಿ ಯ ಟ ್ ◊ ಬ ಿ ನ ೋ ಕ ್
k a i s e r ◊ f r i e d r i c h ◊ i i i .	ಕ ೈ ಸ ರ ್ ◊ ಫ ್ ರ ೆ ಡ ್ ರ ಿ ಕ ್ ◊ I i i .
k a i s e r ◊ w i l h e l m ◊ i i .	ಕ ೈ ಸ ರ ಿ ◊ ವ ಿ ಲ ್ ಹ ೆ ಮ ್ ◊ I i .
k i n g ◊ e d w a r d ◊ v i i	ಕ ಿ ಂ ಗ ್ ◊ ಎ ಡ ್ ವ ರ ್ ಡ ್ ◊ V i i
m i c h a e l ◊ d o u g l a s	ಮ ೈ ಖ ೇ ಲ ್ ◊ ಡ ೌ ಗ ್ ಲ ಾ ಸ ್
m i c h a e l ◊ j a c k s o n	ಮ ೈ ಖ ೇ ಲ ್ ◊ ಜ ಾ ಕ ್ ಸ ನ ್
m i c h a e l ◊ o n t a z e	ಮ ೈ ಖ ೇ ಲ ್ ◊ ಓ ಂ ಟ ೇ ಜ ್
p i y a ◊ g h a r ◊ a j a	ಪ ಿ ಯ ಾ ◊ ಕ ಾ ◊ ಘ ರ ್
p l a z a ◊ 6 6	ಪ ್ ಲ ಾ ಜ ಾ ◊ 6 6
p o p e ◊ j o h n ◊ p a u l ◊ i i	ಪ ೋ ಪ ್ ◊ ಜ ಾ ನ ್ ◊ ಪ ೌ ಲ ್ ◊ I i
p o p e ◊ j o h n ◊ p a u l ◊ x x i i i	ಪ ೋ ಪ ್ ◊ ಜ ಾ ನ ್ ◊ ಪ ೌ ಲ ್ ◊ X x i i i
q u e e n ◊ e l i z a b e t h ◊ i i	ಕ ್ ವ ೀ ನ ್ ◊ ಎ ಲ ಿ ಜ ಬ ೆ ತ ್ ◊ I i
r e e t i n d e r ◊ s o d h i	ರ ಿ ತ ಿ ಂ ದ ರ ್ ◊ ಸ ಿ ಂ ಗ ್
s a i n t ◊ j o s e p h ' s ◊ b o y s ' ◊ h i g h ◊ s c h o o l , ◊ b a n g a l o r e	ಸ ೆ ಂ ಟ ್ ◊ ಜ ೋ ಸ ೆ ಫ ್ ಸ ್ ◊ ಬ ಾ ಯ ್ ಸ ್ ◊ ಹ ೈ ◊ ಸ ್ ಕ ೂ ಲ ್ , ◊ ಬ ೆ ಂ ಗ ಳ ೂ ರ ು
s a i n t ◊ o l a f ' s ◊ c a s t l e	ಸ ೆ ಂ ಟ ್ ◊ ಒ ಲ ಾ ಫ ್ ಸ ್ ◊ ಕ ್ ಯ ಾ ಸ ್ ಟ ರ ್
t a i p e i ◊ 1 0 1	ತ ೈ ಪ ೆ ◊ 1 0 1
t u m u c u m a q u e	ತ ು ಮ ು ಕ ು ಮ ಾ ಕ ್ ಯ ು
t y r r h e n i a n	ತ ೈ ಹ ಿ ನ ಿ ಯ ನ ್
w o r l d ◊ a s s o c i a t i o n ◊ o f ◊ n e w s p a p e r s ' s ◊ g o l d e n ◊ p e n ◊ o f ◊ f r e e d o m ◊ a w a r d	ವ ರ ್ ಲ ್ ಡ ್ ◊ ಅ ಸ ೋ ಸ ಿ ಯ ೇ ಶ ನ ್ ◊ ಆ ಫ ್ ◊ ನ ್ ಯ ೂ ಸ ್ ◊ ಪ ೇ ಪ ರ ್ ಸ ್ ◊ ಗ ೋ ಲ ್ ಡ ನ ್ ◊ ಪ ೆ ನ ್ ◊ ಆ ಫ ್ ◊ ಫ ್ ರ ೀ ಡ ಂ
x e n o n	ಝ ೆ ನ ನ ್
