a c / d c	เ อ ซ ี ด ี ซ ี
a c t i n o m y c e t e s	แ อ ก ท ิ โ น ไ ม ซ ี ท ี ส
a d o b e	อ ะ โ ด บ ี
a d o w a	อ า โ ด ว า
a f g a n i s t a n	อ ั ฟ ก า น ิ ส ถ า น
a f g h a n i s t a n	อ ั ฟ ก า น ิ ส ถ า น
a g o g o	อ ะ โ ก โ ก
a g o n i c	อ ะ โ ก น ิ ก
a h o	อ า โ ฮ
a l a m o	แ อ ล ะ โ ม
a l l o t y p e	แ อ ล โ ล ไ ท ป ์
a m b l y g o n i t e	แ อ ม บ ล ิ โ ก ไ น ต ์
a p o d a c a	อ โ ป ด า ค ่ า
a p o g e e	อ ะ โ พ จ ี
a z o n a l	เ อ โ ซ น ั ล
b a l d i n o	บ ั ล ด ี โ น ว ์
b a l l a n c e	บ ั ล เ ล ิ น ส ์
b a m a k o	บ า ม า โ ก
b a n g l a d e s h	บ ั ง ก ล า เ ท ศ
b e a u v o i r , ◊ s i m o n e ◊ d e	โ บ ว ั ว ร ์ , ◊ ซ ี ม อ น ◊ เ ด อ
b h u t a n	ภ ู ฏ า น
b i	ไ บ
b i a s	ไ บ แ อ ส
b i o t y p e	ไ บ โ อ ไ ท ป ์
b i p i n	ไ บ พ ิ น
b i s c u i t	บ ี ๊ ซ ค ิ ท
b i s e x u a l	ไ บ เ ซ ก ช ว ล
b i s e x u a l	ไ บ เ ซ ็ ก ช ว ล
b l i g h	ไ บ ล
b m x	บ ี เ อ ็ ม เ อ ก ซ ์
b m x	บ ี เ อ ็ ม เ อ ็ ก ซ ์
b n r	บ ี เ อ ็ น อ า ร ์
b o d e	โ บ ด
b o g a r t	โ บ ก า ร ์ ต
b o g e y	โ บ ก ี
b o g i e	โ บ ก ี
b o g i e	โ บ ก ี ้
b o g y	โ บ ก ี
b o l o g n a	โ บ โ ล น ญ า
b o n ◊ v o y a g e	บ อ ง ว ั ว ย า ช
b o t h a	โ บ ท า
b o t o x	โ บ ท อ ก ซ ์
b o t u l i n u m ◊ t o x i n	โ บ ท ู ล ิ น ั ม ท อ ก ซ ิ น
b o u t i n	บ ู แ ต น
b o z e m a n	โ บ ส ์ เ ม ิ น
b r u n o	บ ร ู โ น
b u n c e	บ ั น ส ์
b y - p r o d u c t	บ า ย พ ร อ ด ั ก ต ์
b y b e e	ไ บ บ ี ้
b y w a t e r	ไ บ ว อ เ ต อ ร ์
c . l . u .	ซ ี แ อ ล ย ู
c a c h e	แ ค ช
c a l y p s o	ค า ล ิ ป โ ซ
c a m b o d i a	ก ั ม พ ู ช า
c a m p o	ก ั ม โ ป
c a n c e	แ ค น ส ์
c a p h a l o p o d	เ ซ ฟ า โ ล พ อ ด
c a p i l l a r y ◊ a c t i o n	แ ค พ ิ ล ล า ร ี แ อ ค ช ั น
c a p i l l a t u s	แ ค พ ิ ล ล า ต ั ส
c a p r i o	แ ค พ ร ี โ อ ้
c a r l ◊ r a n s o m ◊ r o g e r s	ค า ร ์ ล ◊ แ ร ม ซ ั น ◊ ร อ เ จ อ ร ส ์
c d - r w	ซ ี ด ี อ า ร ์ ด ั บ เ บ ิ ล ย ู
c h a m o m i l e	แ ค โ ม ไ ม ล ์
c h a n c e	แ ช น ส ์
c h a p a r r a l	แ ช ร ์ แ ป ร ั ล
c h a u f f e u r	โ ช เ ฟ อ ร ์
c h i - s q u a r e	ไ ค ส แ ค ว ร ์
c i a n o	ช ี อ า โ น
c i v i l i z e	ศ ิ ว ิ ไ ล ซ ์
c l e m e n c e	เ ค ล เ ม ิ น ส ์
c n n	ซ ี เ อ ็ น เ อ ็ น
c o - p y r o l y s i s	โ ค ไ พ โ ร ไ ล ซ ิ ส
c o b a l t - 6 0	โ ค บ อ ล ต ์ - ๖ ๐
c o g n a c	ค อ น ญ ั ก
c o r k ◊ c e l l	เ ซ ล ล ์ ค อ ร ์ ก
c r o - m a g n o n	โ ค ร ม ั น ย อ ง
c r y o h y d r a t e	ไ ค ร โ อ ไ ฮ เ ด ร ต
c r y o l i t e	ไ ค ร โ อ ไ ล ต ์
c r y o s c o p i c	ไ ค ร โ อ ส โ ก ป ิ ก
c t x	ซ ี ท ี เ อ ็ ก ซ ์
c w m	ค ั ม
c y c l o g r a p h	ไ ซ โ ค ล ก ร า ฟ
c y c l o h e x a n o l	ไ ซ โ ค ล เ ฮ ก ซ า น อ ล
c y c l o m a t i c	ไ ซ โ ค ล เ ม ต ิ ก
c y c l o n e	ไ ซ โ ค ล น
c y c l o s i s	ไ ซ โ ค ล ซ ิ ส
c y t o p l a s m	ไ ซ โ ต ป ล า ส ซ ึ ม
c z a j k o w s k i	ไ ช ค อ ฟ ส ก ี ้
d a g h e s t a n	ด า เ ก ส ถ า น
d a p h n e	แ ด ฟ น ี
d a v i d o w	แ ด ว ี โ ด ้
d a z z l i n g	แ ด ซ ซ ล ิ ง
d i	ไ ด
d i a s p o r e	ไ ด แ อ ส พ อ ร ์
d i n a h	ไ ด น ่ า
d i p t e r a n s	ไ ด พ ์ เ ท อ แ ร น
d n r	ด ี เ อ ็ น อ า ร ์
d o b y	โ ด บ ี ้
d o b y n s	โ ด บ ิ น ส ์
d o n i m o	โ ด ม ิ โ น
d o s e	โ ด ส
d o s i m e t e r	โ ด ซ ิ ม ิ เ ต อ ร ์
d o v e	โ ด ฟ
d o z i e r	โ ด ซ ี เ อ อ ร ์
d u b o i s , ◊ g u y ◊ p e n e	ด ู บ ั ว , ◊ ก ี ◊ แ ป ง
d u b o s e	ด ู โ บ ส
d w f	ด ี ด ั บ บ ล ิ ว เ อ ฟ
d y k s t r a	ไ ด ก ์ ส ต ร า
d y n a m o	ไ ด น า โ ม
e d i n b u r g h	เ อ ด ิ น บ ะ ร ะ
e i b	ไ อ บ ์
e l ◊ n i n o	เ อ ล น ี โ ญ
e v i n r u d e	อ ี ว ั น ร ู ้ ด
e y e	อ า ย
f a - h u a	ฝ า ห ั ว
f a h e y	แ ฟ ฮ ี
f a u n c e	ฟ อ น ส ์
f e i n i n g e r , ◊ l y o n e l	ไ ฟ น ิ ง เ ง อ ร ์ , ◊ ไ ล โ อ เ น ล
f e m t o	เ ฟ ม โ ต
f e u l n e r	ช อ ย ล ์ เ น อ ร ์
f i	ไ ฟ
f i b r o l i t e	ไ ฟ โ บ ร ไ ล ต ์
f i b r o t i c	ไ ฟ โ บ ร ต ิ ก
f i f o	ไ ฟ โ ฟ
f i n a n c e	ไ ฟ แ น น ซ ์
f l u i d i z e d	ฟ ล ู อ ิ ด ไ ด ซ ์
f o c a l	โ ฟ ก ั ส
f o l l o w - t h r o u g h	ฟ อ ล โ ล ว ์ ท ร ู ว ์
f o u l	ฟ า ล ์ ว
f r a u n c e	ฟ ร อ น ส ์
f u s a m a - e	ฟ ุ ซ ุ ม ะ เ อ ะ
f y g i	ไ ฟ จ ี ่
g ◊ t o ◊ g	จ ี ท ู จ ี
g a n d h i , ◊ i n d i r a	ค า น ธ ี , ◊ อ ิ น ท ิ ร า
g a n d h i , ◊ m a h a t m a	ค า น ธ ี , ◊ ม ห า ต ม า
g a s ◊ c h r o m a t o g r a p h y	แ ก ๊ ส โ ค ร โ ม โ ต ก ร า ฟ ฟ ี
g a z z a n i g a	ก ั ต แ ซ น น ี ก ้ า
g e h	เ จ ห ์
g e n o t y p e	จ ี โ น ไ ท ป ์
g e r m a i n e	แ ช ร ์ แ ม น
g l o b a l	โ ก ล บ ั ล
g l o b e ◊ a r t i c h o k e	โ ก ล ์ พ อ า ร ์ ต ิ โ ช ้ ค
g l o b i g e r i n a	โ ก ล บ ิ เ ก อ ร ิ น า
g l o b u l a r	โ ก ล บ ุ ล า ร ์
g l o s	โ ก ล ส
g l o v e	โ ก ล ฟ
g l o v e r	โ ก ล เ ว อ ร ์
g l y c o g e n o l y s i s	ไ ก ล โ ค เ จ โ น ไ ล ซ ิ ส
g l y c o l y s i s	ไ ก ล โ ค ไ ล ซ ิ ส
g o b e l i n s	โ ก เ บ อ แ ล ง
g o d i n	โ ก ด ิ ้ น
g o d o l p h i n	โ ก ด ั ล ฟ ิ น
g o f o r t h	โ ก ฟ อ ร ์ ท
g o g o l	โ ก ก อ ล
g o g o l , ◊ n i k o l a i	โ ก ก อ ล , ◊ น ี โ ค ไ ล
g o l a	โ ก ล ่ า
g o l d	โ ก ล ด ์
g o l d b a c h	โ ก ล ด ์ บ า ก
g o l d b e c k	โ ก ล ด ์ เ บ ็ ก
g o l d b l a t t	โ ก ล ด ์ เ บ ล ิ ต ต ์
g o l d e n	โ ก ล ด ์ เ ด ิ น
g o l d e n ◊ g o a l	โ ก ล เ ด น โ ก ล
g o l d e n b e r g	โ ก ล เ ด ิ น เ บ ิ ร ์ ก
g o l d e r	โ ก ล เ ด อ ร ์
g o l d f a r b	โ ก ล ด ์ ฟ า ร ์ บ
g o l d f i e l d	โ ก ล ด ์ ฟ ิ ล ด ์
g o l d f i n e	โ ก ล ด ์ ไ ฟ น ์
g o l d h a m m e r	โ ก ล ด ์ แ ฮ ม เ ม อ ร ์
g o l d h a w k	โ ก ล ด ์ ฮ ็ อ ก
g o l d i n	โ ก ล ด ิ ้ น
g o l d i n g	โ ก ล ด ิ ง
g o l d i n g , ◊ w i l l i a m	โ ก ล ด ิ ง , ◊ ว ิ ล เ ล ี ย ม
g o l d i s	โ ก ล ด ิ ส
g o l d m a n	โ ก ล ด ์ เ ม ิ น
g o l d m a n n	โ ก ล ด ์ เ ม ิ ่ น
g o l d m a r k	โ ก ล ด ์ ม า ร ์ ก
g o l d r i n g	โ ก ล ด ์ ร ิ ง
g o l d s	โ ก ล ด ์ ส
g o l d s b o r o u g h	โ ก ล ด ์ ส เ บ อ โ ร
g o l d s c h m i d t	โ ก ล ด ์ ช ม ิ ต
g o l d s m i t h	โ ก ล ด ์ ส ม ิ ท
g o l d s m i t h , ◊ o l i v e r	โ ก ล ด ์ ส ม ิ ท , ◊ โ อ ล ิ เ ว อ ร ์
g o l d s t e i n	โ ก ล ด ์ ส ไ ต น ์
g o l d s t o n e	โ ก ล ด ์ ส โ ต น
g o l d s w o r t h y	โ ก ล ด ์ ส เ ว ิ ร ์ ต ท ี ่
g o l d w a s s e r	โ ก ล ด ์ ว อ ส เ ซ อ ร ์
g o l d w i n	โ ก ล ด ์ ว ิ น
g o l d w y n	โ ก ล ด ์ ว ิ น
g o l d y	โ ก ล ด ี ้
g o l e c	โ ก ล ิ ก
g o l e s	โ ก ล ส ์
g o l i g h t l y	โ ก ไ ล ท ์ ล ี ่
g o l o m b e k	โ ก ล อ ม บ ิ ก
g o n e t	โ ก น ิ ต
g o n i o m e t e r	โ ก น ิ โ อ ม ิ เ ต อ ร ์
g o n o r r h e a	โ ก โ น เ ร ี ย
g o o d a i r	ก ู ๊ แ ด ร ์
g o o d a l e	ก ู ๊ เ ด ล
g o o d e	ก ู ๊ ด
g o o d e n	ก ู ๊ เ ด ิ ่ น
g o s e	โ ก ส
g o v e	โ ก ฟ
g o v i n d	โ ก ว ิ น ด ์
g o w	โ ก ว ์
g o y a	โ ก ย า
g r o b e	โ ก ร บ
g r o c e	โ ก ร ส
g r o h	โ ก ร ห ์
g r o s s	โ ก ร ส
g r o s v e n o r	โ ก ร ฟ เ น อ ร ์
g r o t h e	โ ก ร ท
g r o w	โ ก ร ว
g u r u	ค ุ ร ุ
g w i l y m	ค ว ี ล ิ ม
g y b e	ไ จ บ ์
g y l e s	ไ จ ล ึ ส
g y r a t i o n	ไ จ เ ร ช ั น
h a g u e	เ ฮ ก
h a n c e	แ ฮ น ส ์
h a z l i t t	แ ฮ ซ ล ิ ต ต ์
h e m o g l o b i n	เ ฮ โ ม โ ก ล บ ิ น
h e x h a m s h i r e	เ ฮ ก แ ซ ม เ ช ี ย ร ์
h e x o d e	เ ฮ ก โ ซ ด
h i	ไ ฮ
h i - f i	ไ ฮ ไ ฟ
h i - f l	ไ ฮ ไ ฟ
h i - s o	ไ ฮ โ ซ
h i j a c k	ไ ฮ แ จ ็ ก
h i n t z	ฮ ิ น ต ์
h o ◊ c h i ◊ m i n h	โ ฮ จ ิ ม ิ น ห ์
h o b a n , ◊ j a m e s	โ ฮ บ ั น , ◊ เ จ ม ส ์
h o b a r t	โ ฮ บ า ร ์ ต
h o c h s t e i n	โ อ ค ส ไ ต น ์
h o d e s	โ ฮ ด ส ์
h o d o g r a p h	ฮ อ โ ด ก ร า ฟ
h o g a n	โ ฮ ก ั น
h o g a r t h	โ ฮ ก า ร ์ ท
h o g a r t h , ◊ w i l l i a m	โ ฮ ก า ร ์ ท , ◊ ว ิ ล เ ล ี ย ม
h o g e	โ ฮ จ
h o g u e	โ ฮ ก
h o k k a i d o	ฮ อ ก ไ ก โ ด
h o l b e r g	โ อ ล เ บ ิ ร ์ ก
h o l t	โ อ ล ต ์
h o m o s e x u a l	โ ฮ โ ม เ ซ ก ช ว ล
h o m o s e x u a l	โ ฮ โ ม เ ซ ็ ก ช ว ล
h o r a c e	โ อ ร า ซ
h o r s e ◊ l a t i t u d e s	ฮ อ ร ์ ส ล ะ ต ิ จ ู ด
h o s i e	โ ฮ ซ ี ่
h o s t	โ ฮ ส
h o v d e	โ ฮ ฟ ด ์
h o v e	โ ฮ ฟ
h o v e y	โ อ ว ี ย ์
h o v i n g	โ ฮ ว ิ ่ ง
h o w i s o n	โ ฮ ว ี ส ั ้ น
h u g o	อ ู โ ก
h u g o	ฮ ิ ว โ ก
h u g o , ◊ v i c t o r	อ ู โ ก , ◊ ว ี ก ต อ ร ์
h u i s h	ฮ ิ ว อ ื ช
h y b i r d	ไ ฮ บ ร ิ ด
h y b r i d i s a t i o n	ไ ฮ บ ร ิ ไ ด เ ซ ช ั น
h y d r a n g e a s	ไ ฮ แ ด ร น เ ย ี ย
h y d r o l y s i s	ไ ฮ โ ด ร ไ ล ซ ิ ส
h y g e n e	ไ ฮ จ ี น
h y g r o g r a m	ไ ฮ โ ก ร แ ก ร ม
h y g r o g r a p h	ไ ฮ โ ก ร ก ร า ฟ
h y g r o m e t e r	ไ ฮ ก ร อ ม ิ เ ต อ ร ์
h y g r o m e t e r	ไ ฮ โ ก ร ม ิ เ ต อ ร ์
h y g r o s c o p e	ไ ฮ โ ก ร ส โ ค ป
h y l a n d e r	ไ ฮ แ ล น เ ด อ ร ์
h y p o c a r p	ไ ฮ โ พ ค า ร ์ ป
h y p o c h l o r i t e	ไ ฮ โ ป ค ล อ ไ ร ต ์
h y p o c y c l o i d	ไ ฮ โ พ ไ ซ ค ล อ ย ด ์
h y p o l i m n i o n	ไ ฮ โ พ ล ิ ม เ น ี ย น
h y p o t o n i c	ไ ฮ โ พ ท อ น ิ ก
h y p o x i a	ไ ฮ โ พ เ ซ ี ย
i c e - c r e a m	ไ อ ศ ก ร ี ม
i m p a c t	อ ิ ม แ พ ค
i n c .	อ ิ ง ก ์
j a d e i t e	เ จ ไ ด ต ์
j a q u e s	แ จ ก ส ์
j e l l y	เ ย ล ล ี
j e r u s a l e m	เ ย ร ู ซ า เ ล ม
j e r u s a l e m	เ ย ร ู ซ า เ ล ็ ม
j e s u i t	เ ย ซ ู อ ิ ต
j e s u s	เ ย ซ ู
j o	โ จ
j o a c h i m	โ จ อ า ค ิ ม
j o b i m , . a n t o n i o ◊ c a r l o s	โ ค บ ิ ม , ◊ อ ั น โ ต เ น ี ย ว ◊ ก า ร ์ โ ล ส
j o b i n	โ จ บ ิ ้ น
j o d y	โ จ ด ี
j o h a n	โ ย ฮ ั น
j o h a n n	โ ย ฮ ั น น ์
j o h a n n s e n	โ จ แ ฮ น เ ซ ิ ่ น
j o h a n s e n	โ จ แ ฮ น เ ซ ิ ่ น
j o j o b a	โ จ โ จ บ า
j o n a h	โ จ น ่ า ห ์
j o n a s	โ จ น ั ส
j o n a t h a n	โ จ น า ท า น
j o n a t h a n	โ ย น า ท า น
j o r u r i	โ จ ร ุ ร ิ
j o s e f i n a	โ จ ส ฟ ี น ่ า
j o s e p h i n e	โ ย เ ซ ฟ ี เ น อ
j o s h u a	โ จ ช ั ว
j o u b e r t	เ ย า เ บ ิ ร ์ ต
j o v a	โ จ ว ่ า
k .	เ ค
k a n g a r o o	แ ก ง ก า ร ู
k a t h m a n d u	ก า ฐ ม า ณ ฑ ุ
k a t m a n d u	ก า ฐ ม ั ณ ฑ ุ
k a z a k h s t a n	ค า ซ ั ค ส ถ า น
k a z a k h s t a n	ค า ซ า ค ส ถ า น
k a z i n	เ ค ซ ิ น
k a z y	เ ค ซ ี ่
k e l c e	เ ค ล ส ์
k e l v i n - h e l m h o l t z	เ ค ล ว ิ น - เ ฮ ล ์ ม โ ฮ ล ซ ์
k o b e	โ ค บ
k o d a k	โ ก ด ั ก
k o d i a k	โ ก ด ี แ อ ก
k o d i a k	โ ก ไ ด แ อ ก
k o h l e r	โ ก ห ์ เ ล อ ร ์
k o l b a	โ ก ล บ ้ า
k o p a n	โ ค แ พ น
k o t a ◊ b a h r u	โ ก ต า บ า ร ู
k o v a c s	โ ค แ ว ็ ก ส ์
k o v a n d a	โ ค แ ว น ด ้ า
k o v n o	ค อ ฟ โ น
k o z a	โ ค ซ า
k u r o s h i o	ค ุ โ ร ช ิ โ อ ะ
k y r g y z s t a n	เ ค อ ร ์ ก ิ ส ถ า น
k y r o s	ไ ค โ ร ส
l a m b e	แ ล ม
l a m p r o b o l i t e	แ ล ม โ พ ร โ บ ไ ล ต ์
l a m p r o p h y r e	แ ล ม โ พ ร ไ ฟ ร ์
l a p i d u s	แ ล พ ี เ ด ิ ส
l a p s e	แ ล พ ส ์
l a s k o	แ ล ส โ ค
l a t i t u d e s	ล ะ ต ิ จ ู ด
l a w r a n c e	ล อ เ ร ิ ่ น ส ์
l e b e s g u e s	เ ล อ เ บ ก
l e c o x e n e	ล ู โ ค ซ ี น
l e g r o	เ ล โ ก ร
l i f o	ไ ล โ ฟ
l i m p o	ล ิ ม โ ป
l i p o p r o t e i n	ไ ล โ ป โ ป ร ต ี น
l o o k e r	ล ุ ๊ เ ค อ ร ์
l o u i s	ห ล ุ ย ส ์
l o u i s , ◊ m o r r i s	ห ล ุ ย ์ ส , ◊ ม อ ร ์ ร ิ ส
l o u i s e	ห ล ุ ย ส ์
l o w r a n c e	ล อ เ ร ิ ่ น ส ์
l u d o	ล ู โ ด
l y c h e e	ไ ล ช ี
l y g o n	ไ ล ก อ น
l y s a n d e r	ไ ล แ ซ น เ ด อ ร ์
m a ' a m	แ ห ม ่ ม
m a h o n y	แ ม ฮ า น ี ่
m a m b o	แ ม ม โ บ
m a n a g u a	ม า น า ก ั ว
m a n c e	แ ม น ส ์
m a n c h u r i a	แ ม น จ ู เ ร ี ย
m a n z o n i	แ ม น โ ซ น ี ่
m a r b l e ◊ a r c h	ม า ร ์ บ ะ ล า ช
m a r c e a u	ม า ร ์ โ ซ ่
m a r y b e t h	แ ม ไ ร เ บ ท
m e g a p r o j e c t	เ ม ก ะ โ ป ร เ จ ก ต ์
m e i g s	ไ ม ส ์
m e n c e	เ ม น ส ์
m e r i n g u e	เ ม อ ร ์ แ ร ง
m e r i n g u e	เ ม อ แ ร ง
m e t a z o a	เ ม ท า ซ ั ว
m f n	เ อ ็ ม เ อ ฟ เ อ ็ น
m i f s u d	ม ิ ช เ ซ ิ ด
m i l l i k a n	ม ิ ล ล ิ แ ก น
m i z e	ไ ม ส ์
m l s s	เ อ ็ ม แ อ ล เ อ ส เ อ ส
m m d	เ อ ็ ม เ อ ็ ม ด ี
m o b i l e	โ ม บ ี ล
m o b i l e	โ ม ไ บ ล ์
m o b l e y	โ ม บ ล ี ่
m o c h a	โ ม ค า
m o d a l i t y	โ ม แ ด ล ล ิ ต ี
m o d e	โ ม ด
m o g a d i s h u	โ ม ก า ด ิ ช ู
m o g a d i s h u	โ ม ก า ด ิ ส ช ู
m o h a w k	โ ม ฮ อ ก
m o h a w k	โ ม ฮ ็ อ ก
m o h l e r	โ ม ห ์ เ ล อ ร ์
m o h s	โ ม ห ์ ส ์
m o n j o	โ ม น โ จ
m o n t a n a	ม อ น ต า ญ า
m o z a m b i q u e	โ ม ซ ั ม บ ิ ก
m o z a r t	โ ม ซ า ร ์ ต
m o z a r t , ◊ w o l f g a n g ◊ a m a d e u s	โ ม ซ า ร ์ ท , ◊ ว อ ล ์ ฟ ก ั ง ◊ อ า ม า เ ด อ ุ ส
m p n	เ อ ็ ม พ ี เ อ ็ น
m r i	เ อ ็ ม อ า ร ์ ไ อ
m s	เ อ ็ ม เ อ ส
m s l	เ อ ็ ม เ อ ส แ อ ล
m s w	เ อ ็ ม เ อ ส ด ั บ บ ล ิ ว
m u n o z	ม ู โ น ส
m y c e n a e	ไ ม ซ ี น ี
m y l a y o p o l y n e s i a n	ม า ล า โ ย โ พ ล ิ น ี ช ี ย น
n a n c e	แ น น ส ์
n a s s e r , ◊ g a m a l ◊ a b d e l	น ั ส เ ซ อ ร ์ , ◊ จ ะ ม ั ล ◊ อ ั บ ด ุ ล
n d j a m e n a	เ อ ็ น จ า เ ม น า
n e p o t e	เ น โ พ ต
n e p t u n e	เ น ป จ ู น
n i a s	ไ น แ อ ส
n i c a r a g u a	น ิ ก า ร า ก ั ว
n i g h t ◊ c l u b	ไ น ท ์ ค ล ั บ
n i g h t c l u b	ไ น ท ์ ค ล ั บ
n i t r i l o t r i a c e t i c	ไ น ต ร ิ โ ล ไ ต ร แ อ ซ ี ต ิ ก
n i t r o b a c t e r	ไ น โ ต ร แ บ ค เ ท อ ร ์
n i t r o g e n ◊ d i o x i d e	ไ น โ ต ร เ จ น ไ ด อ อ ก ไ ซ ด ์
n i t r o g e n ◊ o x i d e	ไ น โ ต ร เ จ น อ อ ก ไ ซ ด ์
n i t r o g e n o u s	ไ น โ ต ร จ ิ น ั ส
n i t r o g l y c e r i n e	ไ น โ ต ร ก ล ี เ ซ อ ร ิ น
n i t r o p h e n o l s	ไ น โ ต ร ฟ ี น อ ล
n i t r o s o m o n a s	ไ น โ ต ร โ ซ โ ม น ั ส
n m r	เ อ ็ น เ อ ็ ม อ า ร ์
n o	โ น
n o b u y u k i	โ น บ ู ย ู ก ิ
n o c a r d i a	โ น ค า ร ์ เ ด ี ย
n o c e	โ น ส
n o g a l e s	โ น ก อ เ ล ส
n o h e	โ น ห ์
n o l t e	โ น ล ์ ต
n o s e w o r t h y	โ น ส เ ว อ ร ์ ท ี ่
n o v a k , ◊ r o b e r t	โ น แ ว ก , ◊ ร อ เ บ ิ ร ์ ต
n o v e r r e , ◊ j e a n - g e o r g e	โ น แ ว ร ์ , ◊ ช อ ง - ช อ ร ์ ช
n o v o t n a , ◊ j a n a	โ น โ ว ต น า , ◊ ย า น า
n o v y	โ น ว ี ่
n o w a k	โ น แ ว ็ ก
n r	เ อ ็ น อ า ร ์
n u r	เ อ ็ น ย ู อ า ร ์
n y q u i s t	ไ น ค ว ิ ส ต ์
o b y r n e	อ ไ บ ร ึ น
o c h o a	อ ็ อ ด โ ช อ ้ า
o d o g r a p h	โ อ โ ด ก ร า ฟ
o m r	โ อ เ อ ็ ม อ า ร ์
o n c k e n	อ อ ง แ ก น
o z o n e	โ อ โ ซ น
o z o n i s a t i o n	โ อ โ ซ ไ น เ ซ ช ั น
o z o n o s p h e r e	โ อ โ ซ โ น ส เ ฟ ี ย ร ์
p . o . v .	พ ี โ อ ว ี
p a k i s t a n	ป า ก ี ส ถ า น
p a l i s a d e ◊ c e l l	เ ซ ล ล ์ แ พ ล ิ เ ซ ด
p a n g b o r n	แ พ ง บ อ ร ์ น
p a n t o g r a p h	แ พ น โ ท ก ร า ฟ
p a n t o m i m e	แ พ น โ ท ไ ม ม ์
p a p i n e a u	แ พ พ ี โ น ่
p a p u a	ป า ป ั ว
p a v i o v a , ◊ a n n a	พ ั ฟ โ ล ว า , ◊ แ อ น น า
p e t a n q u e	เ ป ต อ ง
p e t r o g l y p h	เ ป โ ต ร ก ล ี ฟ
p e t r o u	เ พ โ ท ร
p f l a g	แ ฟ ล ็ ก
p h l o e m	โ ฟ ล เ อ ็ ม
p h l o g o p i t e	โ ฟ ล โ ก ไ พ ต ์
p h o t o g r a m m e t r y	โ ฟ โ ต แ ก ร ม เ ม ต ร ี
p h o t o l y s i s	โ ฟ โ ต ไ ล ซ ิ ส
p h o t o s t a t	โ ฟ โ ต ส แ ต ต
p m r	พ ี เ อ ็ ม อ า ร ์
p n e u m a t i c	น ิ ว เ ม ต ิ ก
p n e u m o n i a	น ิ ว ม อ เ น ี ย
p o c a h o n t a s	โ พ ค า ฮ อ น ท ั ส
p o l e	โ ป ล
p o l h e m u s	โ พ ล ฮ ี เ ม ิ ส
p o l o	โ ป โ ล
p o l y p r o p y l e n e	พ อ ล ิ โ พ ร พ ิ ล ี น
p o n e n t e	โ ป น อ ง ต ์
p o p e	โ พ ป
p o p e , ◊ a l e x a n d e r	โ พ ป , ◊ อ ะ เ ล ็ ก ซ า น เ ด อ ร ์
p o p e , ◊ j o h n ◊ r u s s e l l	โ พ ป , ◊ จ อ ห ์ น ◊ ร ั ส เ ซ ล ล ์
p o r t ◊ l o u i s	ป อ ร ์ ต ห ล ุ ย ส ์
p o r t ◊ l o u i s	พ อ ร ์ ต ห ล ุ ย ส ์
p o r t - a u - p r i n c e	ป อ ร ์ โ ต แ ป ร ง ซ ์
p o r t o - n o v o	ป อ ร ์ โ ต - โ น โ ว
p o r t u g a l	โ ป ร ต ุ เ ก ส
p o s e i d o n	โ พ ไ ซ ด อ น
p o s i t i o n i n g	โ พ ซ ิ ช ั น น ิ ่ ง
p o s i t r o n	โ พ ซ ิ ต ร อ น
p o s t	โ พ ส ต ์
p o s t - p a i d	โ พ ส ต ์ เ พ ด
p o s t a n	โ พ ส แ ต น
p o s t c a r d	โ ป ส ก า ร ์ ด
p o s t c a r d	โ ป ส ต ์ ก า ร ์ ด
p o s t e r	โ ป ส เ ต อ ร ์
p o s t e r	โ พ ส เ ต อ ร ์
p o s t g a t e	โ พ ส ต ์ เ ก ต
p o s t m a s t e r	โ พ ส ต ์ ม า ส เ ต อ ร ์
p o s t o n	โ พ ส เ ต ิ ้ น
p o s t o w	โ พ ส โ ต ว ์
p o s t s c r i p t	โ พ ส ต ์ ส ค ร ิ ป ต ์
p o s t s y	โ พ ส ซ ี ่
p o t a s s i u m	โ พ แ ท ส เ ซ ี ย ม
p o t a s s i u m ◊ c y a n i d e	โ พ แ ท ส เ ซ ี ย ม ไ ซ ย า ไ น ด ์
p o t a s s i u m ◊ h y d r o x i d e	โ พ แ ท ส เ ซ ี ย ม ไ ฮ ด ร อ ก ไ ซ ด ์
p o t a s s i u m ◊ n i t r a t e	โ พ แ ท ส เ ซ ี ย ม ไ น เ ต ร ต
p o t a s s i u m ◊ p e r m a n g a n a t e	โ ป แ ต ส เ ซ ี ย ม เ ป อ ร ์ แ ม ง ก า เ น ต
p o t i	โ ป ต ี
p o w y s	โ พ ว ิ ส
p r a n c e	แ พ ร น ส ์
p r i n c e	ป ร ิ น ส ์
p r o b e	โ พ ร บ
p r o b e r t	โ พ ร เ บ ิ ร ์ ต
p r o b y	โ พ ร บ ี ้
p r o c a r y o t e	โ พ ร แ ค ร ิ โ อ ต
p r o c a r y o t e s	โ พ ร แ ค ร ิ โ อ ต
p r o c e d u r e	โ พ ร ซ ี เ จ อ ร ์
p r o c e s s o r	โ พ ร เ ซ ส เ ซ อ ร ์
p r o c y o n	โ ป ร ซ ิ อ อ น
p r o d u c t	โ ป ร ด ั ก ต ์
p r o d u c t i o n	โ พ ร ด ั ก ช ั น
p r o d u c t i o n s	โ ป ร ด ั ก ช ั ่ น ส ์
p r o f e s s i o n a l	โ พ ร เ ฟ ส ช ั น น อ ล
p r o f e s s o r	โ ป ร เ ฟ ส เ ซ อ ร ์
p r o f e s s o r	โ พ ร เ ฟ ส เ ซ อ ร ์
p r o f i l e	โ พ ร ไ ฟ ล ์
p r o f u m o	โ พ ร ฟ ู โ ม
p r o g r a m	โ ป ร แ ก ร ม
p r o g r a m m e	โ ป ร แ ก ร ม
p r o g r a m m e r	โ ป ร แ ก ร ม เ ม อ ร ์
p r o g r a m m i n g	โ ป ร แ ก ร ม
p r o g r e s s i v e	โ พ ร เ ก ร ส ซ ี ฟ
p r o j e c t	โ พ ร เ จ ก ต ์
p r o j e c t i l e	โ พ ร เ จ ก ไ ท ล ์
p r o j e c t i o n	โ พ ร เ จ ็ ก ช ั น
p r o j e c t o r	โ ป ร เ จ ก เ ต อ ร ์
p r o j e c t o r	โ พ ร เ จ ก เ ต อ ร ์
p r o j e c t o r	โ พ ร เ จ ็ ก เ ต อ ร ์
p r o k a r y o t e	โ พ ร แ ค ร ิ โ อ ต
p r o k o f i e v ◊ , s e r g e i	โ ป ร โ ค ฟ ี ฟ , ◊ เ ซ ี ย ร ์ เ ก ย ์
p r o k o p	โ พ ร เ ค ิ ป
p r o l i f e r a t i o n	โ พ ร ล ิ เ ฟ อ เ ร ช ั น
p r o l o g	โ ป ร ล ็ อ ก
p r o m o t e r	โ ป ร โ ม เ ต อ ร ์
p r o m o t e r	โ พ ร โ ม เ ต อ ร ์
p r o m o t i o n	โ ป ร โ ม ช ั น
p r o m o t i o n	โ พ ร โ ม ช ั น
p r o n y	โ พ ร น ี
p r o p h a s e	โ พ ร เ ฟ ส
p r o t a c t i n i u m	โ พ ร แ ท ก ท ิ เ น ี ย ม
p r o t a s	โ พ ร ต ั ส
p r o t e i n	โ ป ร ต ี น
p r o t e o l y s i s	โ พ ร ท ี โ อ ไ ล ซ ิ ส
p r o t e r o z o i c	โ ป ร เ ท โ ร โ ซ อ ิ ก
p r o t e r o z o i c	โ พ ร เ ท อ โ ร โ ซ อ ิ ก
p r o t e s t a n t	โ ป ร เ ต ส แ ต น ต ์
p r o t e u s	โ พ ร เ ท ี ย ส
p r o t i s t a	โ พ ร ท ิ ส ต า
p r o t i s t s	โ พ ร ท ิ ส ต ์
p r o t o a c t i n i u m	โ พ ร โ ท แ อ ก ท ิ เ น ี ย ม
p r o t o c o l	โ พ ร โ ท ค อ ล
p r o t o n	โ ป ร ต อ น
p r o t o n e m a	โ พ ร โ ท น ี ม า
p r o t o n s	โ ป ร ต อ น
p r o t o p l a s m	โ ป ร โ ต ป ล า ส ซ ึ ม
p r o t o p l a s m	โ พ ร โ ท พ ล า ซ ึ ม
p r o t o p l a s t	โ พ ร โ ท พ ล า ส ต ์
p r o t o z o a	โ พ ร โ ท ซ ั ว
p r o t o z o i c	โ ป ร โ ต โ ซ อ ิ ก
p r o t r a c t o r	โ ป ร แ ท ร ก เ ต อ ร ์
p r o t r a c t o r	โ ป ร แ ท ร ็ ก เ ต อ ร ์
p r o t r a c t o r	โ พ ร แ ท ร ก เ ต อ ร ์
p r o v i n c e	โ พ ร ว ิ น ซ ์
p r o v i n c e s	โ พ ร ว ิ น ซ ์
p r o v i n e	โ พ ร ว ี น ี ่
p r r	พ ี อ า ร ์ อ า ร ์
p u b	ผ ั บ
p u r e	เ พ ี ย ว
p u z o , ◊ m a r i o	ป ู โ ซ , ◊ ม า ร ี โ อ
p y r a n o m e t e r	ไ พ ร ์ อ ะ โ น ม ิ เ ต อ ร ์
p y r o l y s i s	ไ พ โ ร ไ ล ซ ิ ส
q u a c k e n b u s h	แ ค ว ็ ก เ ค ิ น บ ุ ช
q u a i d e	เ ค ว ด
q u a y l e	เ ค ว ล
q u i n t i n	แ ก ง แ ต ง
q u o t a	โ ค ว ต า
q u o t a t i o n	โ ค ว เ ท ช ั น
q u o t e	โ ค ว ต
r a b b i	แ ร บ ไ บ
r a i s z	ไ ร ซ ์
r a n c e	แ ร น ส ์
r a o	โ ร ว ์
r e r	อ า ร ์ อ ี อ า ร ์
r h r	อ า ร ์ เ อ ช อ า ร ์
r m	อ า ร ์ เ อ ็ ม
r m c l	อ า ร ์ เ อ ็ ม ซ ี แ อ ล
r n a	อ า ร ์ เ อ ็ น เ อ
r o b i n e a u	ร อ บ ี โ น ่
r o b i n s o n , ◊ b i l l ◊ ( b o j a n g l e s )	ร อ บ ิ น ส ั น , ◊ บ ิ ล ล ์ ◊ ( โ บ แ จ ง เ ก ิ ล ส ์ )
r p n	อ า ร ์ พ ี เ อ ็ น
r q	อ า ร ์ ค ิ ว
r s f	อ า ร ์ เ อ ส เ อ ฟ
s a i n t - e x u p e r y , ◊ a n t o i n e ◊ d e	แ ซ ง แ ต ก ซ ู เ ป ร ี , ◊ อ อ ง ต ว น ◊ เ ด อ
s a i n t l a w r e n c e	เ ซ ็ น ต ์ ล อ เ ร ิ ่ น ส ์
s a m o a	ซ า ม ั ว
s a n d o	แ ซ น โ ด
s a n g s t e r	แ ซ ง ส เ ต อ ร ์
s a n k o	แ ซ ง โ ก
s a n m y	แ ซ ม ม ี
s a r o n g	โ ส ร ่ ง
s a t a y	ส ะ เ ต ๊ ะ
s c o n c e	ส ค อ น ส ์
s d n r	เ อ ส ด ี เ อ ็ น อ า ร ์
s e n o r a	ซ ี ญ อ ร า
s e v e r a n c e	เ ซ เ ว อ เ ร ิ ่ น ส ์
s h a y s	เ ช ส ์
s h r i v e r	ไ ช ร เ ว อ ร ์
s h y	ไ ช ย ์
s i n g a p o r e	ส ิ ง ค โ ป ร ์
s l r	เ อ ส แ อ ล อ า ร ์
s m l	เ อ ส เ อ ็ ม แ อ ล
s n r	เ อ ส เ อ ็ น อ า ร ์
s n u r	เ อ ส เ อ ็ น ย ู อ า ร ์
s o p h i a	โ ซ ไ ฟ อ า
s o s a	โ ซ ซ ่ า
s p o d o s o l s	ส ป อ โ ด ซ อ ล ส ์
s p o r o z o a	ส โ ป โ ร ซ ั ว
s p r r	เ อ ส พ ี อ า ร ์ อ า ร ์
s p r u a n c e	ส ป ร ู เ อ ิ น ส ์
s r i ◊ l a n k a	ศ ร ี ล ั ง ก า
s t e w a r d	ส จ ๊ ว ต
s t e w a r t	ส จ ๊ ว ต
s t r e p t o m y c i n	ส เ ต ร ป โ ท ไ ม ซ ิ น
s u b s i d e n c e	ส ั บ ส ิ เ ด น ท ์
s u l i m a n	ว ู ล ี เ ม ิ ่ น
s y k e s	ไ ซ ก ์ ส
s y l v e s t e r	ซ ิ ส เ ว ส เ ต อ ร ์
s y m e	ไ ซ ม ์
s y m e s	ไ ซ ม ึ ส
s y m o n s	ไ ซ ม อ น ส ์
s y p h o n	ไ ซ ฟ อ น
s y r o s	ไ ซ ร อ ส
s z a b o	ช า โ บ
s z i l a r d	ช ิ ล เ ล ิ ร ์ ด
t a g o r e , ◊ r a b i n d r a n a t h	ต ะ ก อ ร ์ , ◊ ร ะ พ ิ น ท ร น า ถ
t a j i k i s t a n	ท า จ ิ ก ิ ส ถ า น
t a j i k i s t a n	ท า จ ิ ก ี ส ถ า น
t e m p o r a l e	เ ท ม โ ป ร า ล
t e m p o r a l e	เ ท ม โ พ ร า ล
t e t r a g o n a l	เ ท ท ร ะ โ ก น ั ล
t h i b o d a u x	ท ี เ บ อ โ ด
t i e p o l o , ◊ g i o v a n n i ◊ b a t t i s t a	ต ี เ อ โ ป โ ล , ◊ โ จ ว ั น น ี ◊ บ ั ต ต ิ ส ต า
t i t a n o m a g n e t i t e	ไ ท ท ะ โ น แ ม ก น ี ไ ท ต ์
t o b e y , ◊ m a r k	โ ท บ ี ย ์ , ◊ ม า ร ์ ก
t o b y	โ ท บ ี
t o p a z	โ ท แ ป ซ
t o p a z	โ ท แ พ ซ
t r a m o n t a n o	ท ร า ม อ น ต า โ น
t r i c e p s	ไ ต ร เ ซ บ
t u n e	จ ู น
t u r k m e n i s t a n	เ ต อ ร ์ ก เ ม น ิ ส ถ า น
t u r k m e n i s t a n	เ ต ิ ร ์ ก เ ม น ิ ส ถ า น
t y p h o i d	ไ ท ฟ อ ย ด ์
t y p h o o n	ไ ต ้ ฝ ุ ่ น
u . n .	ย ู เ อ ็ น
u f o	ย ู โ ฟ
u m a y y a h	อ ุ ไ ม ย ะ ห ์
u m n o	อ ั ม โ น
u z b e k i s t a n	อ ุ ซ เ บ ก ิ ส ถ า น
u z b e k i s t a n	อ ุ ซ เ บ ก ี ส ถ า น
v a g u e	เ ว ก
v a l l a n c e	แ ว ล เ ล ิ ่ น ส ์
v a l o i s	แ ว ล ว ่ า
v a l p a r a i s o	ว ั ล ป า ไ ร โ ซ
v e d o v a	เ ว โ ด ว ่ า
v e r t i g o	เ ว อ ร ์ ไ ท โ ก
v i c a r y	ไ ว แ ค ร ี ่
v i d a l	ไ ว แ ด ล
v o g t	โ ว ก ต ์
v o j v o d a	ว อ ย โ ว ด ้ า
v o k e s	โ ว ก ส ์
v o l t a m e t e r	โ ว ล ท า ม ิ เ ต อ ร ์
v o t a v a	โ ว ท า ว ่ า
v o t e	โ ว ต
w i n c e	ว ิ น ส ์
w o l c o t t	โ ว ล ์ เ ค ิ ต
w o l f g a n g	โ ว ล ์ ฟ ก ั ง
w o l p e	โ ว ล ป ี ้
w o l p e r t	โ ว ล เ พ ิ ร ์ ต
w o r c e s t e r	ว ุ ส เ ต อ ร ์
w o r c e s t e r	ว ู ส เ ต อ ร ์
w o r c e s t e r ◊ s a u c e	ว ู ส เ ต อ ร ์ ซ อ ส
w o v e	โ ว ฟ
w t o	ด ั บ เ บ ิ ล ย ู ท ี โ อ
w y c h e	ไ ว ช
w y o m i n g	ไ ว โ อ ม ิ ง
x a n t h u s	แ ซ น ท ั ส
x a v i e r	แ ซ ว ิ เ ย อ ร ์
x e n o n	ซ ี น อ น
x e r o x	ซ ี ร อ ก ซ ์
x i	ไ ซ
x l	เ อ ก ซ ์ แ อ ล
x o	เ อ ก ซ ์ โ อ
y a m o u s s o u k r o	ย า ม ุ ส ซ ุ โ ก ร
y a n c e y	แ ย น ซ ี ย ์
y n g l i n g	อ ึ ง ล ิ ง
y o g i	โ ย ก ี ่
y o k o	โ ย โ ค
y o l d i a	โ ย ล เ ด ี ย ร ์
y o l k	โ ย ล ์ ก
y o s t	โ ย ส ต ์
y o y o	โ ย โ ย
y w c a	ว า ย ด ั บ เ บ ิ ล ย ู ซ ี เ อ
z a p ◊ f l a p	แ ซ บ แ ฟ ล บ
z e r a h	เ ซ ร ่ า
z h o u ◊ e n l a i	โ จ ว ◊ เ อ ิ ้ น ไ ห ล
z o l a	โ ซ ล า
z o l a , ◊ a m i l e	โ ซ ล า , ◊ เ อ ม ี ล
z o l a , ◊ g i a n f r a n c o	โ ซ ล า , ◊ จ า น ฟ ร ั น โ ก
z o n a	โ ซ น ่ า
z o n a l	โ ซ น ั ล
z o n e	โ ซ น
็ h a z e n - w i l l i a m	ฮ า เ ซ น ว ิ ล เ ล ี ย ม ส ์
่ j e e p	จ ี ๊ บ
๊ u s i s	ย ู ซ ิ ส
ํ y u g o s l a v i a	ย ู โ ก ส ล า เ ว ี ย
