a l i g a r h	अ ल ी ग ढ ़
a o u l a k h	औ ल ख
a z a m g a r h	आ ज म ग ढ ़
a z a m g a r h	आ ज़ म ग ढ ़
a z a m n a g a r ◊ r o a d	आ ज़ म न ग र
b a b u g a r h	ब ा ब ू ग ढ ़
b a h a d u r g a r h	ब ह ा द ु र ग ढ ़
b a r h a r w a ◊ j u n c t i o n	ब र ह र व ा
b h a c h a u	भ च उ
b h a i r o n g a r h	भ ै र ो ं ग ढ ़
b u t t e	ब ट
c a r m e l ◊ c o n v e n t ◊ s c h o o l , ◊ c h a n d i g a r h	क ा र म े ल ◊ क ॉ न ् ‍ व े ं ट ◊ स ् क ू ल , ◊ च ं ड ी ग ढ ़
c h a g g a n	छ ग न
c l e a v e	क ् ल ी व े ं ट
d e v g a r h	द े व ग ढ ़
d i b r u g a r h	ड ि ब ् र ु ग ढ ़
e v e r e a d y ◊ i n d	ए व र े ड ी ◊ इ ं ड स ् ट ् र ी ज ़
e v e r e s t ◊ i n d	ए व र े स ् ट ◊ इ ं ड स ् ट ् र ी ज ़
f a t e h g a r h	फ त े ह ग ढ ़
g o v i n d g a r h	ग ो व ि ं द ग ढ ़
h a n u m a n g a r h	ह न ु म ा न ग ढ ़
j u n a g a r h	ज ू न ा ग ढ ़
m a h e n d r a g a r h	म ह े न ् द ् र ग ढ ़
m a s h o o d a h	म श ू द
m e d z h y b i z h	म े झ ् ह ी ‍ ब ि ज ़
n a y a g a r h	न य ा ग ढ ़
p i y a ◊ g h a r ◊ a j a	प ि य ा ◊ क ा ◊ घ र
p l a z a ◊ 6 6	प ् ल ा ज ़ ा ◊ 6 6
p r a t a p g a r h	प ् र त ा प ग ढ ़
r a i g a r h	र ा य ग ढ ़
r a j g a r h	र ा ज ग ढ ़
s a i n t ◊ j o h n ' s ◊ h i g h ◊ s c h o o l , ◊ c h a n d i g a r h	स े ं ट ◊ ज ॉ न ् ‍ स ◊ ह ा ई ◊ स ् क ू ल , ◊ च ं ड ी ग ढ ़
s a i n t ◊ x a v i e r s ' s ◊ s c h o o l , ◊ c h a n d i g a r h	स े ं ट ◊ ज ़ े व ि य र ् स ◊ स ् क ू ल , ◊ च ं ड ी ग ढ ़
s h a c h e e	श च ी
s h a l a b h	श ल भ
s h a p a t h	श प थ
s h a s h e e	श श ी
s o c i é t é ◊ g é n é r a l e	स ो स ा य ट ी ◊ ज न र ल
s o l o m o n ◊ i s l a n d	स ो ल ो म न ◊ द ् व ी प
s o u t h ◊ a r l i n g t o n ◊ c h u r c h ◊ o f ◊ c h r i s t	स ा उ थ ◊ अ र ् ल ि ं ग ् ट न
t i k a m g a r h	ट ी क म ग ढ ़
v a p a r a i s o ◊ c h u r c h ◊ o f ◊ c h r i s t	व ् ह ा प र ा स ि ओ
w a t e r t o n ◊ l a k e s	व ॉ ट र ट ॉ न ◊ स र ो व र
