a l i g a r h	अ ल ी ग ढ ़
d u t c h	ड च
a o u l a k h	औ ल ख
a z a m g a r h	आ ज म ग ढ ़
b a b u g a r h	ब ा ब ू ग ढ ़
b a h a d u r g a r h	ब ह ा द ु र ग ढ ़
m a h	म ह ा र ा ष ् ट ् र
b a r g a r h	ब ा र ग ढ ़
b h a c h a u	भ च उ
b h a i r o n g a r h	भ ै र ो ं ग ढ ़
b u t t e	ब ट
c h a n d i g a r h	च ं ड ी ग ढ ़
c h a g g a n	छ ग न
h i g h	ह ा ई
c h h o o	छ ू
c h i t t o r g a r h	च ि त ् त ौ ड ़ ग ढ ़
c l e a v e	क ् ल ी व े ं ट
g o u g h	ग ॉ
d e u t s c h e	ड च
d e v g a r h	द े व ग ढ ़
d i b r u g a r h	ड ि ब ् र ु ग ढ ़
c h i l d r e n ' s	च ि ल ् ड ् र न
d o u g i e	ड ग
i n d	इ ं ड स ् ट ् र ी ज ़
e x f o	ई ए क ् स ए फ ़ ओ
f a t e h g a r h	फ त े ह ग ढ ़
g o v i n d g a r h	ग ो व ि ं द ग ढ ़
f a t i h g a r h	फ त ि ह ग ढ ़
h a n u m a n g a r h	ह न ु म ा न ग ढ ़
h i g h w a y	ह ा ई व े
j a i g a r h	ज य ग ढ ़
j u n a g a r h	ज ू न ा ग ढ ़
m a h e n d r a g a r h	म ह े न ् द ् र ग ढ ़
w a u g h	व ॉ
m a s h o o d a h	म श ू द
n a y a g a r h	न य ा ग ढ ़
p f i z e r	फ ़ ा य ज ़ र
6 6	6 6
p r a t a p g a r h	प ् र त ा प ग ढ ़
r a i g a r h	र ा य ग ढ ़
r a j g a r h	र ा ज ग ढ ़
r e l	र ि ल ा य ं स
s h a c h e e	श च ी
s h a l a b h	श ल भ
s h a p a t h	श प थ
s h a s h e e	श श ी
k e s g a r h	क े स ग ढ ़
t i k a m g a r h	ट ी क म ग ढ ़
a a y e e	आ ई
