a c h a l g a n j	அ ச ல ் க ஞ ் ச ்
a u r a i y a ◊ k a n n a u j	ஒ ள ர ை ய ா ◊ க ன வ ் ஜ ்
a u r a n g a b a d	ஒ ள ர ங ் க ா ப ா த ்
b a i t a l p u r	ப ை ல ா த ் ப ூ ர ்
b o w d e n	ப ெ ள ட ெ ன ்
c i c e r o	ச ி ஹ ம ்
c i c i l y	ச ி ஸ ் ஸ ி
c o l o n e l g a n j	க ொ ல ன ே ல ் க ஞ ் ச ்
d a i ◊ i c h i ◊ m u t u a l ◊ l i f e ◊ i n s u r a n c e	ட ை ◊ இ ச ் ச ி ◊ ம ி ய ூ ச ் ச ு வ ல ் ◊ இ ன ் ஷ ூ ர ன ் ஸ ்
d a l i g a n j	த ா ல ி க ஞ ் ச ்
d e l h i ◊ k i s h a n g a n j	ட ெ ல ் ல ி ◊ க ி ஷ ன ் க ஞ ் ச ்
d e w a n g a n j	த ே வ ன ் க ஞ ் ச ்
d h i r g a n j	த ீ ர ் க ஞ ் ச ்
e g g ◊ b u c k l a n d ◊ k e e p	எ ஃ க ் ◊ ப க ் ல ா ண ் ட ் ◊ க ீ ப ்
f o r b e s g a n j	ஃ ப ோ ர ் ப ெ ஸ ் க ஞ ் ச ்
g a n e s h g a n j	க ண ே ஷ ் க ஞ ் ச ்
g a n g a g a n j	க ங ் க ா க ஞ ் ச ்
g o p a l g a n j	க ோ ப ா ல ் க ஞ ் ச ்
g r o u p e ◊ c a i s s e ◊ d é p a r g m e	க ு ர ூ ப ் ◊ க ை ச ே ◊ ட ீ ப ா ர ் க ் ம ே
k a i s e r ◊ f r i e d r i c h ◊ i i i .	க ை ஸ ர ் ◊ ஃ ப ி ர ை ட ் ர ி ச ் ◊ I i i .
k a u n ? ◊ k a i s e y ?	க ோ ன ் ? ◊ க ெ ய ் ச ே ?
k i n g ◊ e d w a r d ◊ v i i	க ி ங ் ◊ எ ட ் வ ர ் ட ் ◊ V i i
m a h ◊ s e a m l e s s	ம ஹ ி ந ் த ் ர ா ◊ ச ீ ம ் ல ெ ஸ ்
m a r r i a g e ◊ b u r e a u	ம ே ர ே ஜ ் ◊ ப ி ய ோ ர ே
m a s o o d ◊ i q b a l	ஃ ப ை ச ா ல ் ◊ இ க ் ப ா ல ்
n i c k y ◊ b o j e	ந ி க ் க ி ◊ ஹ ோ ய ே
p e a r y ◊ t r u d e a u	ப ி ய ர ி ◊ ட ் ர ோ ட ி ய ே
p o p e ◊ j o h n ◊ p a u l ◊ i i	ப ோ ப ் ◊ ஜ ா ன ் ◊ ப ா ல ் ◊ I i
t a h i r ◊ n a q q a s h	ட ா ஹ ி ர ் ◊ ந ஷ ா க ்
t a i p e i ◊ 1 0 1	த ை ப ே ◊ 1 0 1
t a k h a t ◊ s h r i ◊ k e s g a r h ◊ s a h i b , ◊ a n a n d p u r ◊ s a h i b ◊ ( p u n j a b )	த க த ் ◊ ஸ ் ர ீ ◊ க ே ஸ ் க ர ் ◊ ச ா ஹ ி ப ் , ◊ ஆ ன ந ் த ் ப ூ ர ் ◊ ச ா ஹ ி ப ் ◊ ( ப ஞ ் ச ா ப ் )
w h o o p i ◊ g o l d b e r g	ஊ ஃ ப ் ப ி ◊ க ோ ல ் ட ் ப ர ் க ்
x e r o x	ச ெ ர ா க ் ஸ ்
y u g o s l a v i a	ஸ ா ம ் ப ி ய ா
