a a d i t y v a r d h a n	ஆ த ி த ் வ ர ் த ன ்
a a y u s h	அ ய ் ஷ ா
a b d u l ◊ m u a i d	அ ப ் த ு ல ் ◊ ம ு வ ே த ்
a b d u l ◊ m u e e d	அ ப ் த ு ல ் ◊ ம ு ய ூ த ்
a b i n g t o n	அ ப ி ங ் ட ன ்
a b s a r o k a	அ ப ் ச ர ோ க ோ
a c h a l g a n j	அ ச ல ் க ஞ ் ச ்
a g r o ◊ t e c h ◊ f o o d s	ஆ க ் ர ோ ◊ ட ெ க ் ◊ ஃ ப ு ட ் ஸ ்
a i x t r o n ◊ a k t i e n g e s e l l s c h a f t	ஏ க ் ஸ ் ட ி ர ா ன ் ◊ ஏ க ் த ி ன ் க ெ ஸ ெ ல ் ஷ ா ப ் ட ்
a l a n ◊ k n o t t	அ ல ன ் ◊ ந ா ட ்
a l a r i c e	அ ல ர ி ஸ ்
a l i c e	அ ல ீ ஸ ்
a l i y a r ◊ r e s e r v o i r	ஆ ழ ி ய ா ர ் ◊ ர ி ச ர ் வ ா ய ர ்
a m e r i c a n ◊ a c a d e m y ◊ o f ◊ a r t s ◊ a n d ◊ l e t t e r s ◊ f i c t i o n ◊ a w a r d	அ ம ெ ர ி க ் க ன ் ◊ அ க ா ட ம ி ◊ ஆ ஃ ப ் ◊ ஆ ர ் ட ் ஸ ் ◊ அ ண ் ட ் ◊ ல ெ ட ் ட ர ் ஸ ் ◊ ப ி க ் ‌ ஷ ன ் ◊ அ வ ா ர ் ட ்
a m e r i c a n ◊ i n t e r n a t i o n a l ◊ b u i l d i n g	அ ம ெ ர ி க ் க ன ் ◊ இ ன ் ட ர ் ந ே ஷ ன ல ் ◊ ப ி ல ் ட ி ங ்
a n a a d y a	அ ன ட ் ய ா
a n a e s t h e s i o l o g y	அ ன ஸ ் த ீ ஸ ி ய ல ஜ ி
a n d r e w ◊ p u t t i c k	ஆ ண ் ட ் ர ூ ◊ ப ு ட ் ட ி க ்
a n d y ◊ f l o w e r	ஆ ண ் ட ி ◊ ஃ ப ் ள வ ர ்
a n e m o n e	அ ன ெ ம ெ ன ்
a n g i o t e c h ◊ p h a r m a c e u t i c a l s	ஆ ன ் ஜ ி ய ோ ◊ ப ா ர ் ம ா ச ெ ட ் ட ி க ் க ல ் ஸ ்
a n n i c e	அ ன ை ஸ ்
a n o k h i ◊ m o h a b b a t	அ ன ் க ி ◊ ம ொ ஹ ப த ்
a n t o i n e t t e	ஆ ன ் ட ன ி ய ோ ட ்
a o j l a	ஓ ஜ ் ல ா
a t l a n t i c ◊ o c e a n	அ ட ் ல ா ன ் ட ி க ் ◊ ஓ ஷ ன ்
a t l a s ◊ p a c i f i c ◊ l i m i t e d	அ ட ் ல ஸ ் ◊ ப ஸ ி ஃ ப ி க ் ◊ ல ி ம ி ட ெ ட ்
a u r a i y a ◊ k a n n a u j	ஒ ள ர ை ய ா ◊ க ன வ ் ஜ ்
a u r a n g a b a d	ஒ ள ர ங ் க ா ப ா த ்
a u y u i t t u q	ஆ ய ி ட ் ட ு க ்
a x c a n ◊ p h a r m a	ஆ க ் ஸ ன ் ◊ ப ா ர ் ம ா
b a c k w e b ◊ t e c h n o l o g i e s	ப ே க ் வ ெ ப ் ◊ ட ெ க ் ன ா ல ஜ ீ ஸ ்
b a d i ◊ d i d i	ப ட ா ◊ த ீ த ி
b a i t a l p u r	ப ை ல ா த ் ப ூ ர ்
b a n d r a ◊ t e r m i n u s	ப ண ் ட ் ர ா ◊ ட ெ ர ் ம ி ன ஸ ்
b a n k ◊ o n e ◊ t o w e r	ப ே ங ் க ் ◊ ஒ ன ் ◊ ட வ ர ்
b a n s h l a i ◊ b r i d g e	ப ன ் ஷ ் ல ா ய ் ◊ ப ் ர ி ட ் ஜ ்
b e e r a s i n h	ப ீ ர ா ச ி ங ்
b e i j i n g	ப ெ ய ் ஜ ி ங ்
b e l g i u m	ப ெ ல ் ஜ ி ய ம ்
b e n n i n g t o n	ப ெ ன ் ன ி ங ் ட ன ்
b e t h e l ◊ a p o s t o l i c	ப ெ த ே ல ் ◊ அ ப ோ ஸ ் த ொ ல ி க ்
b h a r a t ◊ e l e c	ப ா ர த ் ◊ எ ல க ் ட ் ர ி க ல ் ஸ ்
b h a v n a g a r ◊ t e r m i n u s	ப ா வ ் ந க ர ் ◊ ட ெ ர ் ம ி ன ஸ ்
b i k e ◊ r a c i n g	ப ை க ் ◊ ர ே ச ி ங ்
b i n g ◊ c r o s b y	ப ி ங ் ◊ க ் ர ா ஸ ் ப ி
b i o c h e m i s t r y	ப ய ோ க ெ ம ி ஸ ் ட ி ர ி
b i o c o n	ப ய ோ க ா ன ்
b i r ◊ u t t o m	ப ி ர ் ◊ உ த ் த ம ்
b o d y ◊ b u l i d i n g	ப ா ட ி ◊ ப ி ல ் ட ி ங ்
b o g o t a	ப ொ க ோ த ோ
b o m b a y ◊ d y e i n g	ப ா ம ் ப ே ◊ ட ை ய ி ங ்
b o m b a y ◊ t o w n	ப ா ம ் ப ே ◊ ட வ ு ன ்
b o m m i d i	ப ொ ம ் ம ி ட ி
b o n g a i g a o n ◊ r e f	ப ொ ங ் க ை க ா ன ் ◊ ர ி ஃ ப ை ன ர ி ஸ ்
b o u r d i e u ◊ o k z	ப ெ ள ட ி ய ூ ◊ ஓ க ் ஸ ்
b o u y g u e s	ப ோ ய ் க ா ஸ ்
b o u z o u k i	ப ொ ச ௌ க ் க ி
b o w d e n	ப ெ ள ட ெ ன ்
b r i a n ◊ l u c k h u r s t	ப ி ர ய ன ் ◊ ல க ் ஹ ஸ ் ட ்
b r i d g e	ப ி ர ி ட ் ஜ ்
b r i s b o n	ப ி ர ி ஸ ் ப ன ்
b r o o k i n g s ◊ w e s l e y a n	ப ு ர ூ க ி ங ் ஸ ் ◊ வ ெ ச ் ல ே ய ன ்
b r o w n	ப ு ர வ ு ன ்
b r u c e ◊ f r e n c h	ப ு ர ூ ஸ ் ◊ ஃ ப ி ர ெ ஞ ் ச ு
b r u c e ◊ m e d a l	ப ் ர ூ ஸ ் ◊ ம ெ ட ல ்
b r u c e ◊ s p r i n g s t e e n	ப ் ர ூ ஸ ் ◊ ஸ ் ப ் ர ி ங ் ஸ ் ட ீ ன ்
b r u c e ◊ w i l l i s	ப ் ர ூ ஸ ் ◊ வ ி ல ் ல ி ஸ ்
b r u c e ◊ y a r d l e y	ப ு ர ூ ஸ ் ◊ ய ா ர ் ட ் ல ீ
b u l l ◊ r i d i n g	ப ு ல ் ◊ ர ை ட ி ங ்
b u r l i n g t o n	ப ர ் ல ி ங ் ட ன ்
c a b o ◊ o r a n g e	க ா ப ோ ◊ ஆ ர ஞ ் ச ்
c a d b u r y ' s	க ே ட ் ப ர ி ஸ ்
c a m p e r d o w n	க ா ம ் ப ர ் ட வ ு ன ்
c a n a d i a n ◊ p o e t s ◊ a w a r d	க ன ட ி ய ன ் ◊ ப ொ ய ட ் ஸ ் ◊ அ வ ா ர ் ட ்
c a n d i c e	க ே ன ் ட ி ஸ ்
c a p e ◊ t o w n	க ே ப ் ◊ ட வ ு ன ்
c a p i t a l ◊ t o w e r	க ே ப ி ட ல ் ◊ ட வ ர ்
c a r n e g i e ◊ m e d a l	க ா ர ் ன ீ ஜ ீ ◊ ம ெ ட ல ்
c h a k r a v y u h	ச க ் ர வ ு ய ு க ்
c h a m p a r a n	ச ம ் ப ா ர ம ்
c h a n g e z ◊ k h a n	ச ே ஞ ் ச ஸ ் ◊ க ா ன ்
c h a n g q i n g ◊ w o r l d ◊ t r a d e ◊ c e n r e	ச ா ங ் க ி ங ் ◊ வ ே ர ் ல ் ட ் ◊ ட ி ர ே ட ் ◊ ச ெ ன ் ட ர ்
c h a r a n j i t	ச ர ண ் ஞ ி த ்
c h a r l e s ◊ c o v e n t r y	ச ா ர ் ல ஸ ் ◊ க ொ வ ெ ண ் ட ் ர ி
c h a r t e r e d ◊ s e m i c o n d u c t o r ◊ m a n u f a c t u r i n g	ச ா ர ் ட ் ட ர ் ட ் ◊ ச ெ ம ி க ன ் ட க ் ட ர ் ◊ ம ா ன ி ய ூ ப ா க ் ச ர ி ங ்
c h e c k ◊ p o i n t ◊ s o f t w a r e ◊ t e c h n o l o g i e s	ச ெ க ் ◊ ப ா ய ி ண ் ட ் ◊ ச ா ப ் ட ் வ ே ர ் ◊ ட ெ க ் ன ா ல ஜ ீ ஸ ்
c h e n g	ச ெ ங ்
c h i k o d i ◊ r o a d	ச ி ட ோ க ் க ி ◊ ர ோ ட ்
c h i n a ◊ m e d i c a l ◊ t e c h n o l o g i e s	ச ீ ன ா ◊ ம ெ ட ி க ் க ல ் ◊ ட ெ க ் ன ா ல ஜ ீ ஸ ்
c h i n a ◊ m o b i l e ◊ c o m m u n i c a t i o n s	ச ீ ன ா ◊ ம ொ ப ை ல ் ◊ க ம ் ய ூ ன ி க ் க ே ஷ ன ் ஸ ்
c h i n a ◊ n a t u r a l ◊ r e s o u r c e s	ச ீ ன ா ◊ ந ே ச ் ச ு ர ல ் ◊ ர ி ஸ ோ ச ஸ ்
c h i n c h l i	ச ி ன ் ஜ ் ல ி
c h i t t	ச ி த ்
c h o w k i d a a r	ச ௌ க ி த ா ர ்
c h r i s ◊ k u g g e l e i j n	க ி ர ி ஸ ் ◊ க ு ஜ ் ஜ ெ ல ே ஜ ் ன ்
c h r i s t ◊ t h e ◊ k i n g ◊ l u t h e r a n	க ி ற ி ஸ ் ட ் ◊ த ி ◊ க ி ங ் ◊ ல ு த ெ ர ன ்
c h u r c h ◊ o f ◊ t h e ◊ h a r v e s t	ச ர ் ச ் ◊ ஆ ஓ ◊ த ி ◊ ஹ ா ர ் வ ஸ ் ட ்
c i c e r o	ச ி ஹ ம ்
c i c i l y	ச ி ஸ ் ஸ ி
c i r o	ச ி ர ொ
c l a r i c e	க ி ள ா ர ி ஸ ்
c l e g g	க ி ள ெ க ்
c l e m e n t	க ி ள ம ண ் ட ்
c l i c k s o f t w a r e ◊ t e c h n o l o g i e s	க ி ள ி க ் ச ா ப ் ட ் வ ே ர ் ◊ ட ெ க ் ன ா ல ஜ ீ ஸ ்
c l i v e ◊ r i c e	க ் ள ை வ ் ◊ ர ை ஸ ்
c o c h i n ◊ h a r b o u r ◊ t e r m i n u s	க ொ ச ் ச ி ன ் ◊ ஹ ா ர ் ப ர ் ◊ ட ெ ர ் ம ி ன ஸ ்
c o l l e g e ◊ f o o t b a l l ◊ a w a r d s	க ா ல ே ஜ ் ◊ ஃ ப ு ட ் ப ா ல ் ◊ அ வ ா ர ் ட ் ஸ ்
c o l l i n g w o o d	க ோ ல ி ங ் வ ு ட ்
c o l o m b o	க ொ ழ ு ம ் ப ு
c o l o n e l g a n j	க ொ ல ன ே ல ் க ஞ ் ச ்
c o l u m b u s	க ொ ல ம ் ப ஸ ்
c o l u s a	க ொ ல ு ஸ ா
c o m p a s s ◊ g r o u p	க ா ம ் ப ஸ ் ◊ க ு ர ூ ப ்
c o n d e ◊ n a s t ◊ b u i l d i n g	க ோ ன ் ட ் ◊ ந ா ஸ ் ட ் ◊ ப ி ல ் ட ி ங ்
c o n d o l e e z a ◊ r i c e	க ா ண ் ட ோ ல ீ ச ா ◊ ர ை ஸ ்
c o t t o n - e y e d - j o e	க ா ட ் ட ன ் - ஐ ட ் - ஜ ோ
c o u r t n e y ◊ b r o w n e	க ோ ர ் ட ் ன ி ◊ ப ் ர வ ு ன ்
c r a i g ◊ c u m m i n g	க ி ர ே ய ் க ் ◊ க ம ் ம ி ங ்
c r o w n h i l l ◊ f o r t	க ் ர வ ு ன ் ஹ ி ல ் ◊ ஃ ப ் ப ோ ர ் ட ்
c r é d i t ◊ a g r i c o l e	க ி ர ெ ட ி ட ் ◊ அ க ் ர ி க ோ ல ்
c u l l e n	க ு ள ே ன ்
c u r l i n g	க ர ் ல ி ங ்
c z e c h o s l o v a k i a	ச ெ க ் க ோ ஸ ் ல ே வ ே க ் க ி ய ா
d a i ◊ i c h i ◊ m u t u a l ◊ l i f e ◊ i n s u r a n c e	ட ை ◊ இ ச ் ச ி ◊ ம ி ய ூ ச ் ச ு வ ல ் ◊ இ ன ் ஷ ூ ர ன ் ஸ ்
d a l i g a n j	த ா ல ி க ஞ ் ச ்
d a m i e n ◊ f l e m i n g	ட ா ம ி ய ன ் ◊ ஃ ப ி ள ெ ம ் ம ி ங ்
d a n ◊ q u a y l e	ட ா ன ் ◊ க ு வ ா ல ே
d a n k a ◊ b u s i n e s s ◊ s y s t e m s	ட ங ் க ா ◊ ப ி ச ி ன ஸ ் ◊ ஸ ி ஸ ் ட ம ் ஸ ்
d a n n y ◊ m o r r i s o n	ட ா ன ி ◊ ம ோ ர ி ஸ ன ்
d a n z o n	ட ா ன ் ஸ ன ்
d a r a k h s h a a n	த ர க ் ஷ ன ்
d a r y l ◊ t u f f e y	ட ா ர ி ல ் ◊ ட ா ஃ ப ் ப ே
d e ◊ z e v e n ◊ p r o v i n c i e n	ட ி ◊ ஸ ே வ ெ ன ் ◊ ப ு ர ோ வ ி ஷ ி ய ன ்
d e b a s i s ◊ m o h a n t y	ட ெ ப ா ஸ ி ஸ ் ◊ ம ொ ஹ ா ன ் ட ி
d e h l o	ட ெ ஜ ் ல ோ
d e l h i ◊ k i s h a n g a n j	ட ெ ல ் ல ி ◊ க ி ஷ ன ் க ஞ ் ச ்
d e l h i ◊ s a f d a r j u n g	ட ெ ல ் ல ி ◊ ச ஃ ப ் த ா ர ் க ஞ ் ச ்
d e l r a n ◊ f i r s t ◊ u n i t e d ◊ m e t h o d i s t	த ெ ல ் ர ன ் ◊ ஃ ப ர ் ஸ ் ட ் ◊ ய ு ன ை ட ெ ட ் ◊ ம ெ த ோ ட ி ஸ ் ட ்
d e r e x	ட ெ ர க ் ஸ ்
d e v e n _ d r	த ே வ ே ந ் த ர ்
d e w a n g a n j	த ே வ ன ் க ஞ ் ச ்
d h i r g a n j	த ீ ர ் க ஞ ் ச ்
d i l ◊ a u r ◊ m o h a b b a t	த ி ல ் ◊ ஔ ர ் ◊ ம ொ ஹ ா ப த ்
d i l ◊ s e ◊ m i l e ◊ d i l	ப ி ல ் ◊ ச ே ◊ ம ி ல ே ◊ த ி ல ்
d i o n y s i u s	ட ய ோ ன ி ச ி ய ஸ ்
d i r t ◊ b i k e ◊ r a c i n g	ட ே ர ் ட ் ◊ ப ை க ் ◊ ர ே ச ி ங ்
d i r t ◊ r a c i n g	ட ே ர ் ட ் ◊ ர ே ச ி ங ்
d i s a b l e d ◊ s a i l i n g	ட ி ச ே ப ி ல ் ட ் ◊ ச ெ ய ் ல ி ங ்
d j i b o u t i	ட ி ஜ ி ப ௌ ட ி
d o l p h i n	ட ா ல ் ஃ ப ி ன ்
d o m i n i o n	ட ொ ம ி ன ி ய ன ்
d o n a l d	ட ொ ன ா ல ் ட ்
d o n a l d ◊ r u m s f e l d	ட ொ ன ா ல ் ட ் ◊ ர ம ் ஸ ் ஃ ப ெ ல ் ட ்
d o n a l d ◊ t r u m p	ட ொ ன ா ல ் ட ் ◊ ட ் ர ம ் ப ்
d o r o t h y	ட ொ ர ோ த ் த ி
d o r o t h y ◊ c a n f i e l d ◊ f i s h e r ◊ c h i l d r e n ' s ◊ b o o k ◊ a w a r d	ட ொ ர ோ த ் த ி ◊ க ே ன ் ஃ ப ீ ல ் ட ் ◊ ஃ ப ி ஷ ர ் ◊ ச ி ல ் ட ் ர ன ் ஸ ் ◊ ப ு க ் ◊ அ வ ா ர ் ட ்
d o w ◊ c h e m i c a l	ட ொ வ ் ◊ க ெ ம ி க ் க ல ்
d r i p p i n g ◊ s p r i n g s ◊ c o m m u n i t y ◊ f e l l o w s h i p	ட ி ர ி ப ் ப ி ங ் ◊ ஸ ் ப ி ர ி ங ் ஸ ் ◊ க ம ் ய ு ன ி ட ் ட ி ◊ ப ெ ல ் ல ோ ஷ ி ப ்
d u m m e r ' s ◊ w a r	ட ு ம ் ம ெ ர ் ஸ ் ◊ வ ா ர ்
d u n k e r q u e	ட ன ் க ர ் க ி ய ூ
e ' j a a z	இ ' ஜ ா ஸ ்
e ' t e m a a d	எ ' ட ி ம ா த ்
e ' t e m a d	எ ' ட ி ம ா த ்
e a d s	இ எ ட ் ஸ ்
e a s t e r	ஈ ஸ ் ட ர ்
e d i ◊ m u r p h y	எ ட ் ட ி ◊ ம ர ் ஃ ப ி
e g g ◊ b u c k l a n d ◊ k e e p	எ ஃ க ் ◊ ப க ் ல ா ண ் ட ் ◊ க ீ ப ்
e k a c h i t t	எ க ா ச ி த ்
e l ◊ p o t o s i	எ ல ் ◊ ப ொ ட ோ ஸ ி
e m i l y ◊ h a r r i s	எ ம ி ல ி ◊ ஹ ா ர ி ல ்
e p i f a n i o	எ ப ் ஃ ப ா ன ி ய ோ
e r n e s t ◊ h e m i n g w a y	எ ர ் ன ஸ ் ட ் ◊ ஹ ெ ம ி ங ் வ ே
e s s a r ◊ s h i p p i n g	எ ஸ ் ஸ ா ர ் ◊ ஷ ி ப ் ப ி ங ்
e u g e n e	இ ய ு ஜ ி ன ்
e u r i d i c e	இ ய ு ர ி த ி ஸ ்
f a o u d ◊ b a c c h u s	ஃ ப வ ு த ் ◊ ப ா க ் க ஸ ்
f a r l i n g t o n ◊ r e d o u b t	ஃ ப ் ப ா ல ி ங ் ட ன ் ◊ ர ீ ட வ ு ட ்
f d e d e r a t e d ◊ d e p t ◊ s t o r	ப ெ ட ் ட ர ே ட ் ட ட ் ◊ ட ெ ப ் ட ் ◊ ஸ ் ட ோ ர ்
f e l l	ஃ ப ெ ல ்
f e n c i n g	ஃ ப ெ ன ் ச ி ங ்
f i r s t ◊ c h i n e s e	ஃ ப ர ் ஸ ் ட ் ◊ ச ை ன ீ ஸ ்
f i r s t ◊ s o u t h e r n ◊ b a p t i s t	ஃ ப ர ் ஸ ் ட ் ◊ ச த ர ் ன ் ◊ ப ே ப ் ட ி ஸ ் ட ்
f i s h i n g	ஃ ப ி ஷ ி ங ்
f l a m e l ◊ t e c h n o l o g i e s	ப ி ள ே ம ல ் ◊ ட ெ க ் ன ா ல ஜ ீ ஸ ்
f l y i n g ◊ c i r c u s	ஃ ப ி ள ை ய ி ங ் ◊ ச ர ் க ் க ஸ ்
f o o d ◊ c o r p o r a t i o n ◊ o f ◊ i n d i a	ஃ ப ு ட ் ◊ க ா ர ் ப ் ப ர ே ஷ ன ் ◊ ஆ ஃ ப ் ◊ இ ந ் த ி ய ா
f o o t b a l l	ஃ ப ு ட ் ப ா ல ்
f o r b e s g a n j	ஃ ப ோ ர ் ப ெ ஸ ் க ஞ ் ச ்
f o r t ◊ b e n g h i s a	ஃ ப ் ப ோ ர ் ட ் ◊ ப ெ ங ் ஹ ி ச ா
f o r t ◊ b r i d g e w o o d s	ஃ ப ் ப ோ ர ் ட ் ◊ ப ி ர ி ட ் ஜ ் வ ு ட ் ஸ ்
f o r t ◊ b r o w n	ஃ ப ் ப ோ ர ் ட ் ◊ ப ி ர வ ு ன ்
f o r t ◊ c a r t w r i g h t	ஃ ப ் ப ோ ர ் ட ் ◊ க ா ர ் ட ் வ ெ ய ி ட ்
f o r t ◊ g o r g e s	ஃ ப ் ப ோ ர ் ட ் ◊ ஜ ா ர ் ஜ ஸ ்
f o r t ◊ m o n c k t o n	ஃ ப ் ப ோ ர ் ட ் ◊ ம ா ன ் க ் ட ன ்
f o r t ◊ n e l s o n	ஃ ப ் ப ோ ர ் ட ் ◊ ந ெ ல ் ஸ ன ்
f o r t ◊ s n e l l i n g	ஃ ப ் ப ோ ர ் ட ் ◊ ஸ ் ன ெ ல ் ல ி ங ்
f o r t ◊ t o w n s e n d	ஃ ப ் ப ோ ர ் ட ் ◊ ட வ ு ன ் ச ெ ன ் ட ்
f o r t ◊ w e l l i n g t o n	ஃ ப ் ப ோ ர ் ட ் ◊ வ ெ ல ் ல ி ங ் ட ன ்
f r a n c e s c o ◊ c a r a c c i o l o	ஃ ப ் ப ி ர ா ன ் ச ெ ஸ ் க ோ ◊ க ா ர ா க ி ய ோ ல ோ
f r a n c i s ◊ f o r d ◊ c o p p o l a	ஃ ப ் ர ா ன ் ச ி ஸ ் ◊ ஃ ப ோ ர ் ட ் ◊ க ொ ப ் ப ோ ல ா
f r a n k ◊ f u r t	ஃ ப ி ர ா ங ் ◊ ஃ ப ர ் ட ்
f u a d	ஃ ப ா ட ்
f u n d y	ஃ ப ன ் ட ி
f u n t o o s h	ஃ ப ன ் ட ூ ஷ ்
f u r k a t i n g ◊ j u n c t i o n	ஃ ப ு ர ் க ா ட ி ங ் ◊ ஜ ங ் ஷ ன ்
f y n n	ஃ ப ி ன ்
g a n e s h g a n j	க ண ே ஷ ் க ஞ ் ச ்
g a n g a g a n j	க ங ் க ா க ஞ ் ச ்
g a u t i e r	க வ ் ஷ ி ய ர ்
g e a r i n g	க ி ய ர ி ங ்
g e l l e r t	ஜ ெ ல ் ல ர ் ட ்
g e m i n i ◊ a w a r d	ஜ ெ ம ி ன ி ◊ அ வ ா ர ் ட ்
g e n e	ஜ ே ன ி
g e n e r a l ◊ d y n a m i c s	ஜ ெ ன ர ல ் ◊ ட ை ன ம ி க ் ஸ ்
g e n e r a l ◊ g e o r g e ◊ c a s t r o	ஜ ெ ன ர ல ் ◊ ஜ ா ர ் ஜ ் ◊ க ே ஸ ் ட ் ர ோ
g e n e r a l ◊ i n s u r a n c e ◊ c o r p o r a t i o n	ஜ ெ ன ர ல ் ◊ இ ன ் ச ூ ர ன ் ஸ ் ◊ க ா ர ் ப ் ப ர ே ஷ ன ்
g e n e r a l ◊ j o h n ◊ s t r o n g ◊ m u s e u m	ஜ ெ ன ர ல ் ◊ ஜ ா ன ் ◊ ஸ ் ட ி ர ா ங ் ◊ ம ி ய ூ ஸ ி ய ம ்
g e n e r o	ஜ ெ ன ி ர ோ
g e n e v a ◊ r o a d ◊ b a p t i s t	ஜ ெ ன ி வ ா ◊ ர ோ ட ் ◊ ப ே ப ் ட ி ஸ ் ட ்
g e n e v i e v e	ஜ ெ ன ீ வ ீ
g e n t	ஜ ெ ண ் ட ்
g e o l o g i c a l ◊ m u s e u m ◊ o f ◊ c h i n a	ஜ ி ய ா ல ா ஜ ி க ் க ல ் ◊ ம ி ய ூ ஸ ி ய ம ் ◊ ஆ ஃ ப ் ◊ ச ை ன ா
g e o m e t r i c ◊ s o f t w a r e ◊ s o l u t i o n s	ஜ ி ய ா ம ெ ட ் ர ி க ் ◊ ச ா ஃ ப ் ட ் வ ே ர ் ◊ ச ொ ல ் ய ூ ஷ ன ் ஸ ்
g e r a i n t ◊ j o n e s	ஜ ெ ர ை ண ் ட ் ◊ ஜ ோ ன ் ஸ ்
g e r m a i n e	ஜ ெ ர ் ம ெ ய ் ன ்
g e r o d i	ஜ ெ ர ோ ட ி
g h o l a m ◊ n o u s h e r	க ோ ல ா ம ் ◊ ந வ ் ஷ ர ்
g i l l e t t e ◊ i n d i a	ஜ ி ல ் ல ெ ட ் ◊ இ ந ் த ி ய ா
g i n a	ஜ ீ ன ா
g i n a t a	ஜ ீ ன ா த ா
g i o v a n n a	ஜ ி ய ோ வ ி ன ா
g i r a f t a a r	ஜ ி ர ா ஃ ப ் த ா ர ்
g l a d ◊ t i d i n g s	க ி ள ா ட ் ◊ ட ை ட ி ங ் ஸ ்
g l e n m a r k ◊ p h a r m a c e u t i c a l s	க ் ள ெ ன ் ம ா ர ் க ் ◊ ப ா ர ் ம ா ச ி ட ் ட ி க ் க ல ் ஸ ்
g l y n n	க ி ள ி ன ்
g o d f r e y	க ா ட ் ஃ ப ் ர ீ
g o n e a n a	க ொ ன ி ய ே ன ா
g o p a l g a n j	க ோ ப ா ல ் க ஞ ் ச ்
g o p i n a t h ◊ m o h a n t i	க ோ ப ி ந ா த ் ◊ ம ொ ஹ ந ் த ி
g o r e	க ொ ர ே
g o v e r n o r ◊ g e n e r a l ' s ◊ a w a r d	க வ ர ் ன ர ் ◊ ஜ ெ ன ர ல ் ஸ ் ◊ அ வ ா ர ் ட ்
g r a e m e ◊ f o w l e r	க ி ர ா ய ெ ம ் ◊ ஃ ப ் ப ோ ல ெ ர ்
g r a e m e ◊ h i c k	க ி ர ா ய ெ ம ் ◊ ஹ ி க ்
g r a n t ◊ f l o w e r	க ் ர ா ண ் ட ் ◊ ஃ ப ் ள வ ர ்
g r a n v i l l e	க ி ர ா ன ் வ ெ ல ் ல ெ
g r e e n i n g	க ் ர ீ ன ி ங ்
g r e g ◊ l o v e r i d g e	க ி ர ெ க ் ◊ ல ோ வ ெ ர ி ட ் ஜ ்
g r e g g	க ி ர ெ க ்
g r o u p e ◊ c a i s s e ◊ d é p a r g m e	க ு ர ூ ப ் ◊ க ை ச ே ◊ ட ீ ப ா ர ் க ் ம ே
g u a l t i e r	க ெ ள ல ் ஷ ி ய ர ்
g u f i c ◊ b i o	க ூ ஃ ப ி க ் ◊ ப ய ோ
g u n u n g ◊ g e d e ◊ p a n g r a n g o	க ு ன ு ங ் ◊ க ீ ட ே ◊ ப ங ் ர ங ் க ோ
g u r u d w a r a ◊ b a d i ◊ s a n g a t	க ு ர ு த ் வ ா ர ா ◊ ப ட ீ ◊ ச ா ஹ ி ப ்
g u r u d w a r a ◊ d a t a ◊ b a n d i ◊ c h h o d	க ு ர ு த ் வ ா ர ா ◊ த ா த ா ◊ ப ண ் ட ி ◊ ச ா ஹ ி ப ்
g u r u d w a r a ◊ g a o o ◊ g h a t	க ு ர ு த ் வ ா ர ா ◊ க வ ு ◊ க ா ட ்
g w a i i ◊ h a a n a s ◊ n a t i o n a l ◊ p a r k ◊ r e s e r v e ◊ a n d ◊ h a i d a ◊ h e r i t a g e ◊ s i t	க ு வ ா ய ் ◊ ஹ ா ன ா ஸ ் ◊ ந ே ஷ ன ல ் ◊ ப ா ர ் க ் ◊ ர ி ச ர ் வ ் ◊ அ ண ் ட ் ◊ ஹ ா ய ் ட ா ◊ ஹ ெ ர ி ட ே ஜ ் ◊ ச ி ட ்
g w i n e t t ' s ◊ f a m i l y	க ் வ ி ன ெ ட ் ஸ ் ◊ ப ே ம ி ல ி
g y a a n i j i	க ி ய ா ஞ ் ச ி
g y m n a s t i c s	ஜ ி ம ் ன ா ஸ ் ட ி க ் ஸ ்
h a d r a t ◊ s u f i ◊ s a l i k ◊ p o r e ◊ d a i ◊ i l l u l k h a i r	ஹ த ் ர ா த ் ◊ ச ு ஃ ப ் ப ி ◊ ப ோ ர ் ◊ த ை ◊ இ ல ு ல ் க ை ர ்
h a e s d o n c k	ஹ ே ஸ ் ட ா ன ் க ்
h a n s r a j ◊ m o r a r j i ◊ p u b l i c ◊ s c h o o l	ஹ ன ் ஸ ் ர ா ஜ ் ◊ ம ொ ர ா ர ் ஜ ி ◊ ப ப ் ள ி க ் ◊ ஸ ் க ூ ல ்
h a r e n _ d r	ஹ ர ே ந ் த ர ்
h i n d u s t a n ◊ s t e e l ◊ c o n s t r u c t i o n	ஹ ி ந ் த ு ஸ ் த ா ன ் ◊ ஸ ் ட ீ ல ் ◊ க ன ் ஸ ் ட ் ர க ் ‌ ஷ ன ்
h i s ◊ c h u r c h ◊ w o r l d ◊ o u t r e a c h ◊ c e n t e r	ஹ ி ஸ ் ◊ ச ர ் ச ் ◊ வ ே ர ் ல ் ட ் ◊ அ வ ு ட ் ர ீ ச ் ◊ ச ெ ன ் ட ர ்
h o n d u r a s	ஹ ொ ண ் ட ூ ர ா ஸ ்
h o n d u r a s	ஹ ொ ன ் ட ு ர ா ஸ ்
h o r e s h o e s	ஹ ா ர ் ஷ ூ ஸ ்
h o r s e ◊ r i d i n g	ஹ ா ர ் ஸ ் ◊ ர ை ட ி ங ்
h y d r o g e n i c s ◊ c o r p o r a t i o n	ஹ ை ட ி ர ோ ஜ ீ ன ி க ் ஸ ் ◊ க ா ர ் ப ் ப ர ே ஷ ன ்
i d d ◊ m u b a r a k	ஈ த ் ◊ ம ு ப ா ர க ்
i g u a z u	இ க ு வ ா ச ு
i l i a m n a	ல ி ய ம ் ன
i l l u s t r i o u s	இ ல ஸ ் ட ி ர ி ய ஸ ்
i n ' a m	இ ன ் ' ஆ ம ்
i n d i a n ◊ o c e a n	இ ந ் த ி ய ன ் ◊ ஓ ஷ ன ்
i n f o s y s ◊ t e c h n o l o g i e s	இ ன ஃ ப ோ ச ி ஸ ் ◊ ட ெ க ் க ா ல ஜ ி ஸ ்
i p h i g e n i a	இ ப ி ஜ ீ ன ி ய ா
i r v i n e ◊ s h i l l i n g f o r d	இ ர ் வ ை ன ் ◊ ஷ ி ல ் ல ி ங ் ஃ ப ோ ர ் ட ்
i r v i n g	இ ர ் வ ி ங ்
i s h w a r ◊ a l l a h ◊ t e r e ◊ n a a m	ஈ ஷ ் வ ர ் ◊ அ ல ் ல ா ◊ த ே ர ே ◊ ந ா ம ்
j a c o b ◊ v a n ◊ h e e m s k e r c k	ஜ ே க ் க ப ் ◊ வ ா ன ் ◊ ஹ ீ ம ் ஸ ் க ெ ர ் க ்
j a i ◊ h o ◊ m o h a b b a t ◊ k i	ஜ ெ ய ் ◊ ஹ ோ ◊ ம ொ ஹ ப த ் ◊ க ி
j a i ◊ p r a k a s h ◊ y a d a v	ஜ ெ ய ் ◊ ப ி ர க ா ஷ ் ◊ ய ா த ங ்
j a i s h r e e	ஜ ெ ய ஸ ் ர ீ
j a m e s ◊ b r o w n	ஜ ே ம ் ஸ ் ◊ ப ி ர வ ு ன ்
j a s o n	ஜ ே ஸ ன ்
j a y a s i n h	ஜ ெ ய ச ி ங ்
j e e v a n ◊ m r i t y u	ஜ ீ வ ன ் ◊ ம ி ர ு த ் ய ு
j e f f e r s o n	ஜ ெ ஃ ப ர ் ஸ ன ்
j e t - s k i i n g	ஜ ெ ட ் - ஸ ் க ை ய ி ங ்
j e w e l	ஜ ு வ ல ்
j e w e l ◊ t h i e f	ஜ ு வ ெ ல ் ◊ த ீ ஃ ப ்
j e w e l l	ஜ ு வ ல ்
j e w e t t - c a m e r o n ◊ t r a d i n g ◊ c o m p a n y	ஜ ூ வ ெ ட ் - க ே ம ர ா ன ் ◊ ட ி ர ே ட ி ங ் ◊ க ம ் ப ெ ன ி
j h i n u k	ஜ ீ ன க ்
j i n ◊ m a o ◊ b u i l d i n g	ஜ ி ன ் ◊ ம ா வ ோ ◊ ப ி ல ் ட ி ங ்
j i t e n _ d r	ஜ ி த ே ந ் த ர ்
j o g g i n g	ஜ ா க ் க ி ங ்
j o h a r ◊ m e h m o o d ◊ i n ◊ h o n g ◊ k o n g	ஜ ோ ஹ ர ் ◊ ம ெ ய ் ம ூ த ் ◊ இ ன ் ◊ ஹ ா ங ் க ா ங ்
j o h n ◊ f . ◊ k e n n e d y	ஜ ா ன ் ◊ எ ஃ ப ் . ◊ க ெ ன ் ன ட ி
j o h n ◊ t r a v o l t a	ஜ ா ன ் ◊ ட ் ர ொ வ ோ ல ் ட ா
j o h n a v o n	ஜ ா ன ே வ ன ்
j o h n s o n ◊ c o n t r o l s	ஜ ா ன ் ஸ ன ் ◊ க ன ் ட ி ர ோ ல ் ஸ ்
j o s e p h ◊ c a m p b e l l	ஜ ோ ச ப ் ◊ க ே ம ் ப ெ ல ்
j u d s o n	ஜ ூ ட ் ஸ ன ்
j u n g l e ◊ k i n g	ஜ ங ் க ி ள ் ◊ க ி ங ்
j u n g l e e	ஜ ங ் ல ீ
j u s t i c e ◊ c h i b h a b h a	ஜ ஸ ் ட ி ஸ ் ◊ ச ி ப ா ப ா
k a i s e r ◊ f r i e d r i c h ◊ i i i .	க ை ஸ ர ் ◊ ஃ ப ி ர ை ட ் ர ி ச ் ◊ I i i .
k a l a h a n d i	க ல ா ஜ ா ன ் ட ி
k a m e n g	க ா ம ெ ங ்
k a p i n d r a	க ப ீ ன ் த ர ்
k a u n ? ◊ k a i s e y ?	க ோ ன ் ? ◊ க ெ ய ் ச ே ?
k a u s h a l ◊ l o k u a r a c h c h i	க ௌ ஷ ல ் ◊ ல ொ க ் க ு வ ா ர ா ச ் ச ி
k e n n i c e	க ெ ன ் ன ி ஸ ்
k e r a l	க ே ர ள ா
k e y ◊ t o w e r	க ீ ◊ ட வ ர ்
k h a r t o u m	க ர ் த வ ு ம ்
k i e f e r	க ை ஃ ப ர ்
k i n g ◊ e d w a r d ◊ v i i	க ி ங ் ◊ எ ட ் வ ர ் ட ் ◊ V i i
k i n g ◊ f a i s a l ◊ f o u n d a t i o n ◊ p r i z e	க ி ங ் ◊ ஃ ப ை ச ல ் ◊ ஃ ப வ ு ண ் ட ே ஷ ன ் ◊ ப ் ர ை ஸ ்
k i n g ◊ h u s s e i n	க ி ங ் ◊ ஹ ு ச ே ன ்
k i n g ◊ o f ◊ c a r n i v a l	க ி ங ் ◊ ஆ ஃ ப ் ◊ க ா ர ் ன ி வ ல ்
k m a r t ◊ h o l d i n g	க ே ம ா ர ் ட ் ◊ ஹ ோ ல ் ட ி ங ்
k o c ◊ h o l d i n g	க ோ க ் ◊ ஹ ோ ல ் ட ி ங ்
k o h r a	க ொ ஹ ் ர ா
k o i ◊ g h u l a m ◊ n a h i n	க ொ ய ் ◊ க ு ல ா ம ் ◊ ந ா ஹ ி ன ்
k o k r a j h a r	க ொ க ் ர ா ஜ ் ஹ ர ்
k o l h a p u r	க ொ ல ் ஹ ா ப ூ ர ்
k o l h a t k a r	க ொ ல ் ஹ த ் க ர ்
k o l k a t a	க ொ ல ் க த ் த ா
k o l t h e k a r	க ொ ல ் த ே க ர ்
k o m o d o ◊ s u l a w e s i	க ொ ம ோ ட ோ ◊ ச ு ல ா வ ே ச ி
k o n k a r	க ொ ன ் க ர ்
k o r o	க ொ ர ோ
k o s s u t h ◊ p r i z e	க ொ ஸ ூ த ் ◊ ப ் ர ை ஸ ்
k o u c h i b o u g u a c	க ோ ச ் ச ி ப வ ு க ா க ்
k o y n a	க ொ ய ் ன ா
k r e b s ◊ b i o c h e m	க ் ர ெ ப ் ஸ ் ◊ ப ய ோ க ெ ம ்
k r u p k a ◊ v i n a y e k a a r	க ற ் ப க ◊ வ ி ந ா ய க ர ்
k u r e ◊ b e a c h ◊ f i r s t ◊ b a p t i s t	க ு ர ே ◊ ப ீ ச ் ◊ ஃ ப ர ் ஸ ் ட ் ◊ ப ே ப ் ட ி ஸ ் ட ்
k y n t h i a	க ி ன ் த ் ய ா
k y u s h u ◊ e l e c t r i c ◊ p o w e r	க ் ய ூ ஷ ூ ◊ எ ல க ் ட ி ர ி க ் ◊ ப வ ர ்
l a n g h a m ◊ p l a c e ◊ o f f i c e ◊ t o w e r	ல ன ் க ம ் ◊ ப ி ள ே ஸ ் ◊ ஆ ஃ ப ி ஸ ் ◊ ட வ ர ்
l a n k s t o n	ல ங ் ஸ ் ட ன ்
l e e ◊ g e r m o n	ல ீ ◊ ஜ ெ ர ் ம ன ்
l i a m ◊ p l u n k e t t	ல ி ய ம ் ◊ ப ி ள ன ் க ெ ட ்
l i b r a r y ◊ o f ◊ c o n g r e s s ◊ l i v i n g ◊ l e g e n d	ல ை ப ் ர ர ி ◊ ஆ ஃ ப ் ◊ க ா ங ் க ி ர ஸ ் ◊ ல ி வ ி ங ் ◊ ல ெ ஜ ண ் ட ்
l i s b o n ◊ p o r t e l a	ல ி ஸ ் ப ன ் ◊ ப ோ ர ் ட ெ ல ா
l i v i n g s t o n	ல ி வ ி ங ் ஸ ் ட ன ்
l o c k e r i d g e	ல ா க ் க ர ி ட ் ஜ ்
l o k a m a a n _ y	ல ோ க ம ா ன ் ய
l o m o n o s o v ◊ g o l d ◊ m e d a l	ல ொ ம ோ ன ோ ச ோ வ ் ◊ க ோ ல ் ட ் ◊ ம ெ ட ல ்
l o r é a l	ல ோ ர ி ய ல ்
l o u i e	ல ு ய ி
l o v e ◊ m a r r i a g e	ல வ ் ◊ ம ே ர ே ஜ ்
l u c i a n o ◊ p a v a r o t t i	ல ூ ச ி ய ா ந ொ ◊ ப வ ா ர ோ ட ் ட ி
l u m p s ◊ f o r t	ல ம ் ப ் ஸ ் ◊ ஃ ப ் ப ோ ர ் ட ்
l u n g l e i	ல ு ங ் ல ே
l u t e t i u m	ல ு ட ெ ஷ ி ய ம ்
l u x e m b o u r g	ல க ் ச ம ் ப ர ் க ்
l u x o r	ல க ் ச ர ்
m a c ◊ d o n n e l l	ம ெ க ் ட ோ ன ல ்
m a h ◊ s e a m l e s s	ம ஹ ி ந ் த ் ர ா ◊ ச ீ ம ் ல ெ ஸ ்
m a h a a r a a j a s i n h	ம ஹ ா ர ா ஜ ா ச ி ங ்
m a j o r ◊ l e a g u e ◊ l a c r o s s e ◊ o f f e n s i v e ◊ p l a y e r ◊ o f ◊ t h e ◊ y e a r ◊ a w a r d	ம ே ஜ ர ் ◊ ல ீ க ் ◊ ல க ் ர ோ ஸ ் ◊ அ ஃ ப ன ் ச ி வ ் ◊ ப ் ள ே ய ர ் ◊ ஆ ஃ ப ் ◊ த ி ◊ இ ய ர ் ◊ அ வ ா ர ் ட ்
m a n i p u r ◊ t o d a y	ம ன ி ப ் ப ூ ர ் ◊ ட ு ட ே
m a n n i n g	ம ா ன ி ங ்
m a n p o w e r	ம ே ன ் ◊ ப வ ர ்
m a r k q u i c k	ம ா ர ் க ் க ு வ ி க ்
m a r l b o r o u g h	ம ா ர ் ல ் ப ர ோ
m a r l b o r o u g h	ம ா ர ் ல ் ப ோ ர ோ
m a r r i a g e ◊ b u r e a u	ம ே ர ே ஜ ் ◊ ப ி ய ோ ர ே
m a s h h u d	ம ஷ ூ த ்
m a s o o d ◊ i q b a l	ஃ ப ை ச ா ல ் ◊ இ க ் ப ா ல ்
m a t o n d k a r	ம த ோ ன ் க ர ்
m a u n a ◊ l o a	ம ௌ ன ா ◊ ல ோ வ
m a u r i c e	ம ௌ ர ி ஸ ்
m a u r i t i u s	ம ொ ர ீ ஷ ி ய ஸ ்
m a w a h i b	ம ஹ ா வ ி ப ்
m e n g k u a n g ◊ d a m	ம ெ ங ் ம ு வ ா ங ் ◊ ட ே ம ்
m e r i t o r i o u s ◊ s e r v i c e ◊ m e d a l	ம ெ ர ி ட ோ ர ி ய ஸ ் ◊ ச ர ் வ ீ ஸ ் ◊ ம ெ ட ல ்
m i c h a e l ◊ p a p p s	ம ை க ் க ே ஸ ் ◊ ப ா ப ் ஸ ்
m i c h a e l ◊ v a u g h a n	ம ா த ் ய ூ ◊ வ ா க ா ன ்
m i c k	ம ி க ்
m i k e ◊ g a t t i n g	ம ை க ் ◊ க ே ட ் ட ி ங ்
m i l l i o n a i r e	ம ி ல ் ல ி ய ன ே ர ்
m i n a k s h i ◊ s u n d a r e s h v a r a	ம ீ ன ா ட ் ச ி ◊ ச ு ந ் த ர ே ஸ ் வ ர ர ்
m i s s i s s i p p i ◊ m i s s o u r i	ம ி ஸ ி ஸ ி ப ் ப ி ◊ ம ி ஸ ெ ள ர ி
m i t e s h	ம ி த ு ல ்
m o b i l e	ம ொ ப ை ல ்
m o g a d i s h u	ம ொ க ா த ி ஷ ு
m o h a b b a t ◊ a u r ◊ j u n g	ம ொ ஹ ப த ் ◊ அ வ ு ர ் ◊ ஜ ங ்
m o h a b b a t ◊ i s k o ◊ k e h t e ◊ h a i n	ம ொ ஹ ப த ் ◊ இ ஸ ் க ோ ◊ க ெ ஹ ் த ே ◊ ஹ ை ன ்
m o h a b b a t ◊ z i n d a b a d	ம ொ ஹ ப த ் ◊ ஸ ி ந ் த ா ப ா த ்
m o h a l	ம ொ ஹ ல ்
m o h a m m a d ◊ a b u l ◊ k a l a m ◊ a z a d	ம ொ ஹ ம ் ம த ் ◊ அ ப ு ல ் ◊ க ல ா ம ் ◊ ஆ ச ா த ்
m o h a m m a d ◊ a s h r a f u l	ம ொ ஹ ம ் ம த ் ◊ அ ஷ ் ர ா ஃ ப ் ப ு ல ்
m o h a m m a d ◊ s h a r i f	ம ொ ஹ ம ் ம த ் ◊ ஷ ர ீ ஃ ப ்
m o h a m m a d ◊ z a h i d	ம ொ ஹ ் ஹ ம ் ம த ் ◊ ஜ ா ஹ ி த ்
m o h i n d e r ◊ a m a r n a t h	ம ொ ஹ ி ந ் த ர ் ◊ அ ம ர ் ன ா த ்
m o h u l	ம ொ ஹ ல ்
m o i n u d d i n ◊ c h i s h t i	ம ொ ய ் ன ு த ீ ன ் ◊ ச ி ஷ ் ட ி
m o l y b d e n u m	ம ோ ல ி ப ் ட ெ ன ம ்
m o r e	ம ொ ர ே
m o r o c c o	ம ொ ர ோ க ் க ோ
m o r p h y ◊ r i c h a r d s	ம ா ர ் ஃ ப ி ◊ ர ி ச ் ச ர ் ட ் ஸ ்
m o s e r ◊ b a e r	ம ோ ச ர ் ◊ ப ி ய ர ்
m o t o r ◊ c y c l i n g	ம ோ ட ் ட ா ர ் ◊ ச ை க ் க ி ள ி ங ்
m o t o r ◊ r a c i n g	ம ோ ட ் ட ா ர ் ◊ ர ே ச ி ங ்
m o x e n o s	ம ொ க ் ஸ ீ ன ோ ஸ ்
m r i t y u n j a i	ம ் ர ி த ் ய ு ஞ ் ச ய ்
m u ' a l l a	ம ு வ ா ல ் ல ா
m u ' a w i y a h	ம ு வ ா வ ி ய ா
m u j a z z i z	ம ு ஜ ா ஸ ி ஸ ்
m u n i c i p a l ◊ g a l l e r y ◊ o f ◊ p i r a e u s	ம ு ன ி ச ி ப ் ப ல ் ◊ க ே ல ர ி ◊ ஆ ஃ ப ் ◊ ப ை ர ி ய ா ஸ ்
m u s e u m ◊ o f ◊ j e w i s h ◊ h e r i t a g e	ம ி ய ூ ஸ ி ய ம ் ◊ ஆ ஃ ப ் ◊ ஜ ூ வ ி ஷ ் ◊ ஹ ெ ர ி ட ் ட ே ஜ ்
m u s h t a q ◊ a h m e d	ம ு ஷ ் ட ா க ் ◊ அ க ம த ்
m u z z a m m i l	ம ு ஸ ் ஸ ா ம ி ல ்
n a i ◊ u m a r ◊ k i ◊ n a i ◊ f a s a l	ந ய ி ◊ உ ம ர ் ◊ க ி ◊ ந ை ◊ ஃ ப ் ப ை ச ல ்
n a j m	ந ஜ ி ம ்
n a m ◊ h i n ◊ b o u n	ந ா ம ் ◊ ஹ ி ன ் ◊ ப ெ ள ன ்
n a n j i n g ◊ m u s e u m	ந ா ஞ ் ஜ ி ங ் ◊ ம ி ய ூ ஸ ி ய ம ்
n a o t a u	ந ௌ த ா வ ு
n a s a m a j h	ந ா ஸ ் ம ் ஜ
n a t ◊ k i n g ◊ c o l e	ந ா ட ் ◊ க ி ங ் ◊ க ோ ல ்
n a t i o n a l ◊ m u s e m ◊ o f ◊ k o r e a	ந ே ஷ ன ல ் ◊ ம ி ய ூ ஸ ி ய ம ் ◊ ஆ ஃ ப ் ◊ க ொ ர ி ய ா
n e c i a	ந ெ ஸ ி ய ா
n e w ◊ b e g i n n i n g s ◊ c h r i s t i a n	ந ி ய ு ◊ ப ி க ி ன ி ங ் ஸ ் ◊ க ி ற ி ஸ ் ட ி ய ன ்
n e w ◊ d e l h i	ந ி ய ு ◊ ட ெ ல ் ல ி
n e w ◊ y o r k ◊ c i t y ◊ p o l i c e ◊ m u s e u m	ந ி ய ூ ◊ ய ா ர ் க ் ◊ ச ி ட ் ட ி ◊ ப ோ ல ி ஸ ் ◊ ம ி ய ூ ஸ ி ய ம ்
n e w ◊ y o r k ◊ h i s t o r i c a l ◊ s o c i e t y	ந ி ய ூ ◊ ய ா ர ் க ் ◊ ஹ ி ஸ ் ட ா ர ி க ் க ல ் ◊ ச ொ ச ை ட ் ட ி
n i c e ◊ c o t e ◊ d ' a z u r	ந ை ஸ ் ◊ க ோ ட ் ◊ ட ி ' அ ஸ ூ ர ்
n i c k y ◊ b o j e	ந ி க ் க ி ◊ ஹ ோ ய ே
n i g h t ◊ c l u b	ந ை ட ் ◊ க ி ள ப ்
n i p p o n ◊ m i n i n g ◊ h o l d i n g s	ந ி ப ் ப ா ன ் ◊ ம ை ன ி ங ் ◊ ஹ ோ ல ் ட ி ங ் ஸ ்
n i s h a n - e - j u n g	ந ி ஷ ா ன ் - இ - ஜ ங ்
n u r s i n g	ந ர ் ஸ ி ங ்
n y m o x ◊ p h a r m a c e u t i c a l ◊ c o r p o r a t i o n	ந ை ம ோ க ் ஸ ் ◊ ப ா ர ் ம ா ச ெ ட ் ட ி க ் க ல ் ◊ க ா ர ் ப ் ப ர ே ஷ ன ்
o a k ◊ h i l l s ◊ p r e s b y t e r i a n	ஓ க ் ◊ ஹ ி ல ் ஸ ் ◊ ப ி ர ஸ ் ப ட ே ர ி ய ன ்
o a k l a n d ◊ u n i v e r s i t y	ஓ க ் ல ே ண ் ட ் ◊ ய ூ ன ி வ ர ் ச ி ட ் ட ி
o l m s t e a d	ஓ ம ் ஸ ் ட ெ ட ்
o n e g a	உ ன ே க ா
o r a n g e ◊ p r i z e ◊ f o r ◊ f i c t i o n	ஆ ர ஞ ் ச ் ◊ ப ் ர ை ஸ ் ◊ ஃ ப ா ர ் ◊ ஃ ப ி க ் ‌ ஷ ன ்
o r d e n ◊ d e ◊ m a n u e l ◊ a m a d o r ◊ g u e r r e r o	ஆ ர ் ட ன ் ◊ ட ி ◊ ம ே ன ு வ ல ் ◊ அ ம ட ா ர ் ◊ க ு ய ர ் ர ோ
o r d e r ◊ f o r ◊ m e r i t s ◊ t o ◊ l i t h u a n i a	ஆ ர ் ட ர ் ◊ ஃ ப ா ர ் ◊ ம ெ ர ி ட ் ஸ ் ◊ ட ோ ◊ ல ூ த ி ய ா ன ா
o r d e r ◊ o f ◊ d i p l o m a t i c ◊ m e r i t	ஆ ர ் ட ர ் ◊ ஆ ஃ ப ் ◊ ட ி ப ் ள ொ ம ே ட ி க ் ◊ ம ெ ர ி ட ்
o r d e r ◊ o f ◊ g r a n d ◊ d u k e ◊ o f ◊ l i t h u a n i a ◊ g e d i m i n a s	ஆ ர ் ட ர ் ◊ ஆ ஃ ப ் ◊ க ் ர ா ண ் ட ் ◊ ட ் ய ூ க ் ◊ ஆ ஃ ப ் ◊ ல ூ த ி ய ா ன ா ◊ க ெ ட ி ம ி ன ா ஸ ்
o r d e r ◊ o f ◊ o r a n g e ◊ n a s s a u	ஆ ர ் ட ர ் ◊ ஆ ஃ ப ் ◊ ஆ ர ஞ ் ச ் ◊ ந ஸ ் ஸ ா வ ்
o r d e r ◊ o f ◊ p u b l i c ◊ i n s t r u c t i o n	ஆ ர ் ட ர ் ◊ ஆ ஃ ப ் ◊ ப ப ் ள ி க ் ◊ இ ன ் ஸ ் ட ் ர க ் ‌ ஷ ன ்
o r d e r ◊ o f ◊ t h e ◊ c r o w n	ஆ ர ் ட ர ் ◊ ஆ ஃ ப ் ◊ த ி ◊ க ் ர வ ு ன ்
o r d e r ◊ o f ◊ t h e ◊ g o l d e n ◊ f l e e c e	ஆ ர ் ட ர ் ◊ ஆ ஃ ப ் ◊ த ி ◊ க ோ ல ் ட ன ் ◊ ஃ ப ் ள ீ ஸ ்
o r d e r ◊ o f ◊ t h e ◊ p r e c i o u s ◊ c r o w n	ஆ ர ் ட ர ் ◊ ஆ ஃ ப ் ◊ த ி ◊ ப ் ர ெ ஷ ி ய ஸ ் ◊ க ் ர வ ு ன ்
o r d e r ◊ o f ◊ t h e ◊ r i s i n g ◊ s u n	ஆ ர ் ட ர ் ◊ ஆ ஃ ப ் ◊ த ி ◊ ர ை ச ி ங ் ◊ ச ன ்
o r d e r ◊ o f ◊ t h e ◊ w h i t e ◊ l i o n	ஆ ர ் ட ர ் ◊ ஆ ஃ ப ் ◊ த ி ◊ ஒ ய ி ட ் ◊ ல ய ன ்
o r d e r ◊ o f ◊ z h o u k o v	ஆ ர ் ட ர ் ◊ ஆ ஃ ப ் ◊ ஸ ு வ ோ க ோ வ ்
o r r i c k	ஓ ர ி க ்
o s a k a ◊ w o r l d ◊ t r a d e ◊ c e n t e r	ஒ ச ா க ா ◊ வ ே ர ் ல ் ட ் ◊ ட ி ர ே ட ் ◊ ச ெ ன ் ட ர ்
o s i a s	ஓ ச ை ஸ ்
o u d	ஔ ட ்
p a c i f i c ◊ i n t e r n e t ◊ l i m i t e d	ப ஸ ி ஃ ப ி க ் ◊ இ ன ் ட ர ் ந ெ ட ் ◊ ல ி ம ி ட ெ ட ்
p a c i f i c ◊ r i m	ப ஸ ி ஃ ப ி க ் ◊ ர ி ம ்
p a l a r ◊ p o r a n d a l a r ◊ r e s e r v o i r	ப ா ல ா ற ு ◊ ப ொ ற ண ் ட ல ா ற ு ◊ ர ி ச ர ் வ ா ய ர ்
p a l m ◊ s p r i n g s	ப ா ம ் ◊ ஸ ் ப ி ர ி ங ் ஸ ்
p a y i n g ◊ g u e s t	ப ே ய ி ங ் ◊ க ெ ஸ ் ட ்
p e a r y ◊ t r u d e a u	ப ி ய ர ி ◊ ட ் ர ோ ட ி ய ே
p e k i n g ◊ u n i v e r s i t y	ப ெ க ி ங ் ◊ ய ூ ன ி வ ர ் ச ி ட ் ட ி
p e t e r ◊ u e b e r r o t h	ப ீ ட ் ட ர ் ◊ உ ப ே ர ா த ்
p h i a l a	ஃ ப ி ய ா ல ா
p h i l a n a	ஃ ப ி ல ா ன ா
p h i l a n d e r	ஃ ப ி ல ா ண ் ட ர ்
p h i l i p s	ஃ ப ி ல ி ப ் ஸ ்
p h i l i p s ◊ i n d i a	ஃ ப ி ல ி ப ் ஸ ் ◊ இ ந ் த ி ய ா
p h i l o m e n a	ஃ ப ி ல ோ ம ி ன ா
p h i r o z a	ஃ ப ி ர ோ ஸ ா
p h o e b e	ஃ ப ோ ப ே
p h o o l ◊ a u r ◊ i n s a a n	ஃ ப ் ப ூ ள ் ◊ அ வ ு ர ் ◊ இ ன ் ச ா ன ்
p h o o l ◊ b a n e ◊ a n g a r e y	ஃ ப ் ப ூ ள ் ◊ ப ன ே ◊ அ ங ் க ா ர ே
p h o o l ◊ k h i l e ◊ h a i n ◊ g u l s h a n ◊ g u l s h a n	ஃ ப ் ப ூ ள ் ◊ க ி ள ே ◊ ஹ ை ன ் ◊ க ு ல ் ஷ ா ன ் ◊ க ு ல ் ஷ ா ன ்
p h o o l o n ◊ k e ◊ h a a r	ஃ ப ் ப ூ ள ோ ன ் ◊ க ே ◊ ஹ ா ர ்
p h u l a w a r i	ஃ ப ு ல ா வ ர ி
p i c o ◊ d e ◊ t a n c í t a r o	ப ீ க ோ ◊ ட ீ ◊ ட ா ன ் ச ி ட ா ர ோ
p i n g ◊ p o n g	ப ி ங ் ◊ ப ா ங ்
p i x e l p l u s	ப ி க ் ஸ ல ் ப ி ல ஸ ்
p o l i c e ◊ d e t e c t i v e	ப ோ ல ி ஸ ் ◊ ட ி ட ெ க ் ட ி வ ்
p o l i c e ◊ s t a t i o n	ப ோ ல ி ஸ ் ◊ ஸ ் ட ே ஷ ன ்
p o l i c e ◊ w a l i	ப ோ ல ி ஸ ் ◊ வ ா ல ி
p o l y d e x ◊ p h a r m a c e u t i c a l s ◊ l i m i t e d	ப ா ல ி ட ெ க ் ஸ ் ◊ ப ா ர ் ம ா ச ெ ட ் ட ி க ் க ல ் ஸ ் ◊ ல ி ம ி ட ெ ட ்
p o n k s h e	ப ொ ன ் ஷ ே
p o p e ◊ j o h n ◊ p a u l ◊ i i	ப ோ ப ் ◊ ஜ ா ன ் ◊ ப ா ல ் ◊ I i
p r e c i o u s	ப ் ர ெ ஷ ி ய ஸ ்
p r e r n a	ப ி ர ே ம ா
p r e s i d e n t ◊ j a c k s o n	ப ி ர ெ ஸ ி ட ெ ண ் ட ் ◊ ஜ ா க ் ஸ ன ்
p r i c e w a t e r h o u s e ◊ c o o p e r s	ப ி ர ை ஸ ் வ ா ட ் ட ர ் ஹ வ ு ஸ ் ◊ க ூ ப ் ப ர ் ஸ ்
p r o ◊ f o o t b a l l ◊ h a l l ◊ o f ◊ f a m e	ப ் ர ோ ◊ ஃ ப ு ட ் ப ா ல ் ◊ ஹ ா ல ் ◊ ஆ ஃ ப ் ◊ ஃ ப ே ம ்
p r o f e s s o r	ப ு ர ொ ஃ ப ் ப ச ர ்
p r o t e c t i o n ◊ o f ◊ n a t u r a l ◊ a m e n i t i e s ◊ m e d a l	ப ் ர ொ ட ெ க ் க ் ‌ ஷ ன ் ◊ ஆ ஃ ப ் ◊ ந ே ச ் ச ு ர ல ் ◊ அ ம ி ன ி ட ் ட ி ஸ ் ◊ ம ெ ட ல ்
p r u t h ◊ c a m p a i g n	ப ் ர ூ த ் ◊ க ா ம ் ப ை ன ்
p u s h p e n _ d r	ப ு ஷ ் ப ே ந ் த ர ்
q u i a n a	க ு வ ே ன ா
r a g h u p a t i	ர க ு ந ா த ்
r a i n ◊ c a l c i n i n g	ர ெ ய ி ன ் ◊ க ா ல ி ச ி ன ி ங ்
r a v i n _ d a r	ர வ ீ ந ் த ர ்
r a y ◊ i l l i n g w o r t h	ர ே ◊ இ ல ் ல ி ங ் வ ர ் த ்
r a y ◊ p r i c e	ர ே ◊ ப ் ர ை ஸ ்
r e e c e	ர ீ ஸ ்
r e g i s	ர ெ ஜ ி ஸ ்
r e n e - l e v a s s e u r	ர ே ன ே - ல ே வ ஸ ி ய ர ்
r e o n ◊ k i n g	ர ி ய ோ ன ் ◊ க ி ங ்
r i a n n e	ர ி ய ன ் ன ா
r i c h a r d ◊ i l l i n g w o r t h	ர ி ச ் ச ர ் ட ் ◊ இ ல ் ல ி ங ் வ ர ் த ்
r i c k	ர ி க ்
r i c k ◊ d a r l i n g	ர ி க ் ◊ ட ா ர ் ல ி ங ்
r i c k y ◊ p o n t i n g	ர ி க ் க ி ◊ ப ா ண ் ட ி ங ்
r i m j h i m ◊ g e e t o n ◊ k i	ர ி ம ் ◊ ஜ ி ம ் ◊ க ீ த ோ ன ் ◊ க ி
r o b e r t ◊ b r o w n i n g	ர ா ப ர ் ட ் ◊ ப ் ர ௌ ன ி ங ்
r o b e r t ◊ l a u g h l i n	ர ா ப ர ் ட ் ◊ ல ா ஃ ப ் ல ி ன ்
r o b i n ◊ b r o w n	ர ா ப ி ன ் ◊ ப ் ர வ ு ன ்
r o c k ◊ c l i m b i n g	ர ா க ் ◊ க ் ள ை ம ் ப ி ங ்
r o c k b r i d g e	ர ா க ் ப ி ர ி ட ் ஜ ்
r o d ◊ s e r l i n g	ர ா ட ் ◊ ச ெ ர ் ல ி ங ்
r o j o k	ர ொ ஜ ோ க ்
r o l a n d o	ர ொ ல ா ண ் ட ோ
r o m e s h ◊ k a l u w i t h a r a n a	ர ொ ம ே ஷ ் ◊ க ல ு வ ி த ர ா ன ா
r o n a d o r	ர ொ ன ட ா ர ்
r o n a l d	ர ொ ன ா ல ் ட ்
r o w i n g	ர ோ ய ி ங ்
r u n n i n g	ர ன ் ன ி ங ்
r u s s i a n ◊ f e d e r a t i o n	ர ஷ ் ய ன ் ◊ ப ெ ட ் ட ர ே ஷ ன ்
r u s t o m - e - b a g h d a d	ர ு ஸ ் த ம ் - இ - ப ா க ் த ா த ்
r y u g y o n g ◊ h o t e l	ர ி ய ு க ் ய ோ ங ் ◊ ஹ ோ ட ் ட ல ்
s a d i q ◊ m o h a m m a d	ச ா த ி க ் ◊ ம ொ ஹ ம ் ம த ்
s a f i y y	ச ஃ ப ி ய ்
s a i l i n g	ச ெ ய ் ல ி ங ்
s a i n t ◊ g e o r g e ' s ◊ t o w e r	ச ெ ய ி ண ் ட ் ◊ ஜ ா ர ் ஜ ் ஸ ் ◊ ட வ ர ்
s a i n t ◊ j o h n ◊ t h e ◊ b a p t i s t ◊ h i g h ◊ s c h o o l , t h a n e	ச ெ ய ி ண ் ட ் ◊ ஜ ா ன ் ◊ த ◊ ப ா ப ் ட ி ஸ ் ட ் ◊ ஹ ை ◊ ஸ ் க ூ ல ் , ◊ த ா ன ே
s a i n t ◊ j o h n ' s ◊ h i g h ◊ s c h o o l , ◊ c h a n d i g a r h	ச ெ ய ி ண ் ட ் ◊ ஜ ா ன ் ஸ ் ◊ ஹ ை ◊ ஸ ் க ூ ல ் , ◊ ச ண ் ட ி க ர ்
s a i n t ◊ j o s e p h ' s ◊ b o y s ' ◊ h i g h ◊ s c h o o l , ◊ b a n g a l o r e	ச ெ ய ி ண ் ட ் ◊ ஜ ோ ச ப ் ஸ ் ◊ ப ா ய ் ஸ ் ◊ ஹ ை ◊ ஸ ் க ூ ல ் , ◊ ப ெ ங ் க ள ூ ர ்
s a i n t ◊ j o s e p h ' s ◊ s e n i o r ◊ s e c o n d a r y ◊ s c h o o l , ◊ k a n p u r	ச ெ ய ி ண ் ட ் ◊ ஜ ோ ஸ ப ் ஸ ் ◊ ச ீ ன ி ய ர ் ◊ ச ெ க ் க ன ் ட ர ி ◊ ஸ ் க ூ ல ் , ◊ க ா ன ் ப ு ர ்
s a i n t ◊ m i c h a e l ' s ◊ a c a d e m y , ◊ c h e n n a i	ச ெ ய ி ண ் ட ் ◊ ம ை க ் க ெ ல ் ஸ ் ◊ அ க ா ட ெ ம ி , ◊ ச ெ ன ் ன ை
s a i n t ◊ o l a v s ◊ m e d a l ◊ w i t h ◊ o a k ◊ b r a n c h	ச ெ ய ி ண ் ட ் ◊ ஒ ல ா வ ் ஸ ் ◊ ம ெ ட ல ் ◊ வ ி த ் ◊ ஓ க ் ◊ ப ் ர ா ன ் ச ்
s a i n t ◊ t h o m a s ◊ t o w e r	ச ெ ய ி ண ் ட ் ◊ த ோ ம ஸ ் ◊ ட வ ர ்
s a m j h a u t a	ச ம ் ஜ ோ த ா
s a m u e l ◊ t a y l o r ◊ c o l e r i d g e	ச ா ம ு வ ே ல ் ◊ ட ெ ய ் ல ர ் ◊ க ோ ல ே ர ி ட ் ஜ ்
s a n ◊ f r a n c i s c o ◊ o a k l a n d ◊ b a y	ச ன ் ◊ ப ி ர ா ன ் ச ி ஸ ் க ோ ◊ ஓ க ் ல ே ண ் ட ் ◊ ப ே
s a n d r a ◊ d a y ◊ o ' c o n n o r	ச ா ண ் ட ் ர ா ◊ ட ே ◊ ஓ ' க ா ன ர ்
s a n j a y ◊ b a n g a r	ச ஞ ் ச ய ் ◊ ப ங ் க ர ்
s a n j a y ◊ m a n j r e k a r	ச ஞ ் ச ய ் ◊ ம ஞ ் ச ி ர ே க ் க ர ்
s a o ◊ j o a q u i m	ச ா வ ோ ◊ ஜ ா வ ோ க ி ய ம ்
s a v o i e	ச ா வ ோ ய ி
s e e t a a s a r a n	ச ி ய ன ் ன ா
s h a a n k a r	ஷ ங ் க ர ்
s h a b b	ஷ ப ்
s h a h ◊ e ◊ i r a n	ஷ ா ◊ இ ◊ ஈ ர ா ன ்
s h a u n ◊ p o l l o c k	ஷ ா ன ் ◊ ப ொ ல ் ல ா க ்
s h o a i b ◊ a k h t a r	ஷ ோ ய ப ் ◊ அ க ் த ர ்
s h o a i b ◊ m o h a m m a d	ஷ ோ ய ப ் ◊ ம ொ ஹ ம ் ம த ்
s h u a y b	ஷ ு ய ா ப ்
s i n g l a	ச ி ங ் ல ா
s i r m a u r	ச ி ர ் ம வ ூ ர ்
s k y ◊ d i v i n g	ஸ ் க ை ◊ ட ை வ ி ங ்
s l e d d i n g	ஸ ் ல ெ ட ் ட ி ங ்
s n o r k e l i n g	ஸ ் ன ோ ர ் க ெ ல ி ங ்
s o f o n ◊ s u p h a p o n g	ச ோ ஃ ப ோ ன ் ◊ ச ு ஃ ப ா ப ோ ங ்
s o l s t i c e	ச ோ ல ் ஸ ் ட ை ஸ ்
s o p h i a	ச ோ ஃ ப ி ய ா
s o r r e n t o ◊ 1	ச ோ ர ன ் ட ோ ◊ 1
s o u t h ◊ k o r e a	ச ௌ த ் ◊ க ொ ர ி ய ா
s p a n i s h ◊ w a r ◊ b e t w e e n ◊ e n g l a n d ◊ a n d ◊ f r a n c e	ஸ ் ப ா ன ி ஷ ் ◊ வ ா ர ் ◊ ப ி ட ் வ ீ ன ் ◊ இ ங ் க ி ல ா ண ் ட ் ◊ அ ண ் ட ் ◊ ஃ ப ் ப ி ர ா ன ் ச ு
s p e c t r u m ◊ s i g n a l ◊ p r o c e s s i n g	ஸ ் ப ெ க ் ட ் ர ம ் ◊ ச ி க ் ன ல ் ◊ ப ி ர ா ச ச ி ங ்
s r i ◊ v a g i s v a r i ◊ v i d y a ◊ m a n d i r , s a m a t h u r , ◊ p o l l a c h i	ஸ ் ர ீ ◊ வ ா க ி ஸ ் வ ர ி ◊ வ ி த ் ய ா ◊ ம ந ் த ி ர ் , ◊ ச ம ா த ூ ர ் , ◊ ப ொ ல ் ல ா ச ் ச ி
s t a t e ◊ t o w e r	ஸ ் ட ே ட ் ◊ ட வ ர ்
s t e i n e r ◊ l e i s u r e ◊ l i m i t e d	ஸ ் ட ே ன ் ன ் ர ் ◊ ல ீ ஷ ர ் ◊ ல ி ம ி ட ெ ட ்
s t e v e n ◊ h a w k i n g	ஸ ் ட ீ வ ன ் ◊ ஹ ா க ி ங ்
s t r a i t ◊ o f ◊ m a g e l l a n	ஸ ் ட ி ர ெ ய ி ட ் ◊ ஆ ப ் ◊ ம ெ க ா ல ன ்
s t u a r t ◊ w i l l i a m s	ஸ ் ட ூ வ ர ் ட ் ◊ வ ி ல ் ல ி ய ம ் ஸ ்
s t u a r t s ◊ d r a f t ◊ b a p t i s t	ஸ ் ட ு வ ர ் ட ் ஸ ் ◊ ட ி ர ா ப ் ட ் ◊ ப ே ப ் ட ி ஸ ் ட ்
s u ' a d	ச ு வ த ்
s u r e n _ d a r	ச ு ர ே ந ் த ர ்
s u r e n _ d r	ச ு ர ே ந ் த ர ்
s u v e n ◊ l i f e ◊ s c i e	ச ு வ ெ ன ் ◊ ல ை ஃ ப ் ◊ ச ை ன ் ஸ ்
s w a t a n t r a	ஸ ் வ ந ் த ி ர ா
s y n c h r o n i s e d ◊ s w i m m i n g	ச ி ங ் க ் ர ன ை ஸ ் ட ் ◊ ஸ ் வ ி ம ் ம ி ங ்
t a c e y	ட ெ ஸ ி
t a h i r ◊ n a q q a s h	ட ா ஹ ி ர ் ◊ ந ஷ ா க ்
t a i p e i ◊ 1 0 1	த ை ப ே ◊ 1 0 1
t a k h a t ◊ s h r i ◊ k e s g a r h ◊ s a h i b , ◊ a n a n d p u r ◊ s a h i b ◊ ( p u n j a b )	த க த ் ◊ ஸ ் ர ீ ◊ க ே ஸ ் க ர ் ◊ ச ா ஹ ி ப ் , ◊ ஆ ன ந ் த ் ப ூ ர ் ◊ ச ா ஹ ி ப ் ◊ ( ப ஞ ் ச ா ப ் )
t a k i u d d e e n	த க ் க ி ய ு த ீ ன ்
t a n d e m ◊ c y c l i n g	ட ே ண ் ட ம ் ◊ ச ை க ் க ி ள ி ங ்
t a r o ◊ p h a r m a c e u t i c a l ◊ i n d u s t r i e s	ட ா ர ோ ◊ ப ா ர ் ம ா ச ெ ட ் ட ி க ் க ல ் ◊ இ ண ் ட ஸ ் ட ி ர ீ ஸ ்
t a t a ◊ p o w e r	ட ா ட ா ◊ ப வ ர ்
t a u s e e f ◊ a h m e d	ட ௌ ச ீ ஃ ப ் ◊ அ க ம த ்
t a w q e e r	த ௌ க ் க ீ ர ்
t a w q i r	த ௌ க ் க ீ ர ்
t e v a ◊ p h a r m a c e u t i c a l ◊ i n d u s t r i e s ◊ l i m i t e d	ட ெ வ ா ◊ ப ா ர ் ம ா ச ெ ட ் ட ி க ் க ல ் ◊ இ ண ் ட ஸ ் ட ி ர ீ ஸ ் ◊ ல ி ம ி ட ெ ட ்
t e w a a r a t o n ◊ t r o p h y	த ீ வ ா ர த ் த ன ் ◊ ட ் ர ா ஃ ப ி
t h e ◊ a s i a n ◊ a g e	த ◊ ஏ ஷ ி ய ன ் ◊ ஏ ஜ ்
t h e ◊ a u s t r a l i a n / v o g e l ◊ l i t e r a r y ◊ a w a r d	த ி ◊ ஆ ஸ ் ட ் ர ே ல ி ய ன ் / வ ோ க ல ் ◊ ல ி ட ் ர ர ி ◊ அ வ ா ர ் ட ்
t h e ◊ b r i t i s h ◊ m u s e u m	த ◊ ப ி ர ி ட ் ட ி ஷ ் ◊ க ே ல ர ி
t h e ◊ t r u m p ◊ b u i l d i n g	த ி ◊ ட ி ர ம ் ப ் ◊ ப ி ல ் ட ி ங ்
t h e o p h i l u s	த ி ய ோ ஃ ப ி ல ஸ ்
t h i r u k k u l u n k u n r a m	த ி ர ு க ் க ழ ு க ு ன ் ற ம ்
t i m e ◊ w a r n e r	ட ை ப ் ◊ வ ா ர ் ன ர ்
t o k y o ◊ e l e c t r i c ◊ p o w e r	ட ோ க ் ய ோ ◊ எ ல க ் ட ி ர ி க ் ◊ ப வ ர ்
t o m ◊ c r u i s e	ட ா ம ் ◊ க ் ர ூ ஸ ்
t o p p a n ◊ p r i n t i n g	ட ா ப ் ப ன ் ◊ ப ி ர ி ண ் ட ி ங ்
t r e v o r ◊ l a u g h l i n	ட ி ர ெ வ ர ் ◊ ல ா ஃ ப ் ல ி ன ்
t u c s o n	ட ல ் ஸ ா
t u l s a	ட க ் ஸ ் ன ்
t u m ◊ l a u t ◊ a a o	த ு ம ் ◊ ல ோ த ் ◊ ஆ ஓ
t u n g ◊ c h u n g ◊ f o r t	த ு ங ் ◊ ச ங ் ◊ ஃ ப ் ப ோ ர ் ட ்
t u s c a r o r a ◊ w a r	ட ஸ ் வ ா ர ோ ர ா ◊ வ ா ர ்
u m m ◊ k u l t h u m	உ ம ் ◊ க ு ல ் த ு ம ்
u n i t e d ◊ p h o s p h o r o u s	ய ு ன ை ட ெ ட ் ◊ ஃ ப ா ஸ ் ப ர ஸ ்
u n i v e r s i t y ◊ o f ◊ a l a b a m a	ய ூ ன ி வ ர ் ச ி ட ் ட ி ◊ அ ஃ ப ் ◊ அ ல ப ா ம ா
v a u g h a n ◊ b r o w n	வ ா க ா ன ் ◊ ப ி ர வ ு ன ்
v e n e z u e l a	வ ெ ன ி ச ூ ல ா
v e n t u r e	வ ெ ன ் ச ர ்
v e n u s	வ ீ ன ஸ ்
v e r i z o n ◊ c o m m u n i c a t i o n s	வ ெ ர ி ச ா ன ் ◊ க ம ் ய ூ ன ி க ் க ே ஷ ன ் ஸ ்
v e s t e ◊ o b e r h a u s	வ ெ ஸ ் ட ெ ◊ ஓ ப ெ ஹ ா ஸ ்
v i g h n a r a a j e n _ d r	வ ி க ் ன ர ா ஜ ே ந ் த ர ்
v i j i t e ^ d r i y	வ ி ஜ ி த ே ந ் த ி ர ி
v i r g i n i a ◊ r e e l	வ ெ ர ி ஜ ீ ன ி ய ா ◊ ர ீ ல ்
v i s h v e n _ d r	வ ி ஷ ் வ ே ந ் த ர ்
w a r r i c k	வ ா ர ி க ்
w a s h i n g t o n ◊ m u t u a l	வ ா ஷ ி ங ் ட ன ் ◊ ம ் ய ூ ச ் ச ு வ ல ்
w a t a n ◊ k e ◊ r a k h w a l e	வ ா த ன ் ◊ க ே ◊ த ா க ் வ ா ல ே
w e l l i n g t o n	வ ெ ல ் ல ி ங ் ட ன ்
w e s t ◊ s i d e ◊ g e n e r a l ◊ b a p t i s t	வ ெ ஸ ் ட ் ◊ ஸ ை ட ் ◊ ஜ ெ ன ர ல ் ◊ ப ே ப ் ட ி ஸ ் ட ்
w h i t e	ஒ ய ி ட ்
w h i t e f i s h	ஒ ய ி ட ் ஃ ப ி ஷ ்
w h o o p i ◊ g o l d b e r g	ஊ ஃ ப ் ப ி ◊ க ோ ல ் ட ் ப ர ் க ்
w i l l i e ◊ b r o w n	வ ி ல ் ல ி ◊ ப ி ர வ ு ன ்
w i l l i n g d o n ◊ r e s e r v o i r	வ ி ல ் ல ி ங ் ட ன ் ◊ ர ி ச ர ் வ ா ய ர ்
w o l c o t t	வ ா ல ் க ோ ட ்
w o o d s t o c k ◊ h i s t o r i c a l ◊ s o c i e t y	உ ட ் ஸ ் ட ா க ் ◊ ஹ ி ஸ ் ட ா ர ி க ் க ல ் ◊ ச ொ ச ை ட ் ட ி
w o r d ◊ a n d ◊ s p i r i t ◊ f a m i l y	வ ே ர ் ட ் ◊ அ ண ் ட ் ◊ ஸ ் ப ி ர ி ட ் ◊ ப ே ம ி ல ி
w o r l d ◊ f i g u r e ◊ s k a t i n g ◊ c h a m p i o n s	வ ோ ர ் ல ் ட ் ◊ ஃ ப ி க ர ் ◊ ஸ ் க ே ட ் ட ி ங ் ◊ ச ா ம ் ப ி ய ன ் ஸ ்
w o r l d ◊ f o o d ◊ p r i z e	வ ோ ர ் ல ் ட ் ◊ ஃ ப ு ட ் ◊ ப ் ர ை ஸ ்
w r e s t l i n g	ர ெ ஸ ் ட ் ல ி ங ்
w u a n k a r a	உ வ ா ன ் க ா ர ா
w y a t t	ய ா த ்
w y a t t	வ ய த ்
x a n d y	ஜ ே ண ் ட ி
x a n t h u s	ஜ ே ந ் த ஸ ்
x a n t i	ஜ ா ண ் ட ி
x a n t o	ஜ ா ண ் ட ோ
x a v i e r ◊ m a r s h a l l	ஜ ே வ ி ய ர ் ◊ ம ா ர ் ஷ ல ்
x e l - h a ◊ l a g o o n	ஜ ெ ல ் - ஹ ா ◊ ல க ூ ன ்
x e n i a	ஜ ே ன ி ய ா
x e n o s	ஜ ெ ன ோ ஸ ்
x e r o x	ச ெ ர ா க ் ஸ ்
x i n g ◊ u n i v e r s a l ◊ t e l e p h o n e	ஸ ி ங ் ◊ ய ூ ன ி வ ர ் ச ல ் ◊ ட ெ ல ி ப ோ ன ்
x i n g u	ஜ ி ங ் க ு
y a d o n ◊ k i ◊ z a n j e e e r	ய ா த ோ ன ் ◊ க ி ◊ ஸ ன ் ஜ ீ ர ்
y o g e n _ d a r	ய ோ க ே ந ் த ர ்
y o r k t o w n	ய ோ ர ் க ் ட வ ு ன ்
y u g o s l a v i a	ஸ ா ம ் ப ி ய ா
z w y n d r e c h t	ஸ ை ன ் ட ி ர ெ ச ் ட ்
