b a n g l a d e s h	บ ั ง ก ล า เ ท ศ
b h u t a n	ภ ู ฏ า น
b l i g h	ไ บ ล
b m x	บ ี เ อ ็ ม เ อ ก ซ ์
b m x	บ ี เ อ ็ ม เ อ ็ ก ซ ์
b n r	บ ี เ อ ็ น อ า ร ์
c a m b o d i a	ก ั ม พ ู ช า
c d - r w	ซ ี ด ี อ า ร ์ ด ั บ เ บ ิ ล ย ู
c n n	ซ ี เ อ ็ น เ อ ็ น
c o b a l t - 6 0	โ ค บ อ ล ต ์ - ๖ ๐
c r o - m a g n o n	โ ค ร ม ั น ย อ ง
c t x	ซ ี ท ี เ อ ็ ก ซ ์
d n r	ด ี เ อ ็ น อ า ร ์
d u b o i s , ◊ g u y ◊ p e n e	ด ู บ ั ว , ◊ ก ี ◊ แ ป ง
d w f	ด ี ด ั บ บ ล ิ ว เ อ ฟ
e d i n b u r g h	เ อ ด ิ น บ ะ ร ะ
e l ◊ n i n o	เ อ ล น ี โ ญ
f a - h u a	ฝ า ห ั ว
j o	โ จ
k .	เ ค
k a t h m a n d u	ก า ฐ ม า ณ ฑ ุ
k a t m a n d u	ก า ฐ ม ั ณ ฑ ุ
m a ' a m	แ ห ม ่ ม
m f n	เ อ ็ ม เ อ ฟ เ อ ็ น
m l s s	เ อ ็ ม แ อ ล เ อ ส เ อ ส
m m d	เ อ ็ ม เ อ ็ ม ด ี
m p n	เ อ ็ ม พ ี เ อ ็ น
m r i	เ อ ็ ม อ า ร ์ ไ อ
m s	เ อ ็ ม เ อ ส
m s l	เ อ ็ ม เ อ ส แ อ ล
m s w	เ อ ็ ม เ อ ส ด ั บ บ ล ิ ว
n m r	เ อ ็ น เ อ ็ ม อ า ร ์
n r	เ อ ็ น อ า ร ์
n u r	เ อ ็ น ย ู อ า ร ์
o m r	โ อ เ อ ็ ม อ า ร ์
p m r	พ ี เ อ ็ ม อ า ร ์
p n e u m a t i c	น ิ ว เ ม ต ิ ก
p n e u m o n i a	น ิ ว ม อ เ น ี ย
p r r	พ ี อ า ร ์ อ า ร ์
p u b	ผ ั บ
r e r	อ า ร ์ อ ี อ า ร ์
r h r	อ า ร ์ เ อ ช อ า ร ์
r m	อ า ร ์ เ อ ็ ม
r m c l	อ า ร ์ เ อ ็ ม ซ ี แ อ ล
r n a	อ า ร ์ เ อ ็ น เ อ
r p n	อ า ร ์ พ ี เ อ ็ น
r q	อ า ร ์ ค ิ ว
r s f	อ า ร ์ เ อ ส เ อ ฟ
s d n r	เ อ ส ด ี เ อ ็ น อ า ร ์
s l r	เ อ ส แ อ ล อ า ร ์
s m l	เ อ ส เ อ ็ ม แ อ ล
s n r	เ อ ส เ อ ็ น อ า ร ์
s n u r	เ อ ส เ อ ็ น ย ู อ า ร ์
s p r r	เ อ ส พ ี อ า ร ์ อ า ร ์
w t o	ด ั บ เ บ ิ ล ย ู ท ี โ อ
x i	ไ ซ
x l	เ อ ก ซ ์ แ อ ล
x o	เ อ ก ซ ์ โ อ
y w c a	ว า ย ด ั บ เ บ ิ ล ย ู ซ ี เ อ
z h o u ◊ e n l a i	โ จ ว ◊ เ อ ิ ้ น ไ ห ล
่ j e e p	จ ี ๊ บ
