a a f	เ อ เ อ เ อ ฟ
a b s	เ อ บ ี เ อ ส
a c h	เ อ ซ ี เ อ ช
a h u	เ อ เ อ ช ย ู
a l u	เ อ แ อ ล ย ู
a n s	เ อ เ อ ็ น เ อ ส
a o l r	เ อ โ อ แ อ ล อ า ร ์
a p l	เ อ พ ี แ อ ล
a s	เ อ เ อ ส
a s l	เ อ เ อ ส แ อ ล
a s r	เ อ เ อ ส อ า ร ์
a t m	เ อ ท ี เ อ ็ ม
b a c m	บ ี เ อ ซ ี เ อ ็ ม
b a n g l a d e s h	บ ั ง ก ล า เ ท ศ
b a t n e e c	บ ี เ อ ท ี เ อ ็ น อ ี อ ี ซ ี
b e p r	บ ี อ ี พ ี อ า ร ์
b h u t a n	ภ ู ฏ า น
b i s	บ ี ไ อ เ อ ส
b m c l	บ ี เ อ ็ ม ซ ี แ อ ล
b m p	บ ี เ อ ็ ม พ ี
b m x	บ ี เ อ ็ ม เ อ ก ซ ์
b n f	บ ี เ อ ็ น เ อ ฟ
b n r	บ ี เ อ ็ น อ า ร ์
b p m	บ ี พ ี เ อ ็ ม
b p n r	บ ี พ ี เ อ ็ น อ า ร ์
b p r	บ ี พ ี อ า ร ์
b r e a u l t	โ บ ร
b r t	บ ี อ า ร ์ ท ี
b s t	บ ี เ อ ส ท ี
b t s	บ ี ท ี เ อ ส
c . l . u .	ซ ี แ อ ล ย ู
c . p . c . u .	ซ ี พ ี ซ ี ย ู
c a l	ซ ี เ อ แ อ ล
c a l d e r	ค อ ล เ ด อ ร ์ ฮ อ ล ล ์
c b r	ซ ี บ ี อ า ร ์
c b s	ซ ี บ ี เ อ ส
c d m a	ซ ี ด ี เ อ ็ ม เ อ
c e m s	ซ ี อ ี เ อ ็ ม เ อ ส
c f f a s	ซ ี เ อ ฟ เ อ ฟ เ อ เ อ ส
c g s	ซ ี จ ี เ อ ส
c h p	ซ ี เ อ ช พ ี
c i f	ซ ี ไ อ เ อ ฟ
c i m	ซ ี ไ อ เ อ ็ ม
c n g	ซ ี เ อ ็ น จ ี
c n n	ซ ี เ อ ็ น เ อ ็ น
c n s	ซ ี เ อ ็ น เ อ ส
6 0	๖ ๐
c o h	ซ ี โ อ เ อ ช
c p m	ซ ี พ ี เ อ ็ ม
c p s	ซ ี พ ี เ อ ส
c r	ซ ี อ า ร ์
c r c	ซ ี อ า ร ์ ซ ี
c r t	ซ ี อ า ร ์ ท ี
c s o	ซ ี เ อ ส โ อ
c s r	ซ ี เ อ ส อ า ร ์
c t x	ซ ี ท ี เ อ ็ ก ซ ์
d a f	ด ี เ อ เ อ ฟ
r .	อ า ร ์ .
j a c q u e s	ช า ก
d b m s	ด ี บ ี เ อ ็ ม เ อ ส
d c f	ด ี ซ ี เ อ ฟ
w .	ด ั บ เ บ ิ ล ย ู .
d e r v	ด ี อ ี อ า ร ์ ว ี
d e s	ด ี อ ี เ อ ส
d h a	ด ี เ อ ช เ อ
d i e t s c h	ด ิ ช
d n a p l	ด ี เ อ ็ น เ อ พ ี แ อ ล
d n p a o	ด ี เ อ ็ น พ ี เ อ โ อ
d n r	ด ี เ อ ็ น อ า ร ์
d o e t s c h	โ ด ช
d o u g h	โ ด
d q a	ด ี ค ิ ว เ อ
d r d f	ด ี อ า ร ์ ด ี เ อ ฟ
d r e	ด ี อ า ร ์ อ ี
d s	ด ี เ อ ส
d s i	ด ี เ อ ส ไ อ
d s s	ด ี เ อ ส เ อ ส
d s t	ด ี เ อ ส ท ี
d t h	ด ี ท ี เ อ ช
d w f	ด ี ด ั บ บ ล ิ ว เ อ ฟ
e a f	อ ี เ อ เ อ ฟ
e b p r	อ ี บ ี พ ี อ า ร ์
e b s	อ ี บ ี เ อ ส
e f l	อ ี เ อ ฟ แ อ ล
e g l	อ ี จ ี แ อ ล
e i s	อ ี ไ อ เ อ ส
t . s	ท ี . เ อ ส .
e m f	อ ี เ อ ็ ม เ อ ฟ
e m s	อ ี เ อ ็ ม เ อ ส
e o f	อ ี โ อ เ อ ฟ
e p n l	อ ี พ ี เ อ ็ น แ อ ล
e q	อ ี ค ิ ว
e s l	อ ี เ อ ส แ อ ล
e s o l	อ ี เ อ ส โ อ แ อ ล
e s p	อ ี เ อ ส พ ี
e s r	อ ี เ อ ส อ า ร ์
e t s	อ ี ท ี เ อ ส
e x n e r	เ อ ็ ก ส ์ เ น อ ร ์
e x o	เ อ ็ ก โ ซ ่
e x t o n	เ อ ็ ก ส ์ เ ต ิ ้ น
f a q	เ อ ฟ เ อ ค ิ ว
f a s	เ อ ฟ เ อ เ อ ส
f b i	เ อ ฟ บ ี ไ อ
f f b	เ อ ฟ เ อ ฟ บ ี
f g d	เ อ ฟ จ ี ด ี
f g r	เ อ ฟ จ ี อ า ร ์
f i b a	เ อ ฟ ไ อ บ ี เ อ
f i d	เ อ ฟ ไ อ ด ี
f s i	เ อ ฟ เ อ ส ไ อ
f t a	เ อ ฟ ท ี เ อ
f t u	เ อ ฟ ท ี ย ู
g i s	จ ี ไ อ เ อ ส
g m	จ ี เ อ ็ ม
g m o	จ ี เ อ ็ ม โ อ
g m p	จ ี เ อ ็ ม พ ี
g m t	จ ี เ อ ็ ม ท ี
g n h	จ ี เ อ ็ น เ อ ช
j r .	จ ู เ น ี ย ร ์
g p r s	จ ี พ ี อ า ร ์ เ อ ส
g p s	จ ี พ ี เ อ ส
g s m	จ ี เ อ ส เ อ ็ ม
h a i g h	เ ฮ
h a p	เ อ ช เ อ พ ี
h d l	เ อ ช ด ี แ อ ล
h d l c	เ อ ช ด ี แ อ ล ซ ี
h d p e	เ อ ช ด ี พ ี อ ี
h d t v	เ อ ช ด ี ท ี ว ี
h i v	เ อ ช ไ อ ว ี
h m i	เ อ ช เ อ ็ ม ไ อ
h r t	เ อ ช อ า ร ์ ท ี
h t m l	เ อ ช ท ี เ อ ็ ม แ อ ล
h t t p	เ อ ช ท ี ท ี พ ี
i . l . u .	ไ อ แ อ ล ย ู
i a a f	ไ อ เ อ เ อ เ อ ฟ
i b f	ไ อ บ ี เ อ ฟ
i c s	ไ อ ซ ี เ อ ส
i d l h	ไ อ ด ี แ อ ล เ อ ช
i e m p	ไ อ อ ี เ อ ็ ม พ ี
i f o r	ไ อ ฟ อ เ อ อ ร ์
i h f	ไ อ เ อ ช เ อ ฟ
i p f	ไ อ พ ี เ อ ฟ
i p l	ไ อ พ ี แ อ ล
i p m	ไ อ พ ี เ อ ็ ม
i q	ไ อ ค ิ ว
i r	ไ อ อ า ร ์
i s a f	ไ อ เ อ ส เ อ เ อ ฟ
i s b n	ไ อ เ อ ส บ ี เ อ ็ น
i s c	ไ อ เ อ ส ซ ี
i s c l t	ไ อ เ อ ส ซ ี แ อ ล ท ี
i s c s t	ไ อ เ อ ส ซ ี เ อ ส ท ี
i s d n	ไ อ เ อ ส ด ี เ อ ็ น
i s f	ไ อ เ อ ส เ อ ฟ
i s o t o p e s	ไ อ โ ซ โ ท ป
i t f	ไ อ ท ี เ อ ฟ
i t t f	ไ อ ท ี ท ี เ อ ฟ
i y r u	ไ อ ว า ย อ า ร ์ ย ู
j c l	เ จ ซ ี แ อ ล
j h b	เ จ เ อ ช บ ี
j i m i n y	ไ จ ไ ม น ี ่
j i v e	ไ จ ฟ ์
k a t h m a n d u	ก า ฐ ม า ณ ฑ ุ
k a t m a n d u	ก า ฐ ม ั ณ ฑ ุ
k m	เ ค เ อ ็ ม
k r	เ ค อ า ร ์
l c	แ อ ล ซ ี
l c a	แ อ ล ซ ี เ อ
l d	แ อ ล ด ี
l d l	แ อ ล ด ี แ อ ล
l e d	แ อ ล อ ี ด ี
l e i g h	ล ี
l e l	แ อ ล อ ี แ อ ล
l f l	แ อ ล เ อ ฟ แ อ ล
l n a p l	แ อ ล เ อ ็ น เ อ พ ี แ อ ล
l n g	แ อ ล เ อ ็ น จ ี
l o d	แ อ ล โ อ ด ี
l p g	แ อ ล พ ี จ ี
l p m	แ อ ล พ ี เ อ ็ ม
l r c	แ อ ล อ า ร ์ ซ ี
l s d	แ อ ล เ อ ส ด ี
l s i	แ อ ล เ อ ส ไ อ
l u	แ อ ล ย ู
l y o n	ไ ล ย ์ เ อ ิ ่ น
l y o n s	ไ ล ย ์ เ อ ิ ่ น ส ์
m a c t	เ อ ็ ม เ อ ซ ี ท ี
m a d	เ อ ็ ม เ อ ด ี
x	เ อ ็ ก ซ ์
m a u g h a m	ม อ ม
m b a	เ อ ็ ม บ ี เ อ
m b a s	เ อ ็ ม บ ี เ อ เ อ ส
m d	เ อ ็ ม ด ี
m d l	เ อ ็ ม ด ี แ อ ล
m f n	เ อ ็ ม เ อ ฟ เ อ ็ น
m g d	เ อ ็ ม จ ี ด ี
m i c	เ อ ็ ม ไ อ ซ ี
m i c r	เ อ ็ ม ไ อ ซ ี อ า ร ์
m i s	เ อ ็ ม ไ อ เ อ ส
m l s s	เ อ ็ ม แ อ ล เ อ ส เ อ ส
m l v s s	เ อ ็ ม แ อ ล ว ี เ อ ส เ อ ส
m m d	เ อ ็ ม เ อ ็ ม ด ี
m o e	เ อ ็ ม โ อ อ ี
m p n	เ อ ็ ม พ ี เ อ ็ น
m r i	เ อ ็ ม อ า ร ์ ไ อ
m r t a	เ อ ็ ม อ า ร ์ ท ี เ อ
m s	เ อ ็ ม เ อ ส
m s i	เ อ ็ ม เ อ ส ไ อ
m s l	เ อ ็ ม เ อ ส แ อ ล
m s v	เ อ ็ ม เ อ ส ว ี
m s w	เ อ ็ ม เ อ ส ด ั บ บ ล ิ ว
m t b	เ อ ็ ม ท ี บ ี
m u c t	เ อ ็ ม ย ู ซ ี ท ี
m v	เ อ ็ ม ว ี
n b	เ อ ็ น บ ี
n d e b p r	เ อ ็ น ด ี อ ี บ ี พ ี อ า ร ์
n g v	เ อ ็ น จ ี ว ี
n h v	เ อ ็ น เ อ ช ว ี
n m r	เ อ ็ น เ อ ็ ม อ า ร ์
n o c	เ อ ็ น โ อ ซ ี
n p l	เ อ ็ น พ ี แ อ ล
n r	เ อ ็ น อ า ร ์
n s a	เ อ ็ น เ อ ส เ อ
n t p	เ อ ็ น ท ี พ ี
n t s c	เ อ ็ น ท ี เ อ ส ซ ี
n t u	เ อ ็ น ท ี ย ู
n u r	เ อ ็ น ย ู อ า ร ์
o c r	โ อ ซ ี อ า ร ์
o e m	โ อ อ ี เ อ ็ ม
o h o	โ อ เ อ ช โ อ
o l r t	โ อ แ อ ล อ า ร ์ ท ี
o m r	โ อ เ อ ็ ม อ า ร ์
o r p	โ อ อ า ร ์ พ ี
o s i	โ อ เ อ ส ไ อ
o u r	โ อ ย ู อ า ร ์
o u r s l e r	เ อ า เ อ อ ร ์ เ ซ อ เ ล อ ร ์
o y e r	อ อ ย ์ เ อ อ ร ์
p a c l	พ ี เ อ ซ ี แ อ ล
p a h	พ ี เ อ เ อ ช
p f r	พ ี เ อ ฟ อ า ร ์
ph	พ ี เ อ ช
ph a	พ ี เ อ ช เ อ
ph b	พ ี เ อ ช บ ี
ph v	พ ี เ อ ช ว ี
p l a	พ ี แ อ ล เ อ
p m	พ ี เ อ ็ ม
p m r	พ ี เ อ ็ ม อ า ร ์
p n s	พ ี เ อ ็ น เ อ ส
p o s	พ ี โ อ เ อ ส
p r r	พ ี อ า ร ์ อ า ร ์
p s i	พ ี เ อ ส ไ อ
p s n	พ ี เ อ ส เ อ ็ น
q l	ค ิ ว แ อ ล
q u o t a	โ ค ว ต า
q u o t a t i o n	โ ค ว เ ท ช ั น
q u o t e	โ ค ว ต
r a c t	อ า ร ์ เ อ ซ ี ท ี
r b c	อ า ร ์ บ ี ซ ี
r d	อ า ร ์ ด ี
r a	อ า ร ์ เ อ
r d f	อ า ร ์ ด ี เ อ ฟ
r e r	อ า ร ์ อ ี อ า ร ์
r h r	อ า ร ์ เ อ ช อ า ร ์
r j e	อ า ร ์ เ จ อ ี
r k k	อ า ร ์ เ ค เ ค
r m	อ า ร ์ เ อ ็ ม
r m c l	อ า ร ์ เ อ ็ ม ซ ี แ อ ล
r n a	อ า ร ์ เ อ ็ น เ อ
r o	อ า ร ์ โ อ
r p g	อ า ร ์ พ ี จ ี
r p n	อ า ร ์ พ ี เ อ ็ น
r q	อ า ร ์ ค ิ ว
r s f	อ า ร ์ เ อ ส เ อ ฟ
s a u r	เ อ ส เ อ ย ู อ า ร ์
s b r	เ อ ส บ ี อ า ร ์
s c h e e l e	ช ิ ล
s c h i e l e	ช ิ ล
s c h o l l e	โ ช ล
s c h o t t e	ช อ ต
s d b	เ อ ส ด ี บ ี
s d l c	เ อ ส ด ี แ อ ล ซ ี
s d n r	เ อ ส ด ี เ อ ็ น อ า ร ์
s e a a f	เ อ ส อ ี เ อ เ อ เ อ ฟ
s i	เ อ ส ไ อ
s j	เ อ ส เ จ
s l r	เ อ ส แ อ ล อ า ร ์
s m l	เ อ ส เ อ ็ ม แ อ ล
s n r	เ อ ส เ อ ็ น อ า ร ์
s n u r	เ อ ส เ อ ็ น ย ู อ า ร ์
s o r	เ อ ส โ อ อ า ร ์
s o s	เ อ ส โ อ เ อ ส
s o u r	เ อ ส โ อ ย ู อ า ร ์
s p f	เ อ ส พ ี เ อ ฟ
s p r r	เ อ ส พ ี อ า ร ์ อ า ร ์
s r b	เ อ ส อ า ร ์ บ ี
s r t	เ อ ส อ า ร ์ ท ี
s s f	เ อ ส เ อ ส เ อ ฟ
s s i	เ อ ส เ อ ส ไ อ
s t m	เ อ ส ท ี เ อ ็ ม
s t v	เ อ ส ท ี ว ี
s v	เ อ ส ว ี
s v i	เ อ ส ว ี ไ อ
s v r	เ อ ส ว ี อ า ร ์
t a i s	ท ี เ อ ไ อ เ อ ส
t d r i	ท ี ด ี อ า ร ์ ไ อ
t d s	ท ี ด ี เ อ ส
t h o d	ท ี เ อ ส โ อ ด ี
t l v	ท ี แ อ ล ว ี
u . n .	ย ู เ อ ็ น
u . p . s .	ย ู พ ี เ อ ส
u a s b	ย ู เ อ เ อ ส บ ี
u e l	ย ู อ ี แ อ ล
u f o	ย ู เ อ ฟ โ อ
u h f	ย ู เ อ ช เ อ ฟ
u h t	ย ู เ อ ช ท ี
u n	ย ู เ อ ็ น
u p s	ย ู พ ี เ อ ส
v a u g h a n	ว อ น
v c r	ว ี ซ ี อ า ร ์
v f a	ว ี เ อ ฟ เ อ
v h f	ว ี เ อ ช เ อ ฟ
v h s	ว ี เ อ ช เ อ ส
v l s i	ว ี แ อ ล เ อ ส ไ อ
v o l r	ว ี โ อ แ อ ล อ า ร ์
v r c	ว ี อ า ร ์ ซ ี
v s o p	ว ี เ อ ส โ อ พ ี
v t r	ว ี ท ี อ า ร ์
w a e s c h e	ว อ ช
w a u g h	ว อ
w t o	ด ั บ เ บ ิ ล ย ู ท ี โ อ
x b a r	เ อ ก ซ ์ บ า ร ์
x i	ไ ซ
x l	เ อ ก ซ ์ แ อ ล
x o	เ อ ก ซ ์ โ อ
y 2 k	ว า ย ท ู เ ค
y m c a	ว า ย เ อ ็ ม ซ ี เ อ
y w c a	ว า ย ด ั บ เ บ ิ ล ย ู ซ ี เ อ
z h o u	โ จ ว
z r l	ซ ี อ า ร ์ แ อ ล
