a b o l k h e i r	আ ব ু ল খ ে র
a b u s a e i d	আ ব ু স ৈ য় দ
a d d i s o n	অ ্ য া ড ি স ন
a d i t p a r a	আ দ ি ৎ প া র া
a g r i c u l t u r a l	এ গ র ি ক ্ য া ল চ া র
a i k y a	আ ই ক ও া
a i n d r a l a	ঐ ন ্ দ ্ র ি ল া
a l a z u d d i n	আ ল া ঊ দ ্ দ ি ন
a l b i e	আ ল ব ি ন
a l m a n i j	অ ল ম া ন জ ি
a l m o d a	আ ল ম ো ড় া
a l w i s	অ ল ু ই স
a m h e r s t	আ র ্ ণ হ া স ্ ট
a n g e l	আ ঙ ্ গ ল ে
a n g l o	অ ্ য া ং ল ো
a r c h a n a	অ চ র ্ ন া
a s h c r o f t	অ ্ য া শ ক ্ র ফ ট
a s m a t a r a b i b i	ই স ম া ত া র া ব ি ব ি
a s t l e	আ স ্ ট ে ল
a t a b u d d i n	আ ত া ব দ ্ দ ি ন
a v e	অ ্ য া ভ
a v e n u e	এ ভ ি ন ি উ
a w a r d s	এ ও য় া র ্ ড
a w a r d s	এ য় া র ্ ড
b	ব ্ য া ঙ ্ ক
b a l b o a	ব া ল ্ ব া ও
b a o r i	ব া ঔ র ি
b e b a n j a n	দ ে ব া ঞ ্ জ ন
b e e t h o v e n	ব ে ট ো ফ ে ন
b e l l e v u e	ব ে ল ভ ি উ
b h a n g u	ভ া গ ন ু
b i b l e	ব া প ্ ট ি স ্ ট
b i e s z c z a d y	ব ে য় ি স ্ ক জ ্ য া ড ি
b i j o o r	ব ি জ ো য র
b i j o y g o p a l	ব ি জ য চ ন ্ দ ্ র
b i m l a k a n t i	ব ি ম ল া ক া ন ্ ত
b o d h g a y a	ব ৌ দ ্ ধ গ য় া
b o n t e b o k	ব ন ্ ট ে ব ু ক
b o s q u e	ব স ্ ক ি উ
b u s i n e s s	ব ্ য া ব স া য় ি ক
c a s t l e	ক ্ য া স ্ ট ে ল
c e r a m i c s	স ে র ি ম ি স
c h a m p a w a t	চ ম ্ ব া ত ট
c h a n c h a l a	চ ঞ ্ জ ল া
c h h a t u r a m	ছ ু ট ু র া ম
c h i n t a l a p u d i	চ ি ন ্ ত া ল া প ু ড় ি
c h i t a h r a	চ ি ত হ ্ র
c h i t t o r g a r h	ছ ত ্ র ি শ গ ড়
c i r c l e	স া র ক ে ল
c l a t s o p	ক ্ ল ে স ্ ট প
c o l u m b i a	ক ল ম ্ ব ি য় া
c o n a g r a	ক ো ন া র ্ গ
c y c l e	স া ই ক ে ল
c y m b a l o m	ক ু ম ্ ব া ল ো ম
d a l w i	দ া ল ভ ি
d a r m a b a t i	ধ র ্ ম া ব ত ী
d a r m e n d a r	ধ র ্ ম ে ন ্ দ র
d a r q a w i	দ া র ক ো ত ী
d e l r a n	ড ে ল র া ম
d e r m o t	ড া র ম ু ট
d e u t s c h e	ড া চ ে স
d u r g a b i b i	দ ু র ্ গ া দ ে ব ী
d y n a m i c s	ড া য় া ন ে ম ি ক
e a s t	প ূ র ্ ব
e d w a r d s	এ ড ও য় া র ্ ড
e r z h e r z o g	আ র ্ ঝ া র য ো গ
e u r o p i u m	উ ই র ো প ি য় া ম
f a a k h r u d d i n	ফ া র ু ক উ দ ্ দ ি ন
f a j r u l u d d i n	ফ জ র ু ল র হ ম া ন
f i n a n c i e r o	ফ ্ র ্ য া ন ্ স ি য় া র ো
f r a n c o i s	ফ ্ র া ঙ ্ ক ো য় া
f r e u d	ফ ্ র য় ে ড
g a i p u r a	গ ু ই প ু র া
g a m b l e	গ ্ য া ম ্ ব ে ল
g o d e	গ ো ড় ে
g o e t z e	গ ো য় ে ত জ
g o p a l c h a n d	গ ো ল া প চ া ঁ দ
g w i n e t t s	গ ু ই ন ে ত ্ ত া স
g é n é r a l e	জ ে ন া র ে ল
h a n s i e	হ া ন স ি স
h e a l t h	স া স ্ থ ্ য
h i g h e r	হ া য় া র
h o l d i n g	হ ো ল ্ ড ি ং স
h r i t w i k	ঋ ত ্ ব ি ক
i i	দ ্ ব ি ত ী য়
i n d i a n a	ভ া র ত ি য়
i n d i r a p u r a m	ই ন ্ দ ি র া প ু ল া ম
i r o	আ য় র
i r v i n e	এ র ভ ি ন
i s l a n d s	আ ই ল ্ য া ন ্ ড
j a a n h v e k a r	জ া হ ্ ন ে ক া র
j h a r n a	র ্ ঝ ণ া
j u r j a m a n	ন ূ র জ া ম া ন
k a r u p p p a n a d h i	দ া র ু প প ্ প া ন া ধ ি
k h u s r o	খ স র ু
k n i g h t	ন া ই ট
k o r d e	খ ো ড় ে
k u s h c h a d r a	ক ু শ চ ন ্ দ ্ র
k u t a b u d d i n	ক ু ত ব দ ্ দ ি ন
l a k d e	ল া ক ড় ে
l e n i n g r a d	ল ে ল ি ল গ ্ র া ড
l e w i s	ল ে ই উ স
l u c k h u r s t	ল া ক হ ্ র ু স ্ ট
l u c k n o w	ল ক ্ ষ ্ ণ ৌ
l u d h i a n w i	ল ু ধ ি া য় া ন ই
m a c e w e n	ম ্ য া ক ে ত ে ন
m a c q u a r i e	ম ্ য া ক ু ই র ি
m a d m a m a n i	প দ ্ ম ম ন ি
m a j p h p h a r	ম জ ফ ্ ফ র
m a n i m u t h a r	ম ন ি ম ু ক ্ ত া
m a r b l e	ম া র ব ে ল
m a s r u b	ম স র ু র
m a t t h e w	ম ্ য া থ ু
m a t t h e w s	ম ্ য া থ ু ও স
m e i t n e r i u m	ম ে ট ি ন ে র ি য় া ম
m e s e d a l i	ম ে স ে র আ ল ি
m i l a b a l a	ম ী ন া ব া ল া
m i l l e r	ম ি ল ে ও র
m i l l m o w	ম ি ল ম ু ভ
m i y a	ম ি ঞ া
m o i u d d i n	ম ৈ ন দ ্ দ ি ন
m o n g i a	ম ু ঙ ্ গ ি য় া
m o v i n g	ম ু ভ ি ং
m u s e u m	ম ি উ জ ি আ ম
m y s o r e	ম হ ি শ ূ র
n a h a r u n	ন া হ া ন ু র
n a v j o t	ন ভ জ ি ত
n e t h e r l a n d s	ন ে দ া র ল ্ য া ন ্ ড
n e w c a s t l e	ন ি উ ক ্ য া স ্ ট ে ল
n i r a r	ন ি হ া র
n o	ন ং
n u s r a t	ন ূ র স া ত
o c e a n	ও শ ে ন
o m k a r e s h w a r	ও ঁ ক া র ে শ ্ ব র
o r a c l e	ও র া ক ে ল
o u t	আ উ ট
o w l	আ উ ল
p a r a n j p e	প র া ন জ ি প
p e a c e	শ া ন ্ ত ি
p e i x e	প ি ক ্ স
p e t r o b r á s	প ে ট ্ র ো ব ্ র া স
p h i l i p s	ফ ি ল ি ফ স
p i x e l p l u s	ফ ি জ ে ল প ্ ল া স
p o l i c e	প ু ল ি শ
p r i z e	প ্ র া ই জ
p s y c h i a t r y	স া ই ক ি য় া ট ্ র ি
q u r a n	ক ো র া ন
q u t b u d d i n	ক ো ত ু ব উ দ ্ দ ি ন
r a f i k u l	র ফ ি ক ু র
r e d o u b t	র ি ড া উ ট
r i c h a r d s	র ি চ া র ্ ড
r i n d e l	র ি ন ্ ড ল ে
r i s h i k e s h	হ ৃ ষ ি ক ে শ
r u p i a h	র ু ফ ি
s a h a r i a r	স া ফ া র ি ও র
s c h o o l	ই স ্ ক ু ল
s h a c h i d a n a n d a	শ চ ী ন ক ু ম া র
s h a h a d a t	স া হ া ব া ত
s h a w	স
s h i e l d s	শ ি ল ্ ড
s h o e s	শ ্ য ু
s h r i r u m a	শ ্ র ী র ূ প া
s h u t t l e w o r t h	স ে স ্ ট ে ল ও র থ
s i w a n	স ি ত া ন
s o t h e r n	স া র ্ দ া ন
s o u t h	দ ক ্ ষ ি ন
s o u t h e r n	স া র ্ দ া ন
s p e t s e s	স ্ প ি স ্ ট ি স
s t a t e	র া জ ্ য
s u r j a m o n i	স ূ র ্ য় ম ন ি
s w a d e s h	স ্ ব দ ে শ ী
s w e d e n	স ু ই ড ে ন
s w i f t s u r e	স ু ই ফ ট স ি য় ো র
s w i n b u r n e	স ু ই ন ব া র ্ ন
s w i n g	স ু ই ং
s w i t z e r l a n d	স ু ই ট জ া র ল ্ য া ন ্ ড
t e l e f ó n i c a	ট ে ল ি ফ ো ন ি ক
t e m p e l h o f	ট ে ম ্ প ে ল হ ো প
t e z u k a	ট ে য ু ক া
t u d d	ট ু ড ু
t u f f e y	ট ো ফ ি
t u g a l	ট ু গ া র
t u l s h i d e b	ত ু ল স ী দ ে ব ী
t u m u c u m a q u e	ত ু ম ু ক ু ম া ক ি উ
t w i s t	ট ু ই স ্ ট
t é l é c o m	ট ে ল ি ক ম
u j j a l a	উ জ ্ ব ল া
u m a k a n t i	উ ম া ক া ন ্ ত
u n d e r w o o d	আ ন ্ ড া র উ ড
u p	আ প
u t p a l	উ প ্ ত ল
v	প ঞ ্ চ ম
v a l d e z	ভ া ল দ ে হ
v e d i c	ব ৈ দ ি ক
v e n i z e l o s	ভ ে ন ি য ে ল ো স
v o o r d o r p s d i j k	ভ ু র ড ো র ্ প দ ি জ ক
v y s y a	ব ৈ শ ্ য
w a u g h	ও য় া
w i j e g u n a w a r d e n e	ই উ জ ে গ ু ন া ও য় া র ্ ড ে
w i l l i a m s	উ ই ল ি য় া ম
w o c k h a r d t	ও খ া র ্ ড
w o l s e l e y	হ ো ল স ে ল ি
w r i g h t	ও য় ে ট
w r i t e r s	র া ই ট া র ্ স
w u a n k a r a	ই উ য় ে ঙ ্ ক া র া
w u r t t e m b u r g	উ ই ত ্ র ে ম ব া র ্ গ
x e l	জ ে ল
x i n g u	জ ি ঙ ্ গ ু
x o n g o	জ ো ং গ ো
x y r a t e x	জ ি র া ট ে ক ্ স
y a n g	ই য় ঙ ্ ক
y o g r a j	য ু গ র া জ
z a f a r	জ া ফ ি র
z a n d u	ঝ া ণ ্ ড ু
z e s e r s	য ে স ে র স
