a a d m i ◊ k h i l o n a ◊ h a i	आ द म ी ◊ ख ि ल ौ न ा ◊ ह ै
a c h c h a ◊ b u r a	अ च ् छ ा ◊ ब ु र ा
a k t i e s e l s k a b e t ◊ d a m p s k i b s s e l s k a b e t ◊ t o r m ◊ 4	ए क ् ट ी स ल ् : क ॅ ब े ट ◊ ड ॅ म ् प ् स क ी ब े स े ल ् स क ॅ ब े ट ◊ ट ॉ र ् म ◊ 4
a l t a i r ◊ n a n o t e c h n o l o g i e s	अ ल ् ट ा य र ◊ न ै न ो ट े क र ् न ल ॉ ज ि स
a l w a y e	ऑ ल ् व े
a n a i k u t t a m ◊ r e s e r v o i r	अ न इ क ु ट ् ‍ ट म ◊ र ि ज़ र व ा य र
a n d y ◊ l l o y d	ए ण ् ड ी ◊ ल ॉ ए ड
a r t h u r ◊ c o n a n ◊ d o y l e	ऑ र ् थ र ◊ क ा न न ◊ ड ो ल ा य
a u y u i t t u q	औ य ु इ क ् ट
b a c a r d i - m a r t i n i ◊ i n d i a	ब ै क ा र ् ड ी ◊ म ा र ् ट ि न ी ◊ इ ं ड ि य ा
b a g e s h w a r	व ा ग े श ् व र
b a l i m e l a ◊ r e s e r v o i r	ब ा ल ि म े ल ा ◊ र ि ज़ र व ा य र
b a r r a c k p o r e	ब ै र क प ु र
b h a n g r a	भ ा ँ ग ड़ ा
b l o c k ◊ i s l a n d	ब ् ल ॉ क ◊ आ इ ल ै ं ड
b u s i n e s s ◊ l i n e	ब ि ज ़ न े स ◊ ल ा इ न
b u s i n e s s ◊ o b j e c t s	ब ि ज ़ न े स ◊ ऑ ब ् ज े क ् ट ् स
c a n a a n ◊ p r e s b y t e r i a n	क ॉ न ा न ◊ प ् र े स ् ब ि ट े र ि ट न
c a p e ◊ t o w n	क े प ट ा उ न
c h a b b r a	छ ा ब ड़ ा
c h a i t a n y a ◊ e n g l i s h ◊ m e d i u m ◊ h i g h ◊ s c h o o l , t i r u p a t h i	च ै त न ् य ◊ इ ं ग ् ल ‍ ि श ◊ म ‍ ी ड ‍ ि य म ◊ ह ा ई ◊ स ् क ल ू , ◊ त ‍ ि र ु प त ी
c h a n d o l k a r	च ा ं द ो र क र
c h e u n g ◊ k o n g ◊ c e n t r e	च े य ू ं ग ◊ क ा ँ ग ◊ स े न ् ट र
c h i n a ◊ n a t u r a l ◊ r e s o u r c e s	च ा इ न ा ◊ न े च ु र ल ◊ र ि स ो र ् स
c h i n n a r ◊ r e s e r v o i r	च ि न ् न ा र ◊ र ि ज़ र व ा य र
c h i t t a r ◊ r e s e r v o i r - 2	च ि त ् त र ◊ र ि ज़ र व ा य र - 2
c h o p r a	च ो प ड़ ा
c h r i s ◊ k u g g e l e i j n	क ् र ि स ◊ क ग ल े ज ि न
c h r i s t m a s ◊ i s l a n d	क ् र ि स म स ◊ आ य ल ं ड
c h r i s t y ◊ h e f n e r	क ् र ि स ् ट ी ◊ ह ै न ् फ ़ र
c i t y s p i r e	स ि ट ी स ् प ा र
c l i o ◊ a w a r d s	क ् ल ि य ो ◊ अ व ा र ् ड
c o n r a d	क ौ न र ा ड
c o n r o y	क ौ न र ा य
c z e c h o s l o v a k i a	च े क ो स ् ल ो व ा क ी य ा
d a r ◊ e s ◊ s a l a a m	द ा र - ए - स ल ा म
d a v i d ◊ l l o y d	ड े व ि ड ◊ ल ॉ ए ड
d h o b l e	ढ ़ ो ब ल े
d h o d h a r	ढ ़ ो ध र
d h o l - c h o l o m	ढ ़ ो ल - च ो ल ो म
d h o n g e e	ढ ़ ो ं ग ी
d i n d i g u l ◊ j u n c t i o n	ड ि ं ड ु ग ु ल ◊ ज ं क ् श न
d l i n k ◊ ( i n d i a )	ड ी ल ि ं क ◊ ( इ ं ड ि य ा )
d r a k e	ड ् र ै क ो
d u m m e r ' s ◊ w a r	ड ् र म र ् स ◊ व ा र
e c c h u m a t i	इ च ् छ ु म त ी
e c u a d o r	इ क ् व े ड ो र
e d g e r ◊ a l l a n ◊ p o e	ए ड ग र ◊ ए ल न ◊ प ो य
e d i n b u r g h ◊ c o l l e g e ◊ o f ◊ a r t	ऐ ड ि न ब र ् ग ◊ क ॉ ल े ज ◊ ऑ फ ◊ आ र ् ट
e s k a l i s	ऐ स क ा इ ल स
e u d o r a	य ू ड ो र ा
e u r o	य ु र ो
e u r o p e a n ◊ f i g u r e ◊ s k a t i n g ◊ c h a m p i o n s	य ु र ो प ि य न ◊ फ ि ग र ◊ स ् क े ट ि ं ग ◊ च ै ं प ि य न ् स
e x f o ◊ e l e c t r o - o p t i c a l ◊ e n g i n e e r i n g	ई ए क ् स ए फ ़ ओ ◊ इ ल े क ् ट ् र ो - ऑ प ् ट ि क ल ◊ इ ं ज ी न ि य र ि ं ग
e y r e	य े र ी
f a r a a r ◊ q u a i d i	फ र ा र ◊ क ़ ै द ी
f o r t ◊ b i j ◊ r h i j n a u w e n	फ ो र ् ट ◊ ब ि ज ◊ ‍ र ि ज न ॉ व े न
f o r t ◊ h o n s w i j k	फ ो र ् ट ◊ ह ॉ न ् स व ि ज ़ ् क
f o r t ◊ o p ◊ d e ◊ r u i g e n h o e k s e d i j k	फ ो र ् ट ◊ ऑ प ◊ ड े ◊ ‍ र ु ग न ह ो ए क स े ड ि ज ् क
f o r t ◊ t i c o n d e r o g a	फ ॅ र ् ट ◊ ट ि क ो न ् ड े र ो ग ा
f r a n c e ◊ t é l é c o m	फ ़ ् र ा ं स ◊ ट े ल ी क ॉ म
f r e d e r i c ◊ f r a n c o i s ◊ c h o p i n	फ ़ ् र े ं ड र ि क ◊ फ ़ ् र ा ं स ी स ◊ च ॉ प ि न
g a r w a h	ग ढ ़ व ा
g e o l o g i c a l ◊ m u s e u m ◊ o f ◊ c h i n a	ज ‍ ि ओ ल ॉ ज क ि ल ◊ म ् य ु ज़ ि य म ◊ ऑ फ ◊ च ा इ न ा
g h u n g r o o ◊ k i ◊ a w a z	घ ु ँ घ र ू ◊ क ी ◊ आ व ा ज ़
g i o r g i o	ज ् य ा र ् ज ि य ो
g o e t z e	ग ो ए ट ् ज ़
g o n c i è r e ◊ e u r i s	ग ॉ न ् स ि य र ◊ य ू र ि स
g o t h e n b u r g ◊ l a n d v e t t e r	ग ॉ थ े न ब र ् ग - ल े ं ड व े ट र
g r a d u a t e	ग ् र े ज ु ए ट
g r e g o r y ◊ s t r y d o m	ग ् र े ग र ी ◊ स ् ट ् र ा ए ड म
g r o u p e ◊ c a i s s e ◊ d é p a r g m e	ग ् र ु प ◊ क ै स ◊ ड े प ॉ र ् म े
g u l f ◊ i s l a n d s	ग ल ् फ ◊ आ य ल ै ं ड
g u n d e r i p p a l a m ◊ r e s e r v o i r	ग ु न ् द े र ी प ् प ल म ◊ र ि ज़ र व ा य र
g u y ◊ d e ◊ a l w i s	ग ा ए ◊ ड े ◊ ए ल ् व ि स
g u y ◊ w h i t t a l l	ग ा ए ◊ व ् ह ि ट ् ट ल
h a t s ' ◊ r u s s i a n ◊ w a r	ह ै ट ् स ◊ र श ि य न ◊ व ा र
h e r i o t	ह े र ो इ ट
h e r i o t - w a t t ◊ u n i v e r s i t y	ह ै र ि य ट - व ॉ ट ◊ य ू न ि व र ् स ि ट ी
h i c k o r y ◊ s t r e e t ◊ p r e s b y t e r i a n	ह ि क ॉ र ी ◊ स ् ट ् र ी ट ◊ प ् र े स ् ब ि ट े र ि ट न
h i g h ◊ i s l a n d ◊ r e s e r v o i r	ह ा ई ◊ आ इ ल ै ं ड ◊ र ि ज़ र व ा य र
h i n d ◊ c o n s t r	ह ि ं द ◊ क ं स ट ् र क ् श न
h o w a r d ◊ h u g h e s	ह ॉ व र ् ड ◊ ह ् य ु ज े
h u m ◊ b h i ◊ i n s a a n ◊ h a i	ह म ◊ भ ी ◊ इ ं स ा न ◊ ह ै ं
h u n t s v i l l e ◊ c h r i s t i a n	ह ् य ू स ् ट व ि ल े ◊ क ् र ि श ् च ि य न
h u t c h i s o n ◊ w h a m p o a	ह च ि ं स न ◊ व ् ह े ं प ो आ
i n t l ◊ b u s i n e s s ◊ m a c h i n e s	इ ं ट ल ◊ ब ि ज ़ न े स ◊ म श ी न ् स
i s h q ◊ p e r ◊ j o r ◊ n a h i n	इ श ् क ़ ◊ प र ◊ ज़ ो र ◊ न ह ी ं
i s m a ' i l	इ स ् म ा ' ई ल
i ^ d u k a a n t	इ ं द ु क ा ं त
i ^ j e e n i y a r	इ ं ज ी न ि य र
j n a n p i t h ◊ a w a r d	ज ् ञ ा न प ी ठ ◊ अ व ा र ् ड
j n y a n d e e p	ज ् ञ ा न द ी प
j o h n ◊ m a g u i r e	ज ॉ न ◊ म े ग ् य ू र
k a r i a k o i l ◊ r e s e r v o i r	क र ि य ा क ो इ ल ◊ र ि ज़ र व ा य र
k a t o ◊ k a e l i n	क ि ट ् ट ी ◊ क ै ल ी
k a u n ◊ s a c c h a ◊ k a u n ◊ j h o o t h a	क ौ न ◊ स च ् च ा ◊ क ौ न ◊ झ ू ठ ा
k e l a v a r a p a l l i ◊ r e s e r v o i r	क े ल ा व र ा प ल ् ल ी ◊ र ि ज़ र व ा य र
k e l v i n g r o v e ◊ a r t ◊ g a l l e r y ◊ a n d ◊ m u s e u m	क े ल ् व ‍ ि न ग ् र ो व ◊ आ र ् ट ◊ ए ण ् ड ◊ म ् य ु ज़ ि य म
k h i l o n a	ख ि ल ौ न ा
k i n g ◊ c h a r l e m a g n e	क ि ं ग ◊ च ा र ् ल म े य न ी
k l y u c h e v s k a y a	क ् ल ु च े ब स ् क ् य ा
k o d a g a n a r ◊ r e s e r v o i r	क ो ड ा ग न र ◊ र ि ज़ र व ा य र
k o n g z h o n g ◊ c o r p o r a t i o n	क ा ँ ग झ ा ँ ग ◊ क ॉ र ् प ो र े श न
k o s t a s ◊ f r o n t z o s ◊ m u s e u m ◊ o f ◊ e p i r u s ' ◊ f o l k ◊ a r t	क ो स ् ट स ◊ फ ् र ं ट ज ़ ॉ स ◊ म ् य ु ज़ ि य म ◊ ऑ फ ◊ ए प ‍ ि र स ◊ फ ो क ◊ आ र ् ट
k o v i l a r ◊ r e s e r v o i r	क ो व ि ल र ◊ र ि ज़ र व ा य र
k u l l u r s a n d a i ◊ r e s e r v o i r	क ु ल ् ल ु र स न ् द ई ◊ र ि ज़ र व ा य र
k u t c h	क च ् छ
k u t h a r a i y a r ◊ r e s e r v o i r	क ु थ ा र इ य र ◊ र ि ज़ र व ा य र
l a h i ' a h	ल ह ि य ा ह
l e x i n g t o n	ल े ज ि ं ग ् ट न
l o h g a d	ल ो ह ग ढ ़
l o h o u	ल ि ह ो ऊ
l o n d o n ◊ u n i v e r s i t y ◊ b u s i n e s s ◊ s c h o o l	ल ं ड न ◊ य ू न ि व र ् स ि ट ी ◊ ब ि ज ़ न े स ◊ स ् क ू ल
l o n d o n h e a t h r o w	ल ं द न ◊ ह ी थ ् र ो
l o u	ल ा ऊ
l o w e r ◊ n i r a r ◊ r e s e r v o i r	ल ो व र ◊ न ि र ा र ◊ र ि ज़ र व ा य र
l u ' l u	ल ु ' ल ु
m a c u m b o	म ै क ू ं ब ा
m a g a l ◊ s e c u r i t y ◊ s y s t e m s	म ग ़ ल ◊ स ि क ् य ो र ि ट ी ◊ स ि स ् ट म ् स
m a i n ◊ k h i l o n a ◊ n a h i n	म ै ं ◊ ख ि ल ौ न ा ◊ न ह ी ं
m a n g a l o r e ◊ c h e m	म ै ं ग ल ो र ◊ क े म ि क ल ् स
m a n i m u k t h a n a d h i ◊ r e s e r v o i r	म ण ि म ु क ् त ा न ध ी ◊ र ि ज़ र व ा य र
m a n i m u t h a r ◊ r e s e r v o i r	म ण ि म ु थ र ◊ र ि ज़ र व ा य र
m a n s o o r ◊ a k h t a r	म ं स ू र ◊ अ ख़ ् त र
m a n z o o r ◊ a k h t a r	म ं ज़ ू र ◊ अ ख़ ् त र
m a r u d h a n a d h i ◊ r e s e r v o i r	म र ु ध ा न ध ी ◊ र ि ज़ र व ा य र
m e d z h y b i z h	म े झ ् ह ी ‍ ब ि ज ़
m e i j e r	म ै ज ़ र
m e k o n g	म े क ा ँ ग
m e l ◊ b r o o k s	म ॅ ल ◊ ब ् र ु क ् स
m e t l i f e	म े ट ल ा इ फ ़
m e t t u r ◊ r e s e r v o i r	म े त ् त ु र ◊ र ि ज़ र व ा य र
m i c h e l l e ◊ n o s t r a d u m	म ि श े ल ◊ न ॉ स ् ट ् र े ड म स
m i t t i ◊ k e ◊ k h i l o n e	म ि ट ् ट ी ◊ क े ◊ ख ि ल ौ न े
m o h a m m a d ◊ a b u l ◊ k a l a m ◊ a z a d	म ौ ल ा न ा ◊ अ ब ् द ु ल ◊ क ल ा म ◊ आ ज ़ ा द
m u s e u m ◊ o f ◊ d i o n y s i o s ◊ s o l o m o s ◊ a n d ◊ e m i n e n t ◊ z a k y n t h i a n s	म ् य ु ज़ ि य म ◊ ऑ फ ◊ ड ी य ॉ न ‍ ि स ‍ ि य ॉ स ◊ स ो ल ो म ॉ स ◊ ए ण ् ड ◊ ए म ‍ ि न े ं ट ◊ झ ॅ क ‍ ि न ् थ ‍ ि य न ् स
m u s e u m ◊ o f ◊ w o r k s ◊ b y ◊ t h e o p h i l o s	म ् य ु ज़ ि य म ◊ ऑ फ ◊ व र ् क ् स ◊ ब ा य ◊ थ ‍ ि य ो फ ‍ ि ल स
n a g a v a t h i ◊ r e s e r v o i r	न ा ग ा व थ ी ◊ र ि ज़ र व ा य र
n a n d u r k a r	न ा ं द र ु क र
n d e r e ◊ i s l a n d	न द े र े ◊ आ य ल ै ं ड
n e w ◊ z e a l a n d	न ् य ू ज ़ ी ल ै ं ड
n e w f o u n d l a n d	न ् य ू ◊ फ ा उ ं ड ल ै ं ड
n i k h i l ◊ c h o p r a	न ि ख ि ल ◊ च ो प ड़ ा
o l y m p i c ◊ m e d a l i s t s	ओ ल ि ं प ि क ◊ म े ड ल ि स ् ट
o n e g a	उ न े ग ा
o r a l ◊ r o b e r t s	ऑ र ल ◊ र ॉ र ् ब ट ् स
o r c h i d ◊ c h e m i c a l	ऑ र ् क ि ड ◊ क े म ि क ल ् स
o r d e r ◊ o f ◊ t h e ◊ s w o r d	ऑ ड र ◊ ऑ फ़ ◊ द ◊ स ् व ॉ र ् ड
o r d e r ◊ o f ◊ t h e ◊ t h r e e ◊ s t a r s	ऑ ड र ◊ ऑ फ़ ◊ द ◊ थ ् र ी ◊ स ् ट ा र ् स
o r d e r ◊ o f ◊ t h e ◊ t o w e r ◊ a n d ◊ s w o r d	ऑ ड र ◊ ऑ फ़ ◊ द ◊ ट ॉ व र ◊ ए ण ् ड ◊ स ् व ॉ र ् ड
o r d e r ◊ o f ◊ t h e ◊ w h i t e ◊ l i o n	ऑ ड र ◊ ऑ फ़ ◊ द ◊ व ् ह ा इ ट ◊ ल ा य न
o r d e r ◊ o f ◊ v a s a	ऑ ड र ◊ ऑ फ़ ◊ द ◊ व ा स ा
o r d e r ◊ o f ◊ w i l l i a m	ऑ ड र ◊ ऑ फ़ ◊ व ि ल ि य म
o r d e r ◊ o f ◊ z h o u k o v	ऑ ड र ◊ ऑ फ़ ◊ ज़ ू क ो व
p a l a r ◊ p o r a n d a l a r ◊ r e s e r v o i r	प ा ल र ◊ प ो र न ् द ल र ◊ र ि ज़ र व ा य र
p a m b a r ◊ r e s e r v o i r	प म ् ब र ◊ र ि ज़ र व ा य र
p a r a m b i k u l a m ◊ r e s e r v o i r	प र म ब ि क ु ल म ◊ र ि ज़ र व ा य र
p e e c h h a ◊ k a r o o	प ी छ ा ◊ क र ू ँ
p e r u m p a l l a m ◊ r e s e r v o i r	प े र ु म प ल ् ल म ◊ र ि ज़ र व ा य र
p e r u n c h a n i ◊ r e s e r v o i r	प े र ु ं च न ी ◊ र ि ज़ र व ा य र
p e t r o n a s ◊ t o w e r ◊ 2	प ् र े ट ् र ो न ॉ स ◊ ट ॉ व र ◊ 2
p f i z e r	फ ़ ि ज ़ र
p h i l i p p i n e ◊ b a n k ◊ o f ◊ c o m m u n i c a t i o n	फ ि ल ी प ी न ◊ ब ै ं क ◊ ऑ फ ◊ क म ् य ू न ि क े श ं स
p i e t e r ◊ s t r y d o m	प ी ट र ◊ स ् ट ् र ा ए ड म
p i y a ◊ g h a r ◊ a j a	प ि य ा ◊ क ा ◊ घ र
p l a z a ◊ 6 6	प ् ल ा ज ़ ा ◊ 6 6
p o r t t i p a h t a ◊ r e s e r v o i r	प ो र ् ट ी प ह ट ा ◊ र ि ज़ र व ा य र
p r a t a p g a d	प ् र त ा प ग ढ ़
r a j g a d ◊ f o r t	र ा ज ग ढ ़ ◊ फ ो र ् ट
r a m a n a d h i ◊ r e s e r v o i r	र ा म ा न ध ी ◊ र ि ज़ र व ा य र
r a s h t r i y a ◊ c h e m	र ा ष ् ट ् र ी य ◊ क े म ि क ल ् स
r e d i f f . c o m ◊ i n d i a ◊ l i m i t e d	र े ड ि फ ़ ◊ ड ॉ ट ◊ क ॉ म ◊ इ ं ड ि य ा ◊ ल ि म ि ट े ड
r e y k j a v i k	र ि क ज ़ व ि क
r h o d e ◊ i s l a n d	र ॉ ड ◊ आ इ ल ै ं ड
r i d i n g ◊ m o u n t a i n	‍ र ा य ड ि ं ग ◊ म ा उ ं ट न
r i v e r ◊ p h o e n i x	र ि व र ◊ फ ़ ो न ि क ् स
r o c k b r o o k ◊ u n i t e d	र ॉ क ब ् र ु क ◊ य ू न ा इ ट े ड ◊ म े थ ो ड ि स ् ट
r o f f e	र ॉ फ ि ल
r y u g y o n g ◊ h o t e l	य ु ं ग य ो ं ग ◊ ह ो ट े ल
s a i n t ◊ f r a n c i s ◊ d ' a s s i s i ◊ h i g h ◊ s c h o o l	स े ं ट ◊ फ ् र ा ं स ि स ◊ ड ‍ ि अ स ‍ ी स ी ◊ ह ा ई ◊ स ् क ू ल
s a i n t ◊ g e o r g e ' s	स े ं ट ◊ ज ॉ र ् ज
s a i n t ◊ j o h n ◊ t h e ◊ b a p t i s t ◊ h i g h ◊ s c h o o l , t h a n e	स े ं ट ◊ ज ॉ न ◊ द ◊ ब ै प ् ट ि स ् ट ◊ ह ा ई ◊ स ् क ू ल , ◊ ठ ा ण े
s a i n t ◊ s t a n i s l a u s ◊ h i g h ◊ s c h o o l . ◊ m u m b a i	स े ं ट ◊ स ् ट े न ि स ् ल ॉ स ◊ ह ा ई ◊ स ् क ू ल , ◊ म ु म ् ब ई
s a l m a n ◊ r u s h d i e	स ा य ब ि ल ◊ श े फ ़ र ् ड
s a r w a t e	श ो त ् र ी
s a s t a ◊ k h o o n ◊ m e h a n g a ◊ p y a r	स स ् त ा ◊ ख ू न ◊ म ह ँ ग ा ◊ प ा न ी
s a t h a n u r ◊ r e s e r v o i r	स थ न ू र ◊ र ि ज़ र व ा य र
s a u t e l a ◊ b h a i	स ौ त े ल ा ◊ ब े ट ा
s e a ◊ o f ◊ t h e ◊ h e b r i d e s	स ी ◊ ऑ फ ◊ ह र ब ् र ि ड ् ‍ स
s e i k o ◊ e p s o n	स ि ए क ो ◊ ए प ् स न
s h e k ◊ l e i ◊ p u i ◊ r e s e r v o i r	श े क ◊ ल े ई ◊ प ु ई ◊ र ि ज़ र व ा य र
s h i n g ◊ m u n ◊ r e s e r v o i r	श ि ं ग ◊ म ु न ◊ र ि ज़ र व ा य र
s h o l a y a r ◊ r e s e r v o i r	श ो ल ा य र ◊ र ि ज़ र व ा य र
s h r e e v a b h	श ् र ी व ल ् ल भ
s h u n ◊ h i n g ◊ s q u a r e	श ू न ◊ ह ि ं ग ◊ स ् क ् व े अ र
s i d d h a m a l l i ◊ r e s e r v o i r	स ि द ् ध ा म ल ी ◊ र ि ज़ र व ा य र
s i g o u r n e y ◊ w e a v e r	स ि र ् ग ो न ी ◊ व ि व र
s o c i é t é ◊ g é n é r a l e	स ो स ा य ट ी ◊ ज न र ल
s o l o m o n ◊ i s l a n d	स ो ल ो म न ◊ द ् व ी प
s o r r e n t o ◊ 1	स ॉ र े न ् ट ो ◊ 1
s t a t e ◊ m u s e u m ◊ o f ◊ t h e ◊ v e r m o n t ◊ h i s t o r i c a l ◊ s o c i e t y	स ् ट े ट ◊ म ् य ु ज़ ि य म ◊ ऑ फ ◊ द ◊ व र म ा उ ं ट ◊ ह ि स ् ट ॉ र ि क ल ◊ स ो स ा य ट ‍ ी
s t o l t - n i e l s e n	स ् ट ॉ ल ् ट ◊ न ि ल स न
s u p e r ◊ b o w l	स ु प र ◊ ब ा उ ल
t a k h a t ◊ s h r i ◊ a k a l ◊ t a k h a t ◊ s a h i b , ◊ a m r i t s a r ◊ ( p u n j a b )	त ख त ◊ श ् र ी ◊ अ क ा ल ◊ त ख त ◊ स ा ह ि ब , ◊ अ म ृ त स र ◊ ( प ं ज ा ब )
t a k h a t ◊ s h r i ◊ d a m d a m a ◊ s a h i b , ◊ b a n t h i d a ◊ ( p u n j a b )	त ख त ◊ श ् र ी ◊ द म द म ा ◊ स ा ह ि ब , ◊ ब न ठ ि ं ड ा ◊ ( प ं ज ा ब )
t a k h a t ◊ s h r i ◊ k e s g a r h ◊ s a h i b , ◊ a n a n d p u r ◊ s a h i b ◊ ( p u n j a b )	त ख त ◊ श ् र ी ◊ क े स ग ढ ़ ◊ स ा ह ि ब , ◊ आ न ं द प ु र ◊ स ा ह ि ब ◊ ( प ं ज ा ब )
t a k h a t ◊ s h r i ◊ s a c h k h a n d ◊ s a h i b , ◊ n a n d e d ◊ ( m a h a r a s h t r a )	त ख त ◊ श ् र ी ◊ स च ख ं ड ◊ स ा ह ि ब , ◊ न ा ं द े ड़ ◊ ( म ह ा र ा ष ् ‍ ट ् र )
t h a d e u s	थ ड ् ड े अ स
t h a m b a l a h a l l i ◊ r e s e r v o i r	थ म ् ब ल ा ह ा ल ी ◊ र ि ज़ र व ा य र
t h e ◊ a u s t r a l i a n / v o g e l ◊ l i t e r a r y ◊ a w a r d	द ◊ ऑ स ् ट ् र े ल ि य न / व ो ग े ल ◊ ल ि ट ् र े र ी ◊ अ व ा र ् ड
t h e ◊ m u s e o n	द ◊ म ् य ु ज़ ि अ न
t h i r u m u r t h i ◊ r e s e r v o i r	थ ि र ु म ू र ् थ ी ◊ र ि ज़ र व ा य र
t h o p p a i y a r ◊ r e s e r v o i r	थ ो प इ य र ◊ र ि ज़ र व ा य र
t h y s s e n k r u p p	थ ा इ स े न क ृ प
t i r u v a n n a m a l a i ◊ s a m b u r w a r y a a r	त ि र ु व न ् न ा म ल ा ई ◊ स ब ु ं र व र य ा र
t o m	ट ौ म
t o m m y ◊ h i l f i g e r	ट ॉ म ी ◊ ह ि ल ् फ ़ ि ज ़ र
u n i t e d ◊ p h o s p h o r o u s	य ू न ा इ ट े ड ◊ फ ़ ॉ स ् फ ़ ो र स
u p p a r ◊ r e s e r v o i r	उ प ् प र ◊ र ि ज़ र व ा य र
u r b a n a	अ र ब ा न ा
v a r a d a m a n a d h i ◊ r e s e r v o i r	व र द ा म न ध ी ◊ र ि ज़ र व ा य र
v a r a t t u p a l l a m ◊ r e s e r v o i r	व र त ् त ु प ल ् ल म ◊ र ि ज़ र व ा य र
v e m b a k o t t a i ◊ r e s e r v o i r	व े म ् ब क ो त ् त ा ई ◊ र ि ज़ र व ा य र
v e o l i a ◊ e n v i r o n n e m e n t	व े ओ ल ि य ा ◊ ए न व ा य र म े ं ट
v e r r a z a n o - n a r r o w s	व े र ा ज ़ न ो ◊ न ॅ र ो ज ़
v i j a y a ◊ h i g h ◊ s c h o o l , ◊ j a y a n a g a r , ◊ b a n g a l o r e	व ि द ् य ा ◊ ह ा ई ◊ स ् क ू ल , ◊ ज य न ग र , ◊ ब ै ं ग ल ो र
v i r g n i a u d	व र ् ज ि न ि ऑ ड
v i s h a l g a d	व ि श ा ल ग ढ ़
v o l k s w a g e n	व ॉ ल ् क ् स व े ज ़ न
w a t e r t o n ◊ l a k e s	व ॉ ट र ट ॉ न ◊ स र ो व र
w i l l i n g d o n ◊ r e s e r v o i r	व ि ल ि ं ग ड न ◊ र ि ज़ र व ा य र
w o m e n ' s ◊ l i t e r a t u r e ◊ p r i z e	व ु म े न ् स ◊ ल ि ट ् र े च र ◊ प ् र ा इ ज़
w o r l d ◊ a s s o c i a t i o n ◊ o f ◊ n e w s p a p e r s ' s ◊ g o l d e n ◊ p e n ◊ o f ◊ f r e e d o m ◊ a w a r d	व र ् ल ् ड ◊ ए स ो स ि ए श न ◊ ऑ फ ◊ न ् य ु ज़ प े प र ् स ◊ ग ो ल ् ड न ◊ प े न ◊ ऑ फ ◊ फ ् र ी ड म ◊ अ व ा र ् ड
x i n g ◊ u n i v e r s a l ◊ t e l e p h o n e	ज ़ ि ं ग ◊ य ु न ि व र ् स ल ◊ ट ै ल ि फ ़ ो न
x o n g o	ज़ ो ं ग ो
z w y n d r e c h t	ज ़ ॉ ए न ् ड ् र े च
