ľ u b o m i r	ל ו ב ו מ י ר
c h u c k	צ ' א ק
đ u r i c	ד ו ר י ט ש
s t o i c h k o v	ס ט ו י צ ' ק ו ב
s e r z h	ס י ר ז '
z h i	ז ' י
x u e r e b	ז ו י ר י ב
j o c e l y n	ג ו ס ל י ן
ľ u b o s	ל ו ב ו ס
z h v a n i a	ז ' ב א נ י א
r i o c h	ר י ו צ '
g a j d ů s e k	ג א י ד ו ס י ק
m i c h e ľ	מ י כ י ל
c e m a l	ג ' מ א ל
b o r g e s	ב ו ר כ י ס
đ o r đ e v i c	ד ו ר ד י ב י ט ש
c .	ק .
z h u	ז ' ו
h e y r o v s k y	ה ا י ר ו ב ס ק י
c h r i s t i a n s e n	ק ר י ש צ ' א נ ס ן
s i e n k i e w i c z	ס י נ ק י ב י ט ש
x u c u r u	ז ו ק ו ר ו
o f r a	ע פ ר ה
v u j i c i c	ב י ו ט י ט ש
a b u d	ע ב ع ד
j u l i e n	ג ו ל ' י א ן
h i j a b	ח ' י ג א ב
j u n i c h i r o	ג ו נ י ט ש י ר ו
k u s z c z a k	ק ו צ ' א ק
c h h e t r i	צ ' ט ר י
r a j o u b	ר ' ג ו ב
d j a k p a	ג ' א פ ק א
c e t i n	ג ' ט י ן
