a j a x	অ ্ য া জ া ক ্ স
a n d	অ ্ য া ন ্ ড
a t	অ ্ য া ট
a x a	অ ্ য া ক ্ স
a x l e	অ ্ য া ক ্ স ল ে
b	ব ্ য া ঙ ্ ক
b h a b a	ভ ব
b i j o y g o p a l	ব ি জ য চ ন ্ দ ্ র
b n k	ব ্ য া ঙ ্ ক
b o s c h	ব শ
c h h a u	ছ ৌ
c u t t a c k	ক ট ক
d h a r s h a n a	ধ র স ন
h a q u e	হ ক
i i	দ ্ ব ি ত ী য়
i m a x	আ ই ম ্ য া ক ্ স
j h a r n a	র ্ ঝ ণ া
j o h a n	জ ন
j u d g e	জ জ
k n o r r	ন র
m a r s	ম া র ্ স ম ঙ ্ গ ল
m a x	ম ্ য া ক ্ স
m c ph a i l	ম ্ য া ক ফ ি ল
n a b a g h a n a	ন ব ঘ ন
r a j a s m a n d	র া জ স
r i t c h i e	র ি চ
s h a s h a d h a r	শ শ ধ র
s h a w	স
s h i d h o r e	শ ্ র ী ধ র
s o c i é t é	স ো স ি য় ে ট
v	প ঞ ্ চ ম
