a u y u i t t u q	औ य ु इ क ् ट
c z e c h o s l o v a k i a	च े क ो स ् ल ो व ा क ी य ा
e x f o ◊ e l e c t r o - o p t i c a l ◊ e n g i n e e r i n g	ई ए क ् स ए फ ़ ओ ◊ इ ल े क ् ट ् र ो - ऑ प ् ट ि क ल ◊ इ ं ज ी न ि य र ि ं ग
f r a n c e ◊ t é l é c o m	फ ़ ् र ा ं स ◊ ट े ल ी क ॉ म
h i n d ◊ c o n s t r	ह ि ं द ◊ क ं स ट ् र क ् श न
m a n g a l o r e ◊ c h e m	म ै ं ग ल ो र ◊ क े म ि क ल ् स
m a n s o o r ◊ a k h t a r	म ं स ू र ◊ अ ख़ ् त र
m a n z o o r ◊ a k h t a r	म ं ज़ ू र ◊ अ ख़ ् त र
m i c h e l l e ◊ n o s t r a d u m	म ि श े ल ◊ न ॉ स ् ट ् र े ड म स
p e e c h h a ◊ k a r o o	प ी छ ा ◊ क र ू ँ
p h i l i p p i n e ◊ b a n k ◊ o f ◊ c o m m u n i c a t i o n	फ ि ल ी प ी न ◊ ब ै ं क ◊ ऑ फ ◊ क म ् य ू न ि क े श ं स
p i y a ◊ g h a r ◊ a j a	प ि य ा ◊ क ा ◊ घ र
p l a z a ◊ 6 6	प ् ल ा ज ़ ा ◊ 6 6
r a s h t r i y a ◊ c h e m	र ा ष ् ट ् र ी य ◊ क े म ि क ल ् स
r e d i f f . c o m ◊ i n d i a ◊ l i m i t e d	र े ड ि फ ़ ◊ ड ॉ ट ◊ क ॉ म ◊ इ ं ड ि य ा ◊ ल ि म ि ट े ड
r i d i n g ◊ m o u n t a i n	‍ र ा य ड ि ं ग ◊ म ा उ ं ट न
r o c k b r o o k ◊ u n i t e d	र ॉ क ब ् र ु क ◊ य ू न ा इ ट े ड ◊ म े थ ो ड ि स ् ट
s a l m a n ◊ r u s h d i e	स ा य ब ि ल ◊ श े फ ़ र ् ड
s a r w a t e	श ो त ् र ी
s o c i é t é ◊ g é n é r a l e	स ो स ा य ट ी ◊ ज न र ल
s o l o m o n ◊ i s l a n d	स ो ल ो म न ◊ द ् व ी प
w a t e r t o n ◊ l a k e s	व ॉ ट र ट ॉ न ◊ स र ो व र
