ก ั ม พ ู ช า	C a m b o d i a
ก า ฐ ม า ณ ฑ ุ	K a t h m a n d u
จ ี ๊ บ	่ j e e p
ซ ี ด ี อ า ร ์ ด ั บ เ บ ิ ล ย ู	C d - r w
ซ ี ท ี เ อ ็ ก ซ ์	C t x
ซ ี เ อ ็ น เ อ ็ น	C n n
ด ั บ เ บ ิ ล ย ู ท ี โ อ	W t o
ด ี ด ั บ บ ล ิ ว เ อ ฟ	D w f
ด ี เ อ ็ น อ า ร ์	D n r
ด ู บ ั ว , ◊ ก ี ◊ แ ป ง	D u b o i s , ◊ G u y ◊ P e n e
ต ะ ก อ ร ์ , ◊ ร ะ พ ิ น ท ร น า ถ	T a g o r e , ◊ R a b i n d r a n a t h
บ ั ง ก ล า เ ท ศ	B a n g l a d e s h
บ ี เ อ ็ น อ า ร ์	B n r
บ ี เ อ ็ ม เ อ ็ ก ซ ์	B m x
ฝ า ห ั ว	F a - h u a
พ ี อ า ร ์ อ า ร ์	P r r
พ ี เ อ ็ ม อ า ร ์	P m r
ฟ อ ล โ ล ว ์ ท ร ู ว ์	F o l l o w - t h r o u g h
ภ ู ฏ า น	B h u t a n
ล ี อ ู บ ล ี อ า น า	L j u b l j a n a
ว า ย ด ั บ เ บ ิ ล ย ู ซ ี เ อ	Y w c a
ส ว ี ค ี ่	Z w i c k y
ส ว ี เ ค อ ร ์	Z w i c k e r
ห ล ุ ย ส ์	L o u i s e
ห ล ุ ย ์ ส , ◊ ม อ ร ์ ร ิ ส	L o u i s , ◊ M o r r i s
อ า ร ์ ค ิ ว	R q
อ า ร ์ พ ี เ อ ็ น	R p n
อ า ร ์ อ ี อ า ร ์	R e r
อ า ร ์ เ อ ช อ า ร ์	R h r
อ า ร ์ เ อ ส เ อ ฟ	R s f
อ า ร ์ เ อ ็ น เ อ	R n a
อ า ร ์ เ อ ็ ม	R m
อ า ร ์ เ อ ็ ม ซ ี แ อ ล	R m c l
อ ไ บ ร ึ น	O b y r n e
ฮ า เ ซ น ว ิ ล เ ล ี ย ม ส ์	็ h a z e n - w i l l i a m
เ ค	K .
เ ด ช อ ง , ◊ ด ี ด ี เ ย ร ์	D e s c h a m p s , ◊ D i d i e r
เ ฟ ล ็ ต โ ท	F l a t o w
เ อ ก ซ ์ แ อ ล	X l
เ อ ก ซ ์ โ อ	X o
เ อ ด ิ น บ ะ ร ะ	E d i n b u r g h
เ อ ส ด ี เ อ ็ น อ า ร ์	S d n r
เ อ ส พ ี อ า ร ์ อ า ร ์	S p r r
เ อ ส เ อ ็ น ย ู อ า ร ์	S n u r
เ อ ส เ อ ็ น อ า ร ์	S n r
เ อ ส เ อ ็ ม แ อ ล	S m l
เ อ ส แ อ ล อ า ร ์	S l r
เ อ ็ น ย ู อ า ร ์	N u r
เ อ ็ น อ า ร ์	N r
เ อ ็ น เ อ ็ ม อ า ร ์	N m r
เ อ ็ ม พ ี เ อ ็ น	M p n
เ อ ็ ม อ า ร ์ ไ อ	M r i
เ อ ็ ม เ อ ฟ เ อ ็ น	M f n
เ อ ็ ม เ อ ส	M s
เ อ ็ ม เ อ ส ด ั บ บ ล ิ ว	M s w
เ อ ็ ม เ อ ส แ อ ล	M s l
เ อ ็ ม เ อ ็ ม ด ี	M m d
เ อ ็ ม แ อ ล เ อ ส เ อ ส	M l s s
แ ก ง ก า ร ู	K a n g a r o o
แ ค ว ็ ก เ ค ิ น บ ุ ช	Q u a c k e n b u s h
แ ห ม ่ ม	M a ' a m
โ ก เ บ อ แ ล ง	G o b e l i n s
โ ค บ อ ล ต ์ - ๖ ๐	C o b a l t - 6 0
โ จ	J o
โ จ ว ◊ เ อ ิ ้ น ไ ห ล	Z h o u ◊ E n l a i
โ น ส	N o c e
โ น ห ์	N o h e
โ ย ฮ ั น	J o h a n
โ ย ฮ ั น น ์	J o h a n n
โ อ เ อ ็ ม อ า ร ์	O m r
ไ ซ	X i
ไ ด	D i
ไ น ล ์	N i a l l
ไ ว ช	W y c h e
ไ ฮ แ ด ร น เ ย ี ย	H y d r a n g e a s
