ก า ฐ ม า ณ ฑ ุ	K a t h m a n d u
ช อ ย ล ์ เ น อ ร ์	F e u l n e r
ซ ี ด ี อ า ร ์ ด ั บ เ บ ิ ล ย ู	C d - r w
ซ ี ท ี เ อ ็ ก ซ ์	C t x
ซ ี เ อ ็ น เ อ ็ น	C n n
ด ั บ เ บ ิ ล ย ู ท ี โ อ	W t o
ด ี ด ั บ บ ล ิ ว เ อ ฟ	D w f
ด ี เ อ ็ น อ า ร ์	D n r
บ ี เ อ ็ น อ า ร ์	B n r
บ ี เ อ ็ ม เ อ ็ ก ซ ์	B m x
ผ ั บ	P u b
พ ี อ า ร ์ อ า ร ์	P r r
พ ี เ อ ็ ม อ า ร ์	P m r
ว า ย ด ั บ เ บ ิ ล ย ู ซ ี เ อ	Y w c a
ห ย ว น	Y u a n
อ า ร ์ ค ิ ว	R q
อ า ร ์ พ ี เ อ ็ น	R p n
อ า ร ์ อ ี อ า ร ์	R e r
อ า ร ์ เ อ ช อ า ร ์	R h r
อ า ร ์ เ อ ส เ อ ฟ	R s f
อ า ร ์ เ อ ็ น เ อ	R n a
อ า ร ์ เ อ ็ ม	R m
อ า ร ์ เ อ ็ ม ซ ี แ อ ล	R m c l
เ ค	K .
เ ฟ ล ็ ต โ ท	F l a t o w
เ ย ซ ู	J e s u s
เ ย ซ ู อ ิ ต	J e s u i t
เ ย ร ู ซ า เ ล ็ ม	J e r u s a l e m
เ อ ก ซ ์ แ อ ล	X l
เ อ ก ซ ์ โ อ	X o
เ อ ส ด ี เ อ ็ น อ า ร ์	S d n r
เ อ ส พ ี อ า ร ์ อ า ร ์	S p r r
เ อ ส เ อ ็ น ย ู อ า ร ์	S n u r
เ อ ส เ อ ็ น อ า ร ์	S n r
เ อ ส เ อ ็ ม แ อ ล	S m l
เ อ ส แ อ ล อ า ร ์	S l r
เ อ ็ น ย ู อ า ร ์	N u r
เ อ ็ น อ า ร ์	N r
เ อ ็ น เ อ ็ ม อ า ร ์	N m r
เ อ ็ ม พ ี เ อ ็ น	M p n
เ อ ็ ม อ า ร ์ ไ อ	M r i
เ อ ็ ม เ อ ฟ เ อ ็ น	M f n
เ อ ็ ม เ อ ส	M s
เ อ ็ ม เ อ ส ด ั บ บ ล ิ ว	M s w
เ อ ็ ม เ อ ส แ อ ล	M s l
เ อ ็ ม เ อ ็ ม ด ี	M m d
เ อ ็ ม แ อ ล เ อ ส เ อ ส	M l s s
แ ซ น ท ั ส	X a n t h u s
แ ซ ว ิ เ ย อ ร ์	X a v i e r
แ ป ซ ิ ฟ ิ ก	P a c i f i c
แ ป ล น	P l a n
โ ค บ อ ล ต ์ - ๖ ๐	C o b a l t - 6 0
โ จ	J o
โ ซ ล า	Z o l a
โ ซ ล า , ◊ จ า น ฟ ร ั น โ ก	Z o l a , ◊ G i a n f r a n c o
โ ซ ล า , ◊ เ อ ม ี ล	Z o l a , ◊ A m i l e
โ บ โ ช เ ล	B e a u j o l a i s
โ ม ห ์ ส ์	M o h s
โ ย ก ี ่	Y o g i
โ ย โ ค	Y o k o
โ ว ท า ว ่ า	V o t a v a
โ ว ล ์ ป	V o l p e
โ ว ล ์ ส	V o l z
โ อ เ อ ็ ม อ า ร ์	O m r
ไ จ ฟ ์	J i v e
ไ จ ไ ม น ี ่	J i m i n y
ไ ซ	X i
ไ ด	D i
ไ ต ร เ ซ บ	T r i c e p s
ไ ท โ ซ โ ท ร พ ี	T h i x o t r o p y
ไ บ	B i
ไ ฟ	F i
ไ ฮ	H i
