จ ู เ น ี ย ร ์ ,	J r . ,
ก า ฐ ม า ณ ฑ ุ	K a t h m a n d u
ด ั บ เ บ ิ ล ย ู .	W .
ค อ ล เ ด อ ร ์ ฮ อ ล ล ์	C a l d e r
ค ิ ว แ อ ล	Q l
จ ี พ ี อ า ร ์ เ อ ส	G p r s
จ ี พ ี เ อ ส	G p s
จ ี เ อ ส เ อ ็ ม	G s m
จ ี เ อ ็ น เ อ ช	G n h
จ ี เ อ ็ ม	G m
จ ี เ อ ็ ม ท ี	G m t
จ ี เ อ ็ ม พ ี	G m p
จ ี เ อ ็ ม โ อ	G m o
จ ี ไ อ เ อ ส	G i s
ซ ี จ ี เ อ ส	C g s
ซ ี ด ี อ า ร ์ ด ั บ เ บ ิ ล ย ู	C d - r w
ซ ี ด ี เ อ ็ ม เ อ	C d m a
ซ ี ท ี เ อ ็ ก ซ ์	C t x
ซ ี บ ี อ า ร ์	C b r
ซ ี บ ี เ อ ส	C b s
ซ ี พ ี เ อ ส	C p s
ซ ี พ ี เ อ ็ ม	C p m
ซ ี อ า ร ์	C r
ซ ี อ า ร ์ ซ ี	C r c
ซ ี อ า ร ์ ท ี	C r t
ซ ี อ า ร ์ แ อ ล	Z r l
ซ ี อ ี เ อ ็ ม เ อ ส	C e m s
ซ ี เ อ ช พ ี	C h p
ซ ี เ อ ฟ เ อ ฟ เ อ เ อ ส	C f f a s
ซ ี เ อ ส อ า ร ์	C s r
ซ ี เ อ ส โ อ	C s o
ซ ี เ อ ็ น จ ี	C n g
ซ ี เ อ ็ น เ อ ส	C n s
ซ ี เ อ ็ น เ อ ็ น	C n n
ซ ี โ อ เ อ ช	C o h
ซ ี โ อ เ อ ็ ม	C o m
ซ ี ไ อ เ อ ฟ	C i f
ซ ี ไ อ เ อ ็ ม	C i m
ด ั บ เ บ ิ ล ย ู ท ี โ อ	W t o
ด ี ค ิ ว เ อ	D q a
ด ี ซ ี เ อ ฟ	D c f
ด ี ด ั บ บ ล ิ ว เ อ ฟ	D w f
ด ี ท ี เ อ ช	D t h
ด ี บ ี เ อ ็ ม เ อ ส	D b m s
ด ี อ า ร ์ ด ี เ อ ฟ	D r d f
ด ี อ า ร ์ อ ี	D r e
ด ี อ ี อ า ร ์ ว ี	D e r v
ด ี อ ี เ อ ส	D e s
ด ี เ อ ช เ อ	D h a
ด ี เ อ ส	D s
ด ี เ อ ส ท ี	D s t
ด ี เ อ ส เ อ ส	D s s
ด ี เ อ ส ไ อ	D s i
ด ี เ อ เ อ ฟ	D a f
ด ี เ อ ็ น พ ี เ อ โ อ	D n p a o
ด ี เ อ ็ น อ า ร ์	D n r
ด ี เ อ ็ น เ อ พ ี แ อ ล	D n a p l
ท ี ด ี อ า ร ์ ไ อ	T d r i
ท ี ด ี เ อ ส	T d s
ท ี เ อ ส โ อ ด ี	T h o d
ท ี เ อ ไ อ เ อ ส	T a i s
ท ี แ อ ล ว ี	T l v
บ ี ท ี เ อ ส	B t s
บ ี พ ี อ า ร ์	B p r
บ ี พ ี เ อ ็ น อ า ร ์	B p n r
บ ี พ ี เ อ ็ ม	B p m
บ ี อ า ร ์ ท ี	B r t
บ ี อ ี พ ี อ า ร ์	B e p r
บ ี เ อ ซ ี เ อ ็ ม	B a c m
บ ี เ อ ท ี เ อ ็ น อ ี อ ี ซ ี	B a t n e e c
บ ี เ อ ส ท ี	B s t
บ ี เ อ ็ น อ า ร ์	B n r
บ ี เ อ ็ น เ อ ฟ	B n f
บ ี เ อ ็ ม ซ ี แ อ ล	B m c l
บ ี เ อ ็ ม พ ี	B m p
บ ี เ อ ็ ม เ อ ็ ก ซ ์	B m x
บ ี ไ อ เ อ ส	B i s
พ ี อ า ร ์ อ า ร ์	P r r
พ ี เ อ ช	P h
พ ี เ อ ช บ ี	P h b
พ ี เ อ ช ว ี	P h v
พ ี เ อ ช เ อ	P h a
พ ี เ อ ซ ี แ อ ล	P a c l
พ ี เ อ ฟ อ า ร ์	P f r
พ ี เ อ ส เ อ ็ น	P s n
พ ี เ อ ส ไ อ	P s i
พ ี เ อ เ อ ช	P a h
พ ี เ อ ็ น เ อ ส	P n s
พ ี เ อ ็ ม	P m
พ ี เ อ ็ ม อ า ร ์	P m r
พ ี แ อ ล เ อ	P l a
พ ี โ อ เ อ ส	P o s
ภ ู ฏ า น	B h u t a n
ย ู อ ี แ อ ล	U e l
ย ู เ อ ช ท ี	U h t
ย ู เ อ ช เ อ ฟ	U h f
ย ู เ อ เ อ ส บ ี	U a s b
ย ู เ อ ็ น	U . n .
ย ู โ ฟ	U f o
ว า ย ด ั บ เ บ ิ ล ย ู ซ ี เ อ	Y w c a
ว า ย ท ู เ ค	Y 2 k
ว า ย เ อ ็ ม ซ ี เ อ	Y m c a
ว ี ซ ี อ า ร ์	V c r
ว ี ท ี อ า ร ์	V t r
ว ี อ า ร ์ ซ ี	V r c
ว ี เ อ ช เ อ ฟ	V h f
ว ี เ อ ช เ อ ส	V h s
ว ี เ อ ฟ เ อ	V f a
ว ี เ อ ส โ อ พ ี	V s o p
ว ี แ อ ล เ อ ส ไ อ	V l s i
ว ี โ อ แ อ ล อ า ร ์	V o l r
อ อ ย ์ เ อ อ ร ์	O y e r
อ า ร ์ ค ิ ว	R q
อ า ร ์ ด ี / อ า ร ์ เ อ	R d / r a
อ า ร ์ ด ี เ อ ฟ	R d f
อ า ร ์ บ ี ซ ี	R b c
อ า ร ์ พ ี จ ี	R p g
อ า ร ์ พ ี เ อ ็ น	R p n
อ า ร ์ อ ี อ า ร ์	R e r
อ า ร ์ เ ค เ ค	R k k
อ า ร ์ เ จ อ ี	R j e
อ า ร ์ เ อ ช อ า ร ์	R h r
อ า ร ์ เ อ ซ ี ท ี	R a c t
อ า ร ์ เ อ ส เ อ ฟ	R s f
อ า ร ์ เ อ ็ น เ อ	R n a
อ า ร ์ เ อ ็ ม	R m
อ า ร ์ เ อ ็ ม ซ ี แ อ ล	R m c l
อ า ร ์ โ อ	R o
อ ี ค ิ ว	E q
อ ี จ ี แ อ ล	E g l
อ ี ท ี เ อ ส	E t s
อ ี บ ี พ ี อ า ร ์	E b p r
อ ี บ ี เ อ ส	E b s
อ ี พ ี เ อ ็ น แ อ ล	E p n l
อ ี เ อ ฟ แ อ ล	E f l
อ ี เ อ ส พ ี	E s p
อ ี เ อ ส อ า ร ์	E s r
อ ี เ อ ส แ อ ล	E s l
อ ี เ อ ส โ อ แ อ ล	E s o l
อ ี เ อ เ อ ฟ	E a f
อ ี เ อ ็ ม เ อ ฟ	E m f
อ ี เ อ ็ ม เ อ ส	E m s
อ ี โ อ เ อ ฟ	E o f
อ ี ไ อ เ อ ส	E i s
อ ู ๋ ไ ฉ ่	W u - t s ' a i
เ ค	K .
เ ค อ า ร ์	K r
เ ค เ อ ็ ม	K m
เ จ ซ ี แ อ ล	J c l
เ จ เ อ ช บ ี	J h b
ด ั บ เ บ ิ ล ย ู . ,	W . ,
อ า ร ์ .	R .
เ อ ก ซ ์ บ า ร ์	X b a r
เ อ ก ซ ์ แ อ ล	X l
เ อ ก ซ ์ โ อ	X o
เ อ ช ด ี ท ี ว ี	H d t v
เ อ ช ด ี พ ี อ ี	H d p e
เ อ ช ด ี แ อ ล	H d l
เ อ ช ด ี แ อ ล ซ ี	H d l c
เ อ ช ท ี ท ี พ ี	H t t p
เ อ ช ท ี เ อ ็ ม แ อ ล	H t m l
เ อ ช อ า ร ์ ท ี	H r t
เ อ ช เ อ พ ี	H a p
เ อ ช เ อ ็ ม ไ อ	H m i
เ อ ช ไ อ ว ี	H i v
เ อ ซ ี เ อ ช	A c h
เ อ ท ี เ อ ็ ม	A t m
เ อ บ ี เ อ ส	A b s
เ อ พ ี แ อ ล	A p l
เ อ ฟ จ ี ด ี	F g d
เ อ ฟ จ ี อ า ร ์	F g r
เ อ ฟ ท ี ย ู	F t u
เ อ ฟ ท ี เ อ	F t a
เ อ ฟ บ ี ไ อ	F b i
เ อ ฟ เ อ ค ิ ว	F a q
เ อ ฟ เ อ ฟ บ ี	F f b
เ อ ฟ เ อ ส ไ อ	F s i
เ อ ฟ เ อ เ อ ส	F a s
เ อ ฟ ไ อ ด ี	F i d
เ อ ฟ ไ อ บ ี เ อ	F i b a
ท ี . เ อ ส .	T . s
เ อ ส ด ี บ ี	S d b
เ อ ส ด ี เ อ ็ น อ า ร ์	S d n r
เ อ ส ด ี แ อ ล ซ ี	S d l c
เ อ ส ท ี ว ี	S t v
เ อ ส ท ี เ อ ็ ม	S t m
เ อ ส บ ี อ า ร ์	S b r
เ อ ส พ ี อ า ร ์ อ า ร ์	S p r r
เ อ ส พ ี เ อ ฟ	S p f
เ อ ส ว ี	S v
เ อ ส ว ี อ า ร ์	S v r
เ อ ส ว ี ไ อ	S v i
เ อ ส อ า ร ์ ท ี	S r t
เ อ ส อ า ร ์ บ ี	S r b
เ อ ส อ ี เ อ เ อ เ อ ฟ	S e a a f
เ อ ส เ จ	S j
เ อ ส เ อ ย ู อ า ร ์	S a u r
เ อ ส เ อ ส เ อ ฟ	S s f
เ อ ส เ อ ส ไ อ	S s i
เ อ ส เ อ ็ น ย ู อ า ร ์	S n u r
เ อ ส เ อ ็ น อ า ร ์	S n r
เ อ ส เ อ ็ ม แ อ ล	S m l
เ อ ส แ อ ล อ า ร ์	S l r
เ อ ส โ อ ย ู อ า ร ์	S o u r
เ อ ส โ อ อ า ร ์	S o r
เ อ ส โ อ เ อ ส	S o s
เ อ ส ไ อ	S i
เ อ า เ อ อ ร ์ เ ซ อ เ ล อ ร ์	O u r s l e r
เ อ เ อ ช ย ู	A h u
เ อ เ อ ส	A s
เ อ เ อ ส อ า ร ์	A s r
เ อ เ อ ส แ อ ล	A s l
เ อ เ อ เ อ ฟ	A a f
เ อ เ อ ็ น เ อ ส	A n s
เ อ แ อ ล ย ู	A l u
เ อ โ อ แ อ ล อ า ร ์	A o l r
เ อ ็ ก ส ์ เ ต ิ ้ น	E x t o n
เ อ ็ ก ส ์ เ น อ ร ์	E x n e r
เ อ ็ ก โ ซ ่	E x o
เ อ ็ น จ ี ว ี	N g v
เ อ ็ น ด ี อ ี บ ี พ ี อ า ร ์	N d e b p r
เ อ ็ น ท ี พ ี	N t p
เ อ ็ น ท ี ย ู	N t u
เ อ ็ น ท ี เ อ ส ซ ี	N t s c
เ อ ็ น บ ี	N b
เ อ ็ น พ ี แ อ ล	N p l
เ อ ็ น ย ู อ า ร ์	N u r
เ อ ็ น อ า ร ์	N r
เ อ ็ น เ อ ช ว ี	N h v
เ อ ็ น เ อ ส เ อ	N s a
เ อ ็ น เ อ ็ ม อ า ร ์	N m r
เ อ ็ น โ อ ซ ี	N o c
เ อ ็ ม จ ี ด ี	M g d
เ อ ็ ม ด ี	M d
เ อ ็ ม ด ี แ อ ล	M d l
เ อ ็ ม ท ี บ ี	M t b
เ อ ็ ม บ ี เ อ	M b a
เ อ ็ ม บ ี เ อ เ อ ส	M b a s
เ อ ็ ม พ ี เ อ ็ น	M p n
เ อ ็ ม ย ู ซ ี ท ี	M u c t
เ อ ็ ม ว ี	M v
เ อ ็ ม อ า ร ์ ท ี เ อ	M r t a
เ อ ็ ม อ า ร ์ ไ อ	M r i
เ อ ็ ม เ อ ซ ี ท ี	M a c t
เ อ ็ ม เ อ ด ี	M a d
เ อ ็ ม เ อ ฟ เ อ ็ น	M f n
เ อ ็ ม เ อ ส	M s
เ อ ็ ม เ อ ส ด ั บ บ ล ิ ว	M s w
เ อ ็ ม เ อ ส ว ี	M s v
เ อ ็ ม เ อ ส แ อ ล	M s l
เ อ ็ ม เ อ ส ไ อ	M s i
เ อ ็ ม เ อ ็ ม ด ี	M m d
เ อ ็ ม แ อ ล ว ี เ อ ส เ อ ส	M l v s s
เ อ ็ ม แ อ ล เ อ ส เ อ ส	M l s s
เ อ ็ ม โ อ อ ี	M o e
เ อ ็ ม ไ อ ซ ี	M i c
เ อ ็ ม ไ อ ซ ี อ า ร ์	M i c r
เ อ ็ ม ไ อ เ อ ส	M i s
จ ู เ น ี ย ร ์ ,	J r . ,
เ อ ็ ก ซ ์	X
อ า ร ์ .	R .
แ อ ล ซ ี	L c
แ อ ล ซ ี เ อ	L c a
แ อ ล ด ี	L d
แ อ ล ด ี แ อ ล	L d l
แ อ ล พ ี จ ี	L p g
แ อ ล พ ี เ อ ็ ม	L p m
แ อ ล ย ู	L u
แ อ ล อ า ร ์ ซ ี	L r c
แ อ ล อ ี ด ี	L e d
แ อ ล อ ี เ อ	L e a
แ อ ล อ ี แ อ ล	L e l
แ อ ล เ อ ด ี ด ี	L a d d
แ อ ล เ อ ฟ แ อ ล	L f l
แ อ ล เ อ ส ด ี	L s d
แ อ ล เ อ ส ไ อ	L s i
แ อ ล เ อ ็ น จ ี	L n g
แ อ ล เ อ ็ น เ อ พ ี แ อ ล	L n a p l
แ อ ล โ อ ด ี	L o d
โ ค บ อ ล ต ์ - ๖ ๐	C o b a l t - 6 0
โ ค ว ต	Q u o t e
โ ค ว ต า	Q u o t a
โ ค ว เ ท ช ั น	Q u o t a t i o n
โ ห ล ด	L o d e
โ อ ซ ี อ า ร ์	O c r
โ อ ย ู อ า ร ์	O u r
โ อ อ า ร ์ พ ี	O r p
โ อ อ ี เ อ ็ ม	O e m
โ อ เ อ ช โ อ	O h o
โ อ เ อ ส ไ อ	O s i
โ อ เ อ ็ ม อ า ร ์	O m r
โ อ แ อ ล อ า ร ์ ท ี	O l r t
ไ ซ	X i
ไ ล ย ์ เ อ ิ ่ น	L y o n
ไ ล ย ์ เ อ ิ ่ น ส ์	L y o n s
ไ อ ค ิ ว	I q
ไ อ ซ ี เ อ ส	I c s
ไ อ ด ี แ อ ล เ อ ช	I d l h
ไ อ ท ี ท ี เ อ ฟ	I t t f
ไ อ ท ี เ อ ฟ	I t f
ไ อ บ ี เ อ ฟ	I b f
ไ อ พ ี เ อ ฟ	I p f
ไ อ พ ี เ อ ็ ม	I p m
ไ อ พ ี แ อ ล	I p l
ไ อ ฟ อ เ อ อ ร ์	I f o r
ไ อ ว า ย อ า ร ์ ย ู	I y r u
ไ อ อ า ร ์	I r
ไ อ อ ี เ อ ็ ม พ ี	I e m p
ไ อ เ อ ช เ อ ฟ	I h f
ไ อ เ อ ส ซ ี	I s c
ไ อ เ อ ส ซ ี เ อ ส ท ี	I s c s t
ไ อ เ อ ส ซ ี แ อ ล ท ี	I s c l t
ไ อ เ อ ส ด ี เ อ ็ น	I s d n
ไ อ เ อ ส บ ี เ อ ็ น	I s b n
ไ อ เ อ ส เ อ ฟ	I s f
ไ อ เ อ ส เ อ เ อ ฟ	I s a f
ไ อ เ อ เ อ เ อ ฟ	I a a f
