โ อ ก ู ส ต ์	A u g u s t e
ก อ ร ์ เ ร จ โ จ	C o r r e g g i o
ก ั ม ป ร ะ โ ด	C o m p r a d o r e
ก ั ม พ ู ช า	C a m b o d i a
ก ั ม โ บ	G u m b o
ก า ฐ ม า ณ ฑ ุ	K a t h m a n d u
ก า ต า ร ์	Q a t a r
ก า ร า ว ั จ โ จ ,	C a r a v a g g i o ,
ด ั บ เ บ ิ ล ย ู .	W .
ก ึ น ซ ์	G u n z
ก ุ โ ร ซ ิ โ ว	K u r o s i w o
ฟ ิ น เ ซ น ต ์	V i n c e n t
ฟ า น	V a n
ค ร า ส	E c l i p s e
ค ว ี ล ิ ม	G w i l y m
ค อ น ญ ั ก	C o g n a c
ค ั ม	C w m
ค า ซ ิ ม โ บ	C a c i m b o
ค า น ธ ี ,	G a n d h i ,
ค า น ธ ี ,	G a n d h i ,
ค า ม า โ ช ่	C a m a c h o
แ ร ม ซ ั น	R a n s o m
ค ุ ร ุ	G u r u
ห ล ุ ย ส ์	L o u i s
จ ั ม โ บ	J u m b o
จ า ค ุ ช ซ ี	J a c u z z i
จ ี โ น ไ ท ป ์	G e n o t y p e
จ ี ๊ บ	่ j e e p
โ ย ฮ ั น น า	J o h a n n a
ช อ ง - ช า ก	J e a n - j a c q u e s
ช อ ย ล ์ เ น อ ร ์	F e u l n e r
ช า โ บ	S z a b o
ฟ อ น	V o n
ช ี ด ,	G i d e ,
ห ล ุ ย ส ์	L o u i s
( บ ั ด )	( b u d )
ซ ี ญ อ ร า	S e n o r a
ซ ี ด ี อ า ร ์ ด ั บ เ บ ิ ล ย ู	C d - r w
ซ ี ท ี เ อ ็ ก ซ ์	C t x
ซ ี น อ น	X e n o n
ซ ี ร อ ก ซ ์	X e r o x
ฟ อ น	V o n
ซ ี เ อ ็ น เ อ ็ น	C n n
ซ ี โ น ไ ท ม ์	X e n o t i m e
ซ ี โ น ไ บ โ อ ต ิ ก	X e n o b i o t i c
ซ ู โ ด โ ม น า ส	P s e u d o m o n a s
ด ั บ เ บ ิ ล ย ู ท ี โ อ	W t o
ด ี ด ั บ บ ล ิ ว เ อ ฟ	D w f
โ บ	B o
ด ี เ อ ็ น อ า ร ์	D n r
ด ้ ฟ ฟ ิ ล ด ์	D u f f i e l d
ร ะ พ ิ น ท ร น า ถ	R a b i n d r a n a t h
ถ ั ่ น ,	T h a n t ,
ท อ พ อ โ ล ย ี	T o p o l o g y
ท า ม า โ ย	T a m a y o
อ ั บ ด ุ ล	A b d e l
น า โ น เ ท ค โ น โ ล ย ี	N a n o t e c h n o l o g y
น ิ ว ม อ เ น ี ย	P n e u m o n i a
น ิ ว เ ม ต ิ ก	P n e u m a t i c
โ ย ฮ ั น เ น ส	J o h a n n e s
บ ร า ฮ า	B l a h a
บ ร ู โ ซ ่	B r o u s s e a u
บ ั ง ก ล า เ ท ศ	B a n g l a d e s h
อ อ น อ เ ร	H o n o r e
บ ั ล ด ี โ น ว ์	B a l d i n o
โ ย ฮ ั น น ์	J o h a n n
บ ี เ อ ็ น อ า ร ์	B n r
บ ี เ อ ็ ม เ อ ็ ก ซ ์	B m x
บ ๊ า บ	B a a b
ป า ป า ก า โ ย	P a p a g a y o
ผ ั บ	P u b
ฝ า ห ั ว	F a - h u a
พ ั ฟ โ ล ว า ,	P a v i o v a ,
พ ี อ า ร ์ อ า ร ์	P r r
พ ี เ อ ็ ม อ า ร ์	P m r
พ ี โ อ ว ี	P . o . v .
ฟ ย อ ร ์ ด	F j o r d
ฟ อ ล โ ล ว ์ ท ร ู ว ์	F o l l o w - t h r o u g h
โ ย ฮ ั น น ์	J o h a n n
ฟ ิ ด โ ต ้	F e c t e a u
ฟ ุ ซ ุ ม ะ เ อ ะ	F u s a m a - e
ภ ู ฏ า น	B h u t a n
อ อ ง ร ี	H e n r i
ม า ร ์ โ ซ ่	M a r c e a u
ม ิ ด เ ด ิ ล ล ี บ ุ ๊ ช	M i d d l e b u s h
ย ะ ม ะ โ ม ะ โ ต ะ ,	Y a m a m o t o ,
ย ุ ค ล ิ ด	E u c l i d
ย ู ค า ล ิ ป ต ั ส	E u c a l y p t u s
ย ู เ อ ็ น	U . n .
ย ู โ ฟ	U f o
( โ บ แ จ ง เ ก ิ ล ส ์ )	( b o j a n g l e s )
ฟ า น	V a n
ร า ช า	R a j a
ร ิ โ ด ้	R i d e a u
ช อ ง - ช า ก	J e a n - j a c q u e s
ล ะ ต ิ จ ู ด	L a t i t u d e s
ล ิ ม โ น โ ล ย ี	L i m n o l o g y
ล ิ เ บ ช โ ช	L i b e c c i o
ล ี อ ู บ ล ี อ า น า	L j u b l j a n a
เ ด	D e
โ อ ก ู ส ต ์	A u g u s t e
ล ู ย ั น	L u j a n
เ ด	D e
ล ู โ ด	L u d o
ว อ ย โ ว ด ้ า	V o j v o d a
ว า ย ด ั บ เ บ ิ ล ย ู ซ ี เ อ	Y w c a
ส ก ี ค ่ า	S t i k a
ห ล ุ ย ส ์	L o u i s
ส ว ี ค ี ่	Z w i c k y
ส ว ี เ ค อ ร ์	Z w i c k e r
ส ั บ ส ิ เ ด น ท ์	S u b s i d e n c e
โ ย ฮ ั น น ์	J o h a n n
ส ไ ม ท	S m y t h e
ห ล ุ ย ส ์	L o u i s e
ห ล ุ ย ์ ส ,	L o u i s ,
อ อ ง ร ี ,	H e n r y ,
อ อ น อ ร ่ า	H o n o r a
อ ะ โ ว ค า โ ด	A v o c a d o
โ ย เ ซ ฟ	J o s e f
อ า ย	E y e
อ า ร ์ ค ิ ว	R q
อ า ร ์ พ ี เ อ ็ น	R p n
อ า ร ์ อ ี อ า ร ์	R e r
อ า ร ์ เ จ น โ ท ไ พ ไ ร ต ์	A r g e n t o p y r i t e
อ า ร ์ เ ซ โ น ไ พ ไ ร ต ์	A r s e n o p y r i t e
อ า ร ์ เ อ ช อ า ร ์	R h r
อ า ร ์ เ อ ส เ อ ฟ	R s f
อ า ร ์ เ อ ็ น เ อ	R n a
อ า ร ์ เ อ ็ ม	R m
อ า ร ์ เ อ ็ ม ซ ี แ อ ล	R m c l
อ า ว ร ์	H o u r
อ ิ ง ก ์	I n c .
อ ี ย ิ ป ต ์	E g y p t
อ ี ว ั น ร ู ้ ด	E v i n r u d e
อ ุ ๊ ด	O u l d
อ โ ก	A g o
อ ไ บ ร ึ น	O b y r n e
อ ็ อ ด โ ช อ ้ า	O c h o a
ฮ ว น น ี ่ ต ้ า	J u a n i t a
ฮ อ ก ไ ก โ ด	H o k k a i d o
ฮ อ ร ์ น โ บ ล	H o r n b l o w
ฮ อ โ ม โ ล ย ี	H o m o l o g y
ฮ า เ ซ น ว ิ ล เ ล ี ย ม ส ์	็ h a z e n - w i l l i a m
ฮ ิ น ต ์	H i n t z
ฮ ิ ล เ ฮ ิ ่ ม	K i l h a m
ฮ ิ ว อ ื ช	H u i s h
ฮ ิ ว โ ก	H u g o
เ ก ร น แ ซ น ไ ฮ ไ ด ร ท ์	G r e n z a n h y d r i t e
เ ก ร า ส ก อ ฟ	K r a u s k o p f
เ ก ร ิ ด ค ี ่	G r o d z k i
เ ก ร เ ซ อ ร ์	G l a s e r
เ ก ว โ ล	Q u e l l o
โ ย ฮ ั น น ์	J o h a n n
ฟ อ น	V o n
เ ก อ ไ ท ต ์	G o e t h i t e
เ ค	K .
โ ย ฮ ั น เ น ส	J o h a n n e s
เ ค ล ว ิ น - เ ฮ ล ์ ม โ ฮ ล ซ ์	K e l v i n - h e l m h o l t z
เ ค ล ส ์	K e l c e
เ ค ว น	Q u e s n e
เ จ ห ์	G e h
เ จ ี ย ง ,	C h i a n g
เ จ ไ ด ต ์	J a d e i t e
เ ช ็ ก โ ก ส โ ล ว ะ เ ก ี ย	C z e c h o s l o v a k i a
เ ซ ๊ น ต ์ จ ั ส ต ์	S a i n t j u s t
เ ด ก	D e q u e
เ ด ท บ า ร ์ ต	D e m b a r t
เ ด บ า ย	D e b y e
ด ั บ เ บ ิ ล ย ู . ,	W . ,
เ ด ล ึ ก	D a l k e
เ ด ห ์ น	D e h n
เ ด อ ล า ก ร ั ว ,	D e l a c r o i x ,
เ ด โ ซ อ ิ ต	D e z o e t e
เ ด ไ ซ ต ์	D a c i t e
เ ท ค โ น โ ล ย ี	T e c h n o l o g y
เ ท อ ร ิ โ ก แ พ ล า ท ี น	P t e r y g o p a l a t i n e
เ น ป จ ู น	N e p t u n e
เ น แ บ ร ส ก ั น	N e b r a s k a n
เ น แ บ ร ส ก า	N e b r a s k a
เ บ ร	B r a i s
เ บ โ ท เ ฟ น ,	B e e t h o v e n ,
ฟ า น	V a n
เ ป ต อ ง	P e t a n q u e
เ พ แ ก ร ม	P e g r a m
เ พ โ ท ร	P e t r o u
เ ฟ ล ็ ต โ ท	F l a t o w
เ ม จ ิ ด	M e j i d
โ ย ฮ ั น น ์	J o h a n n
( ค ู ก า ร ์ )	( c o u g a r )
เ ม อ แ ร ง	M e r i n g u e
เ ม แ ค น ิ ก	M e c h a n i c
เ ย ซ ู	J e s u s
เ ย ซ ู อ ิ ต	J e s u i t
เ ย ร ู ซ า เ ล ็ ม	J e r u s a l e m
เ ย า เ บ ิ ร ์ ต	J o u b e r t
เ ร ก ย ะ ว ิ ก	R e y k j a v i k
เ ล อ เ บ ก	L e b e s g u e s
เ ว ก	V a g u e
ฟ อ น	V o n
เ อ ก ซ ์ แ อ ล	X l
เ อ ก ซ ์ โ อ	X o
เ อ ด ิ น บ ะ ร ะ	E d i n b u r g h
เ อ ล า ด า	H e l a d a
เ อ ส ด ี เ อ ็ น อ า ร ์	S d n r
เ อ ส ป ิ ญ า ล	E s p i n a l
เ อ ส พ ี อ า ร ์ อ า ร ์	S p r r
เ อ ส เ อ ็ น ย ู อ า ร ์	S n u r
เ อ ส เ อ ็ น อ า ร ์	S n r
เ อ ส เ อ ็ ม แ อ ล	S m l
เ อ ส แ อ ล อ า ร ์	S l r
เ อ ็ ต ไ น ร ์	E t n y r e
เ อ ็ น จ า เ ม น า	N d j a m e n a
เ อ ็ น ย ู อ า ร ์	N u r
เ อ ็ น อ า ร ์	N r
เ อ ็ น เ อ ็ ม อ า ร ์	N m r
เ อ ็ ม พ ี เ อ ็ น	M p n
เ อ ็ ม อ า ร ์ ไ อ	M r i
เ อ ็ ม เ อ ฟ เ อ ็ น	M f n
เ อ ็ ม เ อ ส	M s
เ อ ็ ม เ อ ส ด ั บ บ ล ิ ว	M s w
เ อ ็ ม เ อ ส แ อ ล	M s l
เ อ ็ ม เ อ ็ ม ด ี	M m d
เ อ ็ ม แ อ ล เ อ ส เ อ ส	M l s s
เ ฮ ก แ ซ ม เ ช ี ย ร ์	H e x h a m s h i r e
ฟ อ น	V o n
เ ฮ เ ซ ง ก ้ า	H u i z e n g a
แ ก ง ก า ร ู	K a n g a r o o
แ ก ส เ ก ร น	C a s g r a i n
แ ค ช	C a c h e
แ ค พ ร ี โ อ ้	C a p r i o
แ ค ว ็ ก เ ค ิ น บ ุ ช	Q u a c k e n b u s h
แ ค ห ์ น	C a h n
แ ช น ส ์	C h a n c e
แ ช ร ป เ น ิ ล	S h r a p n e l
แ ช ร ์ แ ป ร ั ล	C h a p a r r a l
แ ช โ ด ว ์	S h a d o w
แ ซ ง แ ต ก ซ ู เ ป ร ี ,	S a i n t - e x u p e r y ,
แ ซ น ท ั ส	X a n t h u s
แ ซ ม ม ี	S a n m y
แ ด ฟ น ี	D a p h n e
แ ท ช ี โ ร ้	T a s c h e r e a u
แ น ช	N a s h e
แ น ห ์ ม	N a h m
แ บ ร ึ ก	B a e r g
แ บ ไ ร ต ส ์	B a r y t e s
แ ป ซ ิ ฟ ิ ก	P a c i f i c
แ ป ร ์ โ ร ,	P e r r a u l t ,
แ พ พ ี โ น ่	P a p i n e a u
แ ฟ ฮ ี	F a h e y
แ ม ม โ บ	M a m b o
แ ม ร ึ ส	M a i r s
เ อ ็ ก ซ ์	X
แ ม แ ล ไ ฮ ด ์	M a l a h i d e
แ ม โ จ โ ล ่	M a g g i o l o
แ ย น ซ ี ย ์	Y a n c e y
แ ย น ต ์	Y a n t
แ ว น ไ ด ค ์	V a n d y k e
แ ว ล ว ่ า	V a l o i s
แ ห ม ่ ม	M a ' a m
แ อ น ไ ฮ ไ ด ร ด ์	A n h y d r i d e
แ อ น ไ ฮ ไ ด ร ต ์	A n h y d r i t e
แ อ ม บ ล ิ โ ก ไ น ต ์	A m b l y g o n i t e
แ อ ล ะ โ ม	A l a m o
แ อ ล โ ล ไ ท ป ์	A l l o t y p e
แ ฮ ฟ ว ิ ก	H a v l i k
แ ฮ โ ล	H a l o w
โ ก เ บ อ แ ล ง	G o b e l i n s
โ ค บ อ ล ต ์ - ๖ ๐	C o b a l t - 6 0
โ ค ล ั ม โ บ	C o l o m b o
โ จ	J o
เ อ ิ ้ น ไ ห ล	E n l a i
โ จ ว ่ า	J o v a
โ จ แ ฮ น เ ซ ิ ่ น	J o h a n n s e n
โ จ แ ฮ น เ ซ ิ ่ น	J o h a n s e n
โ ซ น ั ล	Z o n a l
โ ซ น ่ า	Z o n a
โ ซ ล า	Z o l a
โ ซ ล า ,	Z o l a ,
โ ซ ล า ,	Z o l a ,
โ ด ซ ี เ อ อ ร ์	D o z i e r
โ ด ม ิ โ น	D o n i m o
อ อ น อ เ ร	H o n o r e
โ ด ส	D o s e
โ ต ฟ ุ	T o f u
โ ท แ พ ซ	T o p a z
โ น ว ิ ก	N o v i k
โ น ว ี ่	N o v y
โ น ส	N o c e
โ น ห ์	N o h e
โ บ ก า ร ์ ต	B o g a r t
โ บ ก ี	B o g i e
โ บ ท อ ก ซ ์	B o t o x
โ บ ท า	B o t h a
โ บ ฟ ิ ง เ ง อ ร ์	B o f i n g e r
โ บ ว ั ว ร ์ ,	B e a u v o i r ,
โ บ ส ์ เ ม ิ น	B o z e m a n
โ บ โ ล น ญ า	B o l o g n a
โ ป ร โ ค ฟ ี ฟ ,	P r o k o f i e v
เ ซ ี ย ร ์ เ ก ย ์	, s e r g e i
โ พ ซ ิ ช ั น น ิ ่ ง	P o s i t i o n i n g
โ พ ร ฟ ู โ ม	P r o f u m o
โ พ ล ี ไ ฮ ด ร อ ก ซ ี ว า ล ี เ ล ต	P o l y h y d r o x y v a l e r a t e
โ พ ล ี ไ ฮ ด ร อ ก ซ ี แ อ ล ค า โ น เ อ ต	P o l y h y d r o x y a l k a n o a t e
โ พ ว ี ย ์	P o v e y
โ พ ส ซ ี ่	P o s t s y
โ ฟ ก ั ส	F o c a l
โ ฟ ล เ อ ็ ม	P h l o e m
โ ฟ ล โ ก ไ พ ต ์	P h l o g o p i t e
โ ม ก า ด ิ ส ช ู	M o g a d i s h u
โ ม ค า	M o c h a
โ ม ซ ั ม บ ิ ก	M o z a m b i q u e
โ ม ห ์ ส ์	M o h s
โ ม ห ์ เ ล อ ร ์	M o h l e r
โ ม ฮ อ ก	M o h a w k
โ ย ก ี ่	Y o g i
โ ย ล เ ด ี ย ร ์	Y o l d i a
โ ย ล ์ ก	Y o l k
โ ย ส ต ์	Y o s t
โ ย ฮ ั น	J o h a n
โ ย ฮ ั น น ์	J o h a n n
โ ย โ ค	Y o k o
โ ย โ ย	Y o y o
โ อ ก ู ส ต ์	A u g u s t e
โ ล จ ิ ส ต ิ ก	L o g i s t i c s
โ ล ซ า ด ้ า	L o s a d a
โ ล ซ ี เ อ อ ร ์	L o z i e r
โ ล ว ิ น ส ์	L o v i n s
โ ว ก ต ์	V o g t
โ ว ก ส ์	V o k e s
โ ว ท า ว ่ า	V o t a v a
โ ว ล ด ์	V o l d
โ ว ล ท า ม ิ เ ต อ ร ์	V o l t a m e t e r
โ ว ส ก ู ล	V o s k u i l
โ ว ส ์	V o s e
โ ส ก ร า ต ี ส	S o c r a t e s
โ ส ค ร า	S o c r a
โ ส ร ่ ง	S a r o n g
ย ู จ ี น	E u g e n e
โ อ ค ส ไ ต น ์	H o c h s t e i n
โ อ ค อ ย น ์	A u c o i n
โ อ ล เ บ ิ ร ์ ก	H o l b e r g
โ อ ว ี ย ์	H o v e y
โ อ เ อ ็ ม อ า ร ์	O m r
โ อ โ ซ ไ น เ ซ ช ั น	O z o n i s a t i o n
โ ฮ ก	H o g u e
โ ฮ ก ั น	H o g a n
โ ฮ ก า ร ์ ท	H o g a r t h
โ ฮ ก า ร ์ ท ,	H o g a r t h ,
โ ฮ จ	H o g e
โ ฮ ว ิ ่ ง	H o v i n g
โ ฮ ส	H o s t
ไ จ บ ์	G y b e
ไ จ ล ึ ส	G y l e s
ไ ช ค อ ฟ ส ก ี ้	C z a j k o w s k i
ไ ซ	X i
ไ ด	D i
ไ ด ก ์ ส ต ร า	D y k s t r a
ไ ด น า โ ม	D y n a m o
ไ ด พ ์ เ ท อ แ ร น	D i p t e r a n s
ไ ด อ ะ แ ฟ ร ม	D i a p h r a g m
ไ ด แ อ ด ิ ก	D y a d i c
ไ ด โ ค ต ิ ก	D i c h o t i c
ไ ด โ ม ส	D i m o s
ไ ด โ อ ด	D i o d e
ไ ด โ อ แ ฟ น ท ั ส	D i o p h a n t u s
ไ ด โ อ แ ฟ น ไ ท น ์	D i o p h a n t i n e
ไ ต ร เ ซ บ	T r i c e p s
ไ ต ้ ฝ ุ ่ น	T y p h o o n
ไ ท ก ์	T i g h e
ไ ท ฟ อ ย ด ์	T y p h o i d
ไ ท ย แ ล น ด ์	T h a i l a n d
ไ ท แ ท ร น ต ์	T i t r a n t
ไ ท โ ซ โ ท ร พ ี	T h i x o t r o p y
ไ น ค ว ิ ส ต ์	N y q u i s t
ไ น ล ์	N i a l l
ไ น แ อ ส	N i a s
ไ น โ ต ร ก ล ี เ ซ อ ร ิ น	N i t r o g l y c e r i n e
ไ น โ ต ร จ ิ น ั ส	N i t r o g e n o u s
ไ น โ ต ร ฟ ี น อ ล	N i t r o p h e n o l s
ไ น โ ต ร แ บ ค เ ท อ ร ์	N i t r o b a c t e r
ไ น โ ต ร โ ซ โ ม น ั ส	N i t r o s o m o n a s
ไ บ	B i
ไ บ บ อ ร ์	B i b o r
ไ บ บ ี ้	B y b e e
ไ บ ร โ อ โ ล ย ี	B r y o l o g y
ไ บ ล	B l i g h
ไ บ อ ุ	B a i - u
ไ บ แ อ ส	B i a s
ไ ป ร อ า	P r a i a
ไ พ ไ ร ต ์	P y r i t e
ไ ฟ	F i
ไ ฟ จ ี ่	F y g i
ไ ฟ ฟ ์	F y f e
ไ ฟ เ ฟ อ ร ์	P f e i f f e r
ไ ฟ เ ล อ ร ์	P f e i l e r
ไ ฟ แ น น ซ ์	F i n a n c e
ฟ อ น	V o n
ไ ว ช	W y c h e
ไ ว ไ ฟ	W i - f i
ไ อ ศ ก ร ี ม	I c e - c r e a m
ไ ฮ	H i
ไ ฮ จ ี น	H y g e n e
ไ ฮ บ ร ิ ด	H y b i r d
ไ ฮ บ ร ิ ไ ด เ ซ ช ั น	H y b r i d i s a t i o n
ไ ฮ แ จ ็ ก	H i j a c k
ไ ฮ แ ด ร น เ ย ี ย	H y d r a n g e a s
ไ ฮ แ ล น เ ด อ ร ์	H y l a n d e r
ค ุ โ ร ช ิ โ ว ะ	K u r o ◊ S i w o
จ ี ท ู จ ี	G ◊ T o ◊ G
ท อ ม ส ั น , ◊ ว ิ ล เ ล ี ย ม ◊ ( ล อ ร ์ ด เ ด ล ว ิ น )	T h o m s o n , ◊ W i l l i a m ◊ ( l o r d ◊ D e l v i n )
ท อ ล ์ ก อ อ ฟ เ ด อ ะ ท า ว น ์	T a l k ◊ O f ◊ T h e ◊ T o w n
ม า ร ์ บ ะ ล า ช	M a r b l e ◊ A r c h
ล อ ว ์ เ ร น ซ ์ , ◊ ( อ อ ฟ อ า ร ะ เ บ ี ย ) ◊ ท อ ม ั ส ◊ อ ี .	L a w r e n c e , ◊ ( o f ◊ A r a b i a ) ◊ T h o m a s ◊ E .
ศ ร ี ล ั ง ก า	S r i ◊ L a n k a
ส เ ป ส ซ ิ ่ ง ล า ย น ์	S p a c i n g ◊ L i n e s
อ อ น เ ด อ ะ ร ็ อ ก	O n ◊ T h e ◊ R o c k s
อ ั ล ก อ อ ิ ด ะ	A l ◊ Q u e i d a
อ ั ล ต ร า ไ ฮ ฟ ร ิ เ ค ว น ซ ี	U l t r a - h i g h ◊ F r e q u e n c y
อ า ย แ ช โ ด ว ์	E y e ◊ S h a d o w
ฮ อ ร ์ ส ล ะ ต ิ จ ู ด	H o r s e ◊ L a t i t u d e s
เ ซ ล ล ์ ค อ ร ์ ก	C o r k ◊ C e l l
เ ซ ล ล ์ แ พ ล ิ เ ซ ด	P a l i s a d e ◊ C e l l
เ น ก ไ ท	N e c k ◊ T i e
เ ฟ ล อ ร ์ ◊ เ ด อ ล ี ส ์	F l e u r - d e - l i s
เ ว ร ี ่ ไ ฮ ฟ ร ิ เ ค ว น ซ ี	V e r y ◊ H i g h ◊ F r e q u e n c y
เ อ ล น ี โ ญ	E l ◊ N i n o
แ ซ บ แ ฟ ล บ	Z a p ◊ F l a p
โ ค บ ิ ม , ◊ อ ั น โ ต เ น ี ย ว ◊ ก า ร ์ โ ล ส	J o b i m , . a n t o n i o ◊ C a r l o s
โ บ ท ู ล ิ น ั ม ท อ ก ซ ิ น	B o t u l i n u m ◊ T o x i n
โ ป แ ต ส เ ซ ี ย ม เ ป อ ร ์ แ ม ง ก า เ น ต	P o t a s s i u m ◊ P e r m a n g a n a t e
โ อ ม ช ิ น ร ิ เ ค ี ย ว	A u m ◊ S h i n r i k y o
โ ฮ จ ิ ม ิ น ห ์	H o ◊ C h i ◊ M i n h
ไ น โ ต ร เ จ น อ อ ก ไ ซ ด ์	N i t r o g e n ◊ O x i d e
ไ น โ ต ร เ จ น ไ ด อ อ ก ไ ซ ด ์	N i t r o g e n ◊ D i o x i d e
